# gmm-acc-stats-ali exp/tri2b/27.mdl "ark,s,cs:apply-cmvn  --utt2spk=ark:audio/train/split3/3/utt2spk scp:audio/train/split3/3/cmvn.scp scp:audio/train/split3/3/feats.scp ark:- | splice-feats --left-context=3 --right-context=3 ark:- ark:- | transform-feats exp/tri2b/12.mat ark:- ark:- |" "ark,s,cs:gunzip -c exp/tri2b/ali.3.gz|" exp/tri2b/27.3.acc 
# Started at Sat Mar 11 04:51:28 CST 2017
#
gmm-acc-stats-ali exp/tri2b/27.mdl 'ark,s,cs:apply-cmvn  --utt2spk=ark:audio/train/split3/3/utt2spk scp:audio/train/split3/3/cmvn.scp scp:audio/train/split3/3/feats.scp ark:- | splice-feats --left-context=3 --right-context=3 ark:- ark:- | transform-feats exp/tri2b/12.mat ark:- ark:- |' 'ark,s,cs:gunzip -c exp/tri2b/ali.3.gz|' exp/tri2b/27.3.acc 
splice-feats --left-context=3 --right-context=3 ark:- ark:- 
apply-cmvn --utt2spk=ark:audio/train/split3/3/utt2spk scp:audio/train/split3/3/cmvn.scp scp:audio/train/split3/3/feats.scp ark:- 
transform-feats exp/tri2b/12.mat ark:- ark:- 
LOG (gmm-acc-stats-ali:main():gmm-acc-stats-ali.cc:105) Processed 50 utterances; for utterance p304_070 avg. like is -31.8769 over 297 frames.
LOG (gmm-acc-stats-ali:main():gmm-acc-stats-ali.cc:105) Processed 100 utterances; for utterance p304_130 avg. like is -36.3109 over 284 frames.
LOG (gmm-acc-stats-ali:main():gmm-acc-stats-ali.cc:105) Processed 150 utterances; for utterance p304_191 avg. like is -36.96 over 370 frames.
LOG (gmm-acc-stats-ali:main():gmm-acc-stats-ali.cc:105) Processed 200 utterances; for utterance p304_253 avg. like is -37.1155 over 280 frames.
LOG (gmm-acc-stats-ali:main():gmm-acc-stats-ali.cc:105) Processed 250 utterances; for utterance p304_315 avg. like is -38.3972 over 276 frames.
LOG (gmm-acc-stats-ali:main():gmm-acc-stats-ali.cc:105) Processed 300 utterances; for utterance p304_376 avg. like is -34.2342 over 284 frames.
LOG (gmm-acc-stats-ali:main():gmm-acc-stats-ali.cc:105) Processed 350 utterances; for utterance p305_014 avg. like is -46.6407 over 425 frames.
LOG (gmm-acc-stats-ali:main():gmm-acc-stats-ali.cc:105) Processed 400 utterances; for utterance p305_078 avg. like is -44.8236 over 271 frames.
LOG (gmm-acc-stats-ali:main():gmm-acc-stats-ali.cc:105) Processed 450 utterances; for utterance p305_145 avg. like is -45.2308 over 378 frames.
LOG (gmm-acc-stats-ali:main():gmm-acc-stats-ali.cc:105) Processed 500 utterances; for utterance p305_209 avg. like is -43.2736 over 284 frames.
LOG (gmm-acc-stats-ali:main():gmm-acc-stats-ali.cc:105) Processed 550 utterances; for utterance p305_271 avg. like is -50.2241 over 250 frames.
LOG (gmm-acc-stats-ali:main():gmm-acc-stats-ali.cc:105) Processed 600 utterances; for utterance p305_330 avg. like is -44.0486 over 421 frames.
LOG (gmm-acc-stats-ali:main():gmm-acc-stats-ali.cc:105) Processed 650 utterances; for utterance p305_390 avg. like is -43.9416 over 386 frames.
LOG (gmm-acc-stats-ali:main():gmm-acc-stats-ali.cc:105) Processed 700 utterances; for utterance p306_035 avg. like is -39.2653 over 523 frames.
LOG (gmm-acc-stats-ali:main():gmm-acc-stats-ali.cc:105) Processed 750 utterances; for utterance p306_093 avg. like is -36.8166 over 442 frames.
WARNING (gmm-acc-stats-ali:main():gmm-acc-stats-ali.cc:79) No alignment for utterance p306_140
WARNING (gmm-acc-stats-ali:main():gmm-acc-stats-ali.cc:79) No alignment for utterance p306_148
WARNING (gmm-acc-stats-ali:main():gmm-acc-stats-ali.cc:79) No alignment for utterance p306_151
LOG (gmm-acc-stats-ali:main():gmm-acc-stats-ali.cc:105) Processed 800 utterances; for utterance p306_154 avg. like is -36.3023 over 451 frames.
LOG (gmm-acc-stats-ali:main():gmm-acc-stats-ali.cc:105) Processed 850 utterances; for utterance p306_219 avg. like is -35.8736 over 489 frames.
WARNING (gmm-acc-stats-ali:main():gmm-acc-stats-ali.cc:79) No alignment for utterance p306_235
LOG (gmm-acc-stats-ali:main():gmm-acc-stats-ali.cc:105) Processed 900 utterances; for utterance p306_287 avg. like is -36.0891 over 655 frames.
LOG (gmm-acc-stats-ali:main():gmm-acc-stats-ali.cc:105) Processed 950 utterances; for utterance p306_351 avg. like is -30.2459 over 715 frames.
LOG (gmm-acc-stats-ali:main():gmm-acc-stats-ali.cc:105) Processed 1000 utterances; for utterance p307_060 avg. like is -31.2314 over 557 frames.
LOG (gmm-acc-stats-ali:main():gmm-acc-stats-ali.cc:105) Processed 1050 utterances; for utterance p307_121 avg. like is -33.0901 over 617 frames.
LOG (gmm-acc-stats-ali:main():gmm-acc-stats-ali.cc:105) Processed 1100 utterances; for utterance p307_179 avg. like is -30.7377 over 459 frames.
LOG (gmm-acc-stats-ali:main():gmm-acc-stats-ali.cc:105) Processed 1150 utterances; for utterance p307_243 avg. like is -33.1664 over 425 frames.
LOG (gmm-acc-stats-ali:main():gmm-acc-stats-ali.cc:105) Processed 1200 utterances; for utterance p307_305 avg. like is -25.5807 over 600 frames.
LOG (gmm-acc-stats-ali:main():gmm-acc-stats-ali.cc:105) Processed 1250 utterances; for utterance p307_370 avg. like is -38.6864 over 553 frames.
LOG (gmm-acc-stats-ali:main():gmm-acc-stats-ali.cc:105) Processed 1300 utterances; for utterance p308_012 avg. like is -38.2884 over 472 frames.
LOG (gmm-acc-stats-ali:main():gmm-acc-stats-ali.cc:105) Processed 1350 utterances; for utterance p308_076 avg. like is -35.5763 over 276 frames.
LOG (gmm-acc-stats-ali:main():gmm-acc-stats-ali.cc:105) Processed 1400 utterances; for utterance p308_135 avg. like is -33.5521 over 434 frames.
LOG (gmm-acc-stats-ali:main():gmm-acc-stats-ali.cc:105) Processed 1450 utterances; for utterance p308_201 avg. like is -34.7056 over 463 frames.
LOG (gmm-acc-stats-ali:main():gmm-acc-stats-ali.cc:105) Processed 1500 utterances; for utterance p308_265 avg. like is -36.1605 over 378 frames.
LOG (gmm-acc-stats-ali:main():gmm-acc-stats-ali.cc:105) Processed 1550 utterances; for utterance p308_328 avg. like is -41.2983 over 527 frames.
LOG (gmm-acc-stats-ali:main():gmm-acc-stats-ali.cc:105) Processed 1600 utterances; for utterance p308_391 avg. like is -26.4914 over 348 frames.
LOG (gmm-acc-stats-ali:main():gmm-acc-stats-ali.cc:105) Processed 1650 utterances; for utterance p310_026 avg. like is -42.7461 over 297 frames.
LOG (gmm-acc-stats-ali:main():gmm-acc-stats-ali.cc:105) Processed 1700 utterances; for utterance p310_089 avg. like is -41.2059 over 344 frames.
LOG (gmm-acc-stats-ali:main():gmm-acc-stats-ali.cc:105) Processed 1750 utterances; for utterance p310_150 avg. like is -36.9209 over 408 frames.
LOG (gmm-acc-stats-ali:main():gmm-acc-stats-ali.cc:105) Processed 1800 utterances; for utterance p310_215 avg. like is -37.7273 over 575 frames.
LOG (gmm-acc-stats-ali:main():gmm-acc-stats-ali.cc:105) Processed 1850 utterances; for utterance p310_275 avg. like is -38.7673 over 378 frames.
LOG (gmm-acc-stats-ali:main():gmm-acc-stats-ali.cc:105) Processed 1900 utterances; for utterance p310_342 avg. like is -38.9339 over 464 frames.
LOG (gmm-acc-stats-ali:main():gmm-acc-stats-ali.cc:105) Processed 1950 utterances; for utterance p310_403 avg. like is -42.6065 over 408 frames.
LOG (gmm-acc-stats-ali:main():gmm-acc-stats-ali.cc:105) Processed 2000 utterances; for utterance p311_036 avg. like is -41.3884 over 361 frames.
LOG (gmm-acc-stats-ali:main():gmm-acc-stats-ali.cc:105) Processed 2050 utterances; for utterance p311_092 avg. like is -38.3069 over 276 frames.
LOG (gmm-acc-stats-ali:main():gmm-acc-stats-ali.cc:105) Processed 2100 utterances; for utterance p311_153 avg. like is -38.6728 over 395 frames.
LOG (gmm-acc-stats-ali:main():gmm-acc-stats-ali.cc:105) Processed 2150 utterances; for utterance p311_210 avg. like is -41.0118 over 310 frames.
LOG (gmm-acc-stats-ali:main():gmm-acc-stats-ali.cc:105) Processed 2200 utterances; for utterance p311_275 avg. like is -31.6247 over 263 frames.
LOG (gmm-acc-stats-ali:main():gmm-acc-stats-ali.cc:105) Processed 2250 utterances; for utterance p311_351 avg. like is -41.9749 over 327 frames.
LOG (gmm-acc-stats-ali:main():gmm-acc-stats-ali.cc:105) Processed 2300 utterances; for utterance p311_416 avg. like is -42.5845 over 280 frames.
LOG (gmm-acc-stats-ali:main():gmm-acc-stats-ali.cc:105) Processed 2350 utterances; for utterance p312_063 avg. like is -33.9287 over 241 frames.
LOG (gmm-acc-stats-ali:main():gmm-acc-stats-ali.cc:105) Processed 2400 utterances; for utterance p312_123 avg. like is -40.3992 over 370 frames.
LOG (gmm-acc-stats-ali:main():gmm-acc-stats-ali.cc:105) Processed 2450 utterances; for utterance p312_182 avg. like is -35.7012 over 301 frames.
LOG (gmm-acc-stats-ali:main():gmm-acc-stats-ali.cc:105) Processed 2500 utterances; for utterance p312_247 avg. like is -33.1974 over 216 frames.
LOG (gmm-acc-stats-ali:main():gmm-acc-stats-ali.cc:105) Processed 2550 utterances; for utterance p312_311 avg. like is -38.32 over 293 frames.
LOG (gmm-acc-stats-ali:main():gmm-acc-stats-ali.cc:105) Processed 2600 utterances; for utterance p312_375 avg. like is -33.5782 over 259 frames.
LOG (gmm-acc-stats-ali:main():gmm-acc-stats-ali.cc:105) Processed 2650 utterances; for utterance p313_013 avg. like is -34.7076 over 732 frames.
LOG (gmm-acc-stats-ali:main():gmm-acc-stats-ali.cc:105) Processed 2700 utterances; for utterance p313_072 avg. like is -33.661 over 404 frames.
LOG (gmm-acc-stats-ali:main():gmm-acc-stats-ali.cc:105) Processed 2750 utterances; for utterance p313_137 avg. like is -36.1471 over 519 frames.
LOG (gmm-acc-stats-ali:main():gmm-acc-stats-ali.cc:105) Processed 2800 utterances; for utterance p313_201 avg. like is -44.1908 over 370 frames.
LOG (gmm-acc-stats-ali:main():gmm-acc-stats-ali.cc:105) Processed 2850 utterances; for utterance p313_263 avg. like is -34.2021 over 212 frames.
LOG (gmm-acc-stats-ali:main():gmm-acc-stats-ali.cc:105) Processed 2900 utterances; for utterance p313_328 avg. like is -40.2113 over 327 frames.
LOG (gmm-acc-stats-ali:main():gmm-acc-stats-ali.cc:105) Processed 2950 utterances; for utterance p313_395 avg. like is -39.5011 over 310 frames.
LOG (gmm-acc-stats-ali:main():gmm-acc-stats-ali.cc:105) Processed 3000 utterances; for utterance p314_031 avg. like is -32.9941 over 310 frames.
LOG (gmm-acc-stats-ali:main():gmm-acc-stats-ali.cc:105) Processed 3050 utterances; for utterance p314_091 avg. like is -32.5859 over 361 frames.
LOG (gmm-acc-stats-ali:main():gmm-acc-stats-ali.cc:105) Processed 3100 utterances; for utterance p314_152 avg. like is -35.0731 over 369 frames.
LOG (gmm-acc-stats-ali:main():gmm-acc-stats-ali.cc:105) Processed 3150 utterances; for utterance p314_216 avg. like is -36.6267 over 246 frames.
LOG (gmm-acc-stats-ali:main():gmm-acc-stats-ali.cc:105) Processed 3200 utterances; for utterance p314_281 avg. like is -37.9144 over 301 frames.
LOG (gmm-acc-stats-ali:main():gmm-acc-stats-ali.cc:105) Processed 3250 utterances; for utterance p314_345 avg. like is -38.654 over 327 frames.
LOG (gmm-acc-stats-ali:main():gmm-acc-stats-ali.cc:105) Processed 3300 utterances; for utterance p314_403 avg. like is -39.5094 over 352 frames.
LOG (gmm-acc-stats-ali:main():gmm-acc-stats-ali.cc:105) Processed 3350 utterances; for utterance p316_048 avg. like is -34.144 over 327 frames.
LOG (gmm-acc-stats-ali:main():gmm-acc-stats-ali.cc:105) Processed 3400 utterances; for utterance p316_105 avg. like is -38.9296 over 408 frames.
LOG (gmm-acc-stats-ali:main():gmm-acc-stats-ali.cc:105) Processed 3450 utterances; for utterance p316_169 avg. like is -42.3164 over 293 frames.
LOG (gmm-acc-stats-ali:main():gmm-acc-stats-ali.cc:105) Processed 3500 utterances; for utterance p316_238 avg. like is -36.8147 over 318 frames.
LOG (gmm-acc-stats-ali:main():gmm-acc-stats-ali.cc:105) Processed 3550 utterances; for utterance p316_296 avg. like is -35.6461 over 416 frames.
LOG (gmm-acc-stats-ali:main():gmm-acc-stats-ali.cc:105) Processed 3600 utterances; for utterance p316_357 avg. like is -34.7025 over 344 frames.
LOG (gmm-acc-stats-ali:main():gmm-acc-stats-ali.cc:105) Processed 3650 utterances; for utterance p317_002 avg. like is -47.8281 over 327 frames.
LOG (gmm-acc-stats-ali:main():gmm-acc-stats-ali.cc:105) Processed 3700 utterances; for utterance p317_063 avg. like is -43.4797 over 382 frames.
LOG (gmm-acc-stats-ali:main():gmm-acc-stats-ali.cc:105) Processed 3750 utterances; for utterance p317_130 avg. like is -43.0911 over 391 frames.
LOG (gmm-acc-stats-ali:main():gmm-acc-stats-ali.cc:105) Processed 3800 utterances; for utterance p317_190 avg. like is -46.5488 over 246 frames.
LOG (gmm-acc-stats-ali:main():gmm-acc-stats-ali.cc:105) Processed 3850 utterances; for utterance p317_253 avg. like is -40.9662 over 288 frames.
LOG (gmm-acc-stats-ali:main():gmm-acc-stats-ali.cc:105) Processed 3900 utterances; for utterance p317_317 avg. like is -42.2454 over 246 frames.
LOG (gmm-acc-stats-ali:main():gmm-acc-stats-ali.cc:105) Processed 3950 utterances; for utterance p317_379 avg. like is -38.3415 over 250 frames.
WARNING (gmm-acc-stats-ali:main():gmm-acc-stats-ali.cc:79) No alignment for utterance p317_424
LOG (gmm-acc-stats-ali:main():gmm-acc-stats-ali.cc:105) Processed 4000 utterances; for utterance p318_019 avg. like is -41.6598 over 813 frames.
LOG (gmm-acc-stats-ali:main():gmm-acc-stats-ali.cc:105) Processed 4050 utterances; for utterance p318_085 avg. like is -38.0211 over 344 frames.
LOG (gmm-acc-stats-ali:main():gmm-acc-stats-ali.cc:105) Processed 4100 utterances; for utterance p318_142 avg. like is -36.6494 over 276 frames.
LOG (gmm-acc-stats-ali:main():gmm-acc-stats-ali.cc:105) Processed 4150 utterances; for utterance p318_215 avg. like is -36.6504 over 425 frames.
LOG (gmm-acc-stats-ali:main():gmm-acc-stats-ali.cc:105) Processed 4200 utterances; for utterance p318_276 avg. like is -39.0844 over 403 frames.
LOG (gmm-acc-stats-ali:main():gmm-acc-stats-ali.cc:105) Processed 4250 utterances; for utterance p318_334 avg. like is -41.1481 over 327 frames.
LOG (gmm-acc-stats-ali:main():gmm-acc-stats-ali.cc:105) Processed 4300 utterances; for utterance p318_395 avg. like is -37.46 over 408 frames.
LOG (gmm-acc-stats-ali:main():gmm-acc-stats-ali.cc:105) Processed 4350 utterances; for utterance p323_034 avg. like is -48.4936 over 497 frames.
LOG (gmm-acc-stats-ali:main():gmm-acc-stats-ali.cc:105) Processed 4400 utterances; for utterance p323_100 avg. like is -42.3551 over 378 frames.
LOG (gmm-acc-stats-ali:main():gmm-acc-stats-ali.cc:105) Processed 4450 utterances; for utterance p323_161 avg. like is -46.1548 over 335 frames.
LOG (gmm-acc-stats-ali:main():gmm-acc-stats-ali.cc:105) Processed 4500 utterances; for utterance p323_228 avg. like is -42.7804 over 322 frames.
LOG (gmm-acc-stats-ali:main():gmm-acc-stats-ali.cc:105) Processed 4550 utterances; for utterance p323_287 avg. like is -42.0585 over 297 frames.
LOG (gmm-acc-stats-ali:main():gmm-acc-stats-ali.cc:105) Processed 4600 utterances; for utterance p323_349 avg. like is -44.2246 over 318 frames.
LOG (gmm-acc-stats-ali:main():gmm-acc-stats-ali.cc:105) Processed 4650 utterances; for utterance p323_409 avg. like is -44.6764 over 438 frames.
WARNING (gmm-acc-stats-ali:main():gmm-acc-stats-ali.cc:79) No alignment for utterance p323_424
LOG (gmm-acc-stats-ali:main():gmm-acc-stats-ali.cc:105) Processed 4700 utterances; for utterance p326_050 avg. like is -30.2571 over 403 frames.
LOG (gmm-acc-stats-ali:main():gmm-acc-stats-ali.cc:105) Processed 4750 utterances; for utterance p326_110 avg. like is -41.7305 over 241 frames.
LOG (gmm-acc-stats-ali:main():gmm-acc-stats-ali.cc:105) Processed 4800 utterances; for utterance p326_170 avg. like is -33.4951 over 391 frames.
LOG (gmm-acc-stats-ali:main():gmm-acc-stats-ali.cc:105) Processed 4850 utterances; for utterance p326_236 avg. like is -38.0939 over 310 frames.
LOG (gmm-acc-stats-ali:main():gmm-acc-stats-ali.cc:105) Processed 4900 utterances; for utterance p326_297 avg. like is -37.0553 over 258 frames.
LOG (gmm-acc-stats-ali:main():gmm-acc-stats-ali.cc:105) Processed 4950 utterances; for utterance p326_360 avg. like is -38.0739 over 391 frames.
LOG (gmm-acc-stats-ali:main():gmm-acc-stats-ali.cc:105) Processed 5000 utterances; for utterance p329_024 avg. like is -38.7505 over 920 frames.
LOG (gmm-acc-stats-ali:main():gmm-acc-stats-ali.cc:105) Processed 5050 utterances; for utterance p329_094 avg. like is -36.3943 over 378 frames.
LOG (gmm-acc-stats-ali:main():gmm-acc-stats-ali.cc:105) Processed 5100 utterances; for utterance p329_152 avg. like is -35.1278 over 318 frames.
LOG (gmm-acc-stats-ali:main():gmm-acc-stats-ali.cc:105) Processed 5150 utterances; for utterance p329_211 avg. like is -36.6744 over 353 frames.
LOG (gmm-acc-stats-ali:main():gmm-acc-stats-ali.cc:105) Processed 5200 utterances; for utterance p329_279 avg. like is -32.4735 over 306 frames.
LOG (gmm-acc-stats-ali:main():gmm-acc-stats-ali.cc:105) Processed 5250 utterances; for utterance p329_341 avg. like is -32.4537 over 246 frames.
LOG (gmm-acc-stats-ali:main():gmm-acc-stats-ali.cc:105) Processed 5300 utterances; for utterance p329_403 avg. like is -32.3629 over 250 frames.
LOG (gmm-acc-stats-ali:main():gmm-acc-stats-ali.cc:105) Processed 5350 utterances; for utterance p330_042 avg. like is -34.9326 over 369 frames.
LOG (gmm-acc-stats-ali:main():gmm-acc-stats-ali.cc:105) Processed 5400 utterances; for utterance p330_108 avg. like is -37.1069 over 455 frames.
LOG (gmm-acc-stats-ali:main():gmm-acc-stats-ali.cc:105) Processed 5450 utterances; for utterance p330_164 avg. like is -33.1977 over 485 frames.
LOG (gmm-acc-stats-ali:main():gmm-acc-stats-ali.cc:105) Processed 5500 utterances; for utterance p330_223 avg. like is -37.1325 over 310 frames.
LOG (gmm-acc-stats-ali:main():gmm-acc-stats-ali.cc:105) Processed 5550 utterances; for utterance p330_294 avg. like is -39.6637 over 344 frames.
LOG (gmm-acc-stats-ali:main():gmm-acc-stats-ali.cc:105) Processed 5600 utterances; for utterance p330_350 avg. like is -38.0176 over 421 frames.
LOG (gmm-acc-stats-ali:main():gmm-acc-stats-ali.cc:105) Processed 5650 utterances; for utterance p330_413 avg. like is -36.008 over 323 frames.
WARNING (gmm-acc-stats-ali:main():gmm-acc-stats-ali.cc:79) No alignment for utterance p330_424
LOG (gmm-acc-stats-ali:main():gmm-acc-stats-ali.cc:105) Processed 5700 utterances; for utterance p333_062 avg. like is -42.3845 over 233 frames.
LOG (gmm-acc-stats-ali:main():gmm-acc-stats-ali.cc:105) Processed 5750 utterances; for utterance p333_120 avg. like is -41.1538 over 305 frames.
LOG (gmm-acc-stats-ali:main():gmm-acc-stats-ali.cc:105) Processed 5800 utterances; for utterance p333_187 avg. like is -44.1411 over 305 frames.
LOG (gmm-acc-stats-ali:main():gmm-acc-stats-ali.cc:105) Processed 5850 utterances; for utterance p333_254 avg. like is -44.1155 over 348 frames.
LOG (gmm-acc-stats-ali:main():gmm-acc-stats-ali.cc:105) Processed 5900 utterances; for utterance p333_316 avg. like is -46.2528 over 395 frames.
LOG (gmm-acc-stats-ali:main():gmm-acc-stats-ali.cc:105) Processed 5950 utterances; for utterance p333_376 avg. like is -36.2691 over 216 frames.
LOG (gmm-acc-stats-ali:main():gmm-acc-stats-ali.cc:105) Processed 6000 utterances; for utterance p334_008 avg. like is -40.1216 over 766 frames.
LOG (gmm-acc-stats-ali:main():gmm-acc-stats-ali.cc:105) Processed 6050 utterances; for utterance p334_073 avg. like is -41.981 over 250 frames.
LOG (gmm-acc-stats-ali:main():gmm-acc-stats-ali.cc:105) Processed 6100 utterances; for utterance p334_130 avg. like is -35.2755 over 323 frames.
LOG (gmm-acc-stats-ali:main():gmm-acc-stats-ali.cc:105) Processed 6150 utterances; for utterance p334_190 avg. like is -38.6827 over 250 frames.
LOG (gmm-acc-stats-ali:main():gmm-acc-stats-ali.cc:105) Processed 6200 utterances; for utterance p334_256 avg. like is -37.824 over 293 frames.
LOG (gmm-acc-stats-ali:main():gmm-acc-stats-ali.cc:105) Processed 6250 utterances; for utterance p334_317 avg. like is -37.75 over 250 frames.
LOG (gmm-acc-stats-ali:main():gmm-acc-stats-ali.cc:105) Processed 6300 utterances; for utterance p334_384 avg. like is -40.5217 over 293 frames.
LOG (gmm-acc-stats-ali:main():gmm-acc-stats-ali.cc:105) Processed 6350 utterances; for utterance p335_027 avg. like is -39.5017 over 301 frames.
LOG (gmm-acc-stats-ali:main():gmm-acc-stats-ali.cc:105) Processed 6400 utterances; for utterance p335_086 avg. like is -36.7831 over 314 frames.
LOG (gmm-acc-stats-ali:main():gmm-acc-stats-ali.cc:105) Processed 6450 utterances; for utterance p335_148 avg. like is -39.5807 over 434 frames.
LOG (gmm-acc-stats-ali:main():gmm-acc-stats-ali.cc:105) Processed 6500 utterances; for utterance p335_211 avg. like is -38.9308 over 297 frames.
LOG (gmm-acc-stats-ali:main():gmm-acc-stats-ali.cc:105) Processed 6550 utterances; for utterance p335_270 avg. like is -38.762 over 506 frames.
LOG (gmm-acc-stats-ali:main():gmm-acc-stats-ali.cc:105) Processed 6600 utterances; for utterance p335_333 avg. like is -40.5057 over 442 frames.
LOG (gmm-acc-stats-ali:main():gmm-acc-stats-ali.cc:105) Processed 6650 utterances; for utterance p335_399 avg. like is -36.0013 over 647 frames.
LOG (gmm-acc-stats-ali:main():gmm-acc-stats-ali.cc:105) Processed 6700 utterances; for utterance p336_040 avg. like is -37.2089 over 314 frames.
LOG (gmm-acc-stats-ali:main():gmm-acc-stats-ali.cc:105) Processed 6750 utterances; for utterance p336_104 avg. like is -38.6776 over 225 frames.
LOG (gmm-acc-stats-ali:main():gmm-acc-stats-ali.cc:105) Processed 6800 utterances; for utterance p336_169 avg. like is -39.2484 over 259 frames.
LOG (gmm-acc-stats-ali:main():gmm-acc-stats-ali.cc:105) Processed 6850 utterances; for utterance p336_227 avg. like is -38.4359 over 211 frames.
LOG (gmm-acc-stats-ali:main():gmm-acc-stats-ali.cc:105) Processed 6900 utterances; for utterance p336_292 avg. like is -39.763 over 182 frames.
LOG (gmm-acc-stats-ali:main():gmm-acc-stats-ali.cc:105) Processed 6950 utterances; for utterance p336_355 avg. like is -42.5676 over 237 frames.
LOG (gmm-acc-stats-ali:main():gmm-acc-stats-ali.cc:105) Processed 7000 utterances; for utterance p336_421 avg. like is -43.1708 over 220 frames.
LOG (gmm-acc-stats-ali:main():gmm-acc-stats-ali.cc:105) Processed 7050 utterances; for utterance p339_057 avg. like is -39.9472 over 263 frames.
LOG (gmm-acc-stats-ali:main():gmm-acc-stats-ali.cc:105) Processed 7100 utterances; for utterance p339_123 avg. like is -33.7377 over 344 frames.
LOG (gmm-acc-stats-ali:main():gmm-acc-stats-ali.cc:105) Processed 7150 utterances; for utterance p339_185 avg. like is -36.579 over 369 frames.
LOG (gmm-acc-stats-ali:main():gmm-acc-stats-ali.cc:105) Processed 7200 utterances; for utterance p339_254 avg. like is -35.9123 over 305 frames.
LOG (gmm-acc-stats-ali:main():gmm-acc-stats-ali.cc:105) Processed 7250 utterances; for utterance p339_316 avg. like is -38.1381 over 258 frames.
LOG (gmm-acc-stats-ali:main():gmm-acc-stats-ali.cc:105) Processed 7300 utterances; for utterance p339_376 avg. like is -36.6297 over 220 frames.
LOG (gmm-acc-stats-ali:main():gmm-acc-stats-ali.cc:105) Processed 7350 utterances; for utterance p340_009 avg. like is -42.4681 over 519 frames.
LOG (gmm-acc-stats-ali:main():gmm-acc-stats-ali.cc:105) Processed 7400 utterances; for utterance p340_069 avg. like is -37.8561 over 195 frames.
LOG (gmm-acc-stats-ali:main():gmm-acc-stats-ali.cc:105) Processed 7450 utterances; for utterance p340_127 avg. like is -36.7055 over 203 frames.
LOG (gmm-acc-stats-ali:main():gmm-acc-stats-ali.cc:105) Processed 7500 utterances; for utterance p340_192 avg. like is -38.4797 over 177 frames.
LOG (gmm-acc-stats-ali:main():gmm-acc-stats-ali.cc:105) Processed 7550 utterances; for utterance p340_257 avg. like is -40.9675 over 212 frames.
LOG (gmm-acc-stats-ali:main():gmm-acc-stats-ali.cc:105) Processed 7600 utterances; for utterance p340_321 avg. like is -36.994 over 310 frames.
LOG (gmm-acc-stats-ali:main():gmm-acc-stats-ali.cc:105) Processed 7650 utterances; for utterance p340_391 avg. like is -34.4519 over 199 frames.
LOG (gmm-acc-stats-ali:main():gmm-acc-stats-ali.cc:105) Processed 7700 utterances; for utterance p341_024 avg. like is -34.9769 over 967 frames.
LOG (gmm-acc-stats-ali:main():gmm-acc-stats-ali.cc:105) Processed 7750 utterances; for utterance p341_088 avg. like is -35.0689 over 374 frames.
LOG (gmm-acc-stats-ali:main():gmm-acc-stats-ali.cc:105) Processed 7800 utterances; for utterance p341_147 avg. like is -35.6538 over 391 frames.
LOG (gmm-acc-stats-ali:main():gmm-acc-stats-ali.cc:105) Processed 7850 utterances; for utterance p341_213 avg. like is -31.0434 over 288 frames.
LOG (gmm-acc-stats-ali:main():gmm-acc-stats-ali.cc:105) Processed 7900 utterances; for utterance p341_279 avg. like is -38.0234 over 404 frames.
LOG (gmm-acc-stats-ali:main():gmm-acc-stats-ali.cc:105) Processed 7950 utterances; for utterance p341_336 avg. like is -36.8492 over 425 frames.
LOG (gmm-acc-stats-ali:main():gmm-acc-stats-ali.cc:105) Processed 8000 utterances; for utterance p341_404 avg. like is -32.2924 over 442 frames.
LOG (gmm-acc-stats-ali:main():gmm-acc-stats-ali.cc:105) Processed 8050 utterances; for utterance p343_063 avg. like is -32.826 over 259 frames.
LOG (gmm-acc-stats-ali:main():gmm-acc-stats-ali.cc:105) Processed 8100 utterances; for utterance p343_129 avg. like is -33.7672 over 237 frames.
LOG (gmm-acc-stats-ali:main():gmm-acc-stats-ali.cc:105) Processed 8150 utterances; for utterance p343_192 avg. like is -35.7212 over 288 frames.
LOG (gmm-acc-stats-ali:main():gmm-acc-stats-ali.cc:105) Processed 8200 utterances; for utterance p343_252 avg. like is -32.2406 over 476 frames.
LOG (gmm-acc-stats-ali:main():gmm-acc-stats-ali.cc:105) Processed 8250 utterances; for utterance p343_311 avg. like is -36.1418 over 348 frames.
LOG (gmm-acc-stats-ali:main():gmm-acc-stats-ali.cc:105) Processed 8300 utterances; for utterance p343_379 avg. like is -34.3425 over 267 frames.
LOG (gmm-acc-stats-ali:main():gmm-acc-stats-ali.cc:105) Processed 8350 utterances; for utterance p345_045 avg. like is -40.7311 over 331 frames.
LOG (gmm-acc-stats-ali:main():gmm-acc-stats-ali.cc:105) Processed 8400 utterances; for utterance p345_105 avg. like is -43.1236 over 280 frames.
LOG (gmm-acc-stats-ali:main():gmm-acc-stats-ali.cc:105) Processed 8450 utterances; for utterance p345_165 avg. like is -34.3343 over 318 frames.
LOG (gmm-acc-stats-ali:main():gmm-acc-stats-ali.cc:105) Processed 8500 utterances; for utterance p345_226 avg. like is -30.3034 over 254 frames.
WARNING (gmm-acc-stats-ali:main():gmm-acc-stats-ali.cc:79) No alignment for utterance p345_266
WARNING (gmm-acc-stats-ali:main():gmm-acc-stats-ali.cc:79) No alignment for utterance p345_292
LOG (gmm-acc-stats-ali:main():gmm-acc-stats-ali.cc:105) Processed 8550 utterances; for utterance p345_293 avg. like is -38.8014 over 322 frames.
WARNING (gmm-acc-stats-ali:main():gmm-acc-stats-ali.cc:79) No alignment for utterance p345_321
LOG (gmm-acc-stats-ali:main():gmm-acc-stats-ali.cc:105) Processed 8600 utterances; for utterance p345_365 avg. like is -34.6715 over 297 frames.
WARNING (gmm-acc-stats-ali:main():gmm-acc-stats-ali.cc:79) No alignment for utterance p345_387
WARNING (gmm-acc-stats-ali:main():gmm-acc-stats-ali.cc:79) No alignment for utterance p345_388
LOG (gmm-acc-stats-ali:main():gmm-acc-stats-ali.cc:105) Processed 8650 utterances; for utterance p347_024 avg. like is -41.341 over 715 frames.
LOG (gmm-acc-stats-ali:main():gmm-acc-stats-ali.cc:105) Processed 8700 utterances; for utterance p347_090 avg. like is -36.0962 over 271 frames.
LOG (gmm-acc-stats-ali:main():gmm-acc-stats-ali.cc:105) Processed 8750 utterances; for utterance p347_150 avg. like is -37.8643 over 233 frames.
LOG (gmm-acc-stats-ali:main():gmm-acc-stats-ali.cc:105) Processed 8800 utterances; for utterance p347_211 avg. like is -39.3152 over 412 frames.
LOG (gmm-acc-stats-ali:main():gmm-acc-stats-ali.cc:105) Processed 8850 utterances; for utterance p347_275 avg. like is -38.5009 over 305 frames.
LOG (gmm-acc-stats-ali:main():gmm-acc-stats-ali.cc:105) Processed 8900 utterances; for utterance p347_336 avg. like is -36.5441 over 314 frames.
LOG (gmm-acc-stats-ali:main():gmm-acc-stats-ali.cc:105) Processed 8950 utterances; for utterance p347_400 avg. like is -37.2839 over 259 frames.
LOG (gmm-acc-stats-ali:main():gmm-acc-stats-ali.cc:105) Processed 9000 utterances; for utterance p351_035 avg. like is -33.3959 over 263 frames.
LOG (gmm-acc-stats-ali:main():gmm-acc-stats-ali.cc:105) Processed 9050 utterances; for utterance p351_101 avg. like is -37.076 over 340 frames.
LOG (gmm-acc-stats-ali:main():gmm-acc-stats-ali.cc:105) Processed 9100 utterances; for utterance p351_163 avg. like is -34.9068 over 476 frames.
LOG (gmm-acc-stats-ali:main():gmm-acc-stats-ali.cc:105) Processed 9150 utterances; for utterance p351_228 avg. like is -37.0907 over 225 frames.
LOG (gmm-acc-stats-ali:main():gmm-acc-stats-ali.cc:105) Processed 9200 utterances; for utterance p351_290 avg. like is -36.1311 over 301 frames.
LOG (gmm-acc-stats-ali:main():gmm-acc-stats-ali.cc:105) Processed 9250 utterances; for utterance p351_352 avg. like is -37.9845 over 335 frames.
LOG (gmm-acc-stats-ali:main():gmm-acc-stats-ali.cc:105) Processed 9300 utterances; for utterance p351_415 avg. like is -31.7353 over 352 frames.
LOG (gmm-acc-stats-ali:main():gmm-acc-stats-ali.cc:105) Processed 9350 utterances; for utterance p360_052 avg. like is -41.3256 over 263 frames.
LOG (gmm-acc-stats-ali:main():gmm-acc-stats-ali.cc:105) Processed 9400 utterances; for utterance p360_112 avg. like is -43.2536 over 331 frames.
LOG (gmm-acc-stats-ali:main():gmm-acc-stats-ali.cc:105) Processed 9450 utterances; for utterance p360_182 avg. like is -40.6427 over 318 frames.
LOG (gmm-acc-stats-ali:main():gmm-acc-stats-ali.cc:105) Processed 9500 utterances; for utterance p360_245 avg. like is -31.7994 over 280 frames.
LOG (gmm-acc-stats-ali:main():gmm-acc-stats-ali.cc:105) Processed 9550 utterances; for utterance p360_313 avg. like is -41.0983 over 306 frames.
LOG (gmm-acc-stats-ali:main():gmm-acc-stats-ali.cc:105) Processed 9600 utterances; for utterance p360_373 avg. like is -39.0669 over 165 frames.
LOG (gmm-acc-stats-ali:main():gmm-acc-stats-ali.cc:105) Processed 9650 utterances; for utterance p361_005 avg. like is -47.9645 over 604 frames.
LOG (gmm-acc-stats-ali:main():gmm-acc-stats-ali.cc:105) Processed 9700 utterances; for utterance p361_070 avg. like is -40.4833 over 293 frames.
LOG (gmm-acc-stats-ali:main():gmm-acc-stats-ali.cc:105) Processed 9750 utterances; for utterance p361_135 avg. like is -38.1851 over 310 frames.
LOG (gmm-acc-stats-ali:main():gmm-acc-stats-ali.cc:105) Processed 9800 utterances; for utterance p361_198 avg. like is -39.6238 over 216 frames.
LOG (gmm-acc-stats-ali:main():gmm-acc-stats-ali.cc:105) Processed 9850 utterances; for utterance p361_255 avg. like is -41.9928 over 173 frames.
LOG (gmm-acc-stats-ali:main():gmm-acc-stats-ali.cc:105) Processed 9900 utterances; for utterance p361_316 avg. like is -44.0939 over 275 frames.
LOG (gmm-acc-stats-ali:main():gmm-acc-stats-ali.cc:105) Processed 9950 utterances; for utterance p361_384 avg. like is -41.1743 over 229 frames.
LOG (gmm-acc-stats-ali:main():gmm-acc-stats-ali.cc:105) Processed 10000 utterances; for utterance p362_020 avg. like is -37.7414 over 455 frames.
LOG (gmm-acc-stats-ali:main():gmm-acc-stats-ali.cc:105) Processed 10050 utterances; for utterance p362_081 avg. like is -36.9074 over 220 frames.
LOG (gmm-acc-stats-ali:main():gmm-acc-stats-ali.cc:105) Processed 10100 utterances; for utterance p362_141 avg. like is -28.7952 over 216 frames.
LOG (gmm-acc-stats-ali:main():gmm-acc-stats-ali.cc:105) Processed 10150 utterances; for utterance p362_197 avg. like is -33.9031 over 391 frames.
LOG (gmm-acc-stats-ali:main():gmm-acc-stats-ali.cc:105) Processed 10200 utterances; for utterance p362_264 avg. like is -29.0905 over 340 frames.
LOG (gmm-acc-stats-ali:main():gmm-acc-stats-ali.cc:105) Processed 10250 utterances; for utterance p362_330 avg. like is -37.7885 over 276 frames.
LOG (gmm-acc-stats-ali:main():gmm-acc-stats-ali.cc:105) Processed 10300 utterances; for utterance p362_393 avg. like is -30.8685 over 186 frames.
LOG (gmm-acc-stats-ali:main():gmm-acc-stats-ali.cc:105) Processed 10350 utterances; for utterance p363_036 avg. like is -41.1121 over 288 frames.
LOG (gmm-acc-stats-ali:main():gmm-acc-stats-ali.cc:105) Processed 10400 utterances; for utterance p363_099 avg. like is -36.4059 over 211 frames.
LOG (gmm-acc-stats-ali:main():gmm-acc-stats-ali.cc:105) Processed 10450 utterances; for utterance p363_161 avg. like is -40.3731 over 229 frames.
LOG (gmm-acc-stats-ali:main():gmm-acc-stats-ali.cc:105) Processed 10500 utterances; for utterance p363_222 avg. like is -42.0315 over 267 frames.
LOG (gmm-acc-stats-ali:main():gmm-acc-stats-ali.cc:105) Processed 10550 utterances; for utterance p363_284 avg. like is -39.9221 over 224 frames.
LOG (gmm-acc-stats-ali:main():gmm-acc-stats-ali.cc:105) Processed 10600 utterances; for utterance p363_351 avg. like is -41.2634 over 284 frames.
LOG (gmm-acc-stats-ali:main():gmm-acc-stats-ali.cc:105) Processed 10650 utterances; for utterance p363_414 avg. like is -39.9847 over 263 frames.
LOG (gmm-acc-stats-ali:main():gmm-acc-stats-ali.cc:105) Processed 10700 utterances; for utterance p364_056 avg. like is -39.2423 over 335 frames.
LOG (gmm-acc-stats-ali:main():gmm-acc-stats-ali.cc:105) Processed 10750 utterances; for utterance p364_121 avg. like is -39.6039 over 263 frames.
LOG (gmm-acc-stats-ali:main():gmm-acc-stats-ali.cc:105) Processed 10800 utterances; for utterance p364_189 avg. like is -42.8087 over 395 frames.
LOG (gmm-acc-stats-ali:main():gmm-acc-stats-ali.cc:105) Processed 10850 utterances; for utterance p364_247 avg. like is -34.7577 over 280 frames.
LOG (gmm-acc-stats-ali:main():gmm-acc-stats-ali.cc:105) Processed 10900 utterances; for utterance p374_005 avg. like is -39.3111 over 843 frames.
LOG (gmm-acc-stats-ali:main():gmm-acc-stats-ali.cc:105) Processed 10950 utterances; for utterance p374_066 avg. like is -35.9316 over 323 frames.
LOG (gmm-acc-stats-ali:main():gmm-acc-stats-ali.cc:105) Processed 11000 utterances; for utterance p374_134 avg. like is -34.2796 over 229 frames.
LOG (gmm-acc-stats-ali:main():gmm-acc-stats-ali.cc:105) Processed 11050 utterances; for utterance p374_196 avg. like is -37.3922 over 339 frames.
LOG (gmm-acc-stats-ali:main():gmm-acc-stats-ali.cc:105) Processed 11100 utterances; for utterance p374_263 avg. like is -38.6405 over 203 frames.
LOG (gmm-acc-stats-ali:main():gmm-acc-stats-ali.cc:105) Processed 11150 utterances; for utterance p374_319 avg. like is -41.3505 over 374 frames.
LOG (gmm-acc-stats-ali:main():gmm-acc-stats-ali.cc:105) Processed 11200 utterances; for utterance p374_380 avg. like is -39.7029 over 348 frames.
LOG (gmm-acc-stats-ali:main():gmm-acc-stats-ali.cc:105) Processed 11250 utterances; for utterance p376_016 avg. like is -45.9459 over 715 frames.
LOG (gmm-acc-stats-ali:main():gmm-acc-stats-ali.cc:105) Processed 11300 utterances; for utterance p376_078 avg. like is -39.8283 over 429 frames.
LOG (gmm-acc-stats-ali:main():gmm-acc-stats-ali.cc:105) Processed 11350 utterances; for utterance p376_134 avg. like is -30.2546 over 293 frames.
LOG (gmm-acc-stats-ali:main():gmm-acc-stats-ali.cc:105) Processed 11400 utterances; for utterance p376_200 avg. like is -47.8601 over 408 frames.
LOG (gmm-acc-stats-ali:main():gmm-acc-stats-ali.cc:105) Processed 11450 utterances; for utterance p376_269 avg. like is -30.4378 over 382 frames.
LOG (apply-cmvn:main():apply-cmvn.cc:146) Applied cepstral mean normalization to 11482 utterances, errors on 0
LOG (transform-feats:main():transform-feats.cc:158) Overall average [pseudo-]logdet is -91.0607 over 4.05164e+06 frames.
LOG (transform-feats:main():transform-feats.cc:161) Applied transform to 11482 utterances; 0 had errors.
LOG (gmm-acc-stats-ali:main():gmm-acc-stats-ali.cc:112) Done 11470 files, 12 with errors.
LOG (gmm-acc-stats-ali:main():gmm-acc-stats-ali.cc:115) Overall avg like per frame (Gaussian only) = -38.3982 over 4049445 frames.
LOG (gmm-acc-stats-ali:main():gmm-acc-stats-ali.cc:123) Written accs.
# Accounting: time=77 threads=1
# Ended (code 0) at Sat Mar 11 04:52:45 CST 2017, elapsed time 77 seconds
