# gmm-acc-stats-ali exp/tri2b/11.mdl "ark,s,cs:apply-cmvn  --utt2spk=ark:audio/train/split3/1/utt2spk scp:audio/train/split3/1/cmvn.scp scp:audio/train/split3/1/feats.scp ark:- | splice-feats --left-context=3 --right-context=3 ark:- ark:- | transform-feats exp/tri2b/6.mat ark:- ark:- |" "ark,s,cs:gunzip -c exp/tri2b/ali.1.gz|" exp/tri2b/11.1.acc 
# Started at Sat Mar 11 04:24:54 CST 2017
#
gmm-acc-stats-ali exp/tri2b/11.mdl 'ark,s,cs:apply-cmvn  --utt2spk=ark:audio/train/split3/1/utt2spk scp:audio/train/split3/1/cmvn.scp scp:audio/train/split3/1/feats.scp ark:- | splice-feats --left-context=3 --right-context=3 ark:- ark:- | transform-feats exp/tri2b/6.mat ark:- ark:- |' 'ark,s,cs:gunzip -c exp/tri2b/ali.1.gz|' exp/tri2b/11.1.acc 
transform-feats exp/tri2b/6.mat ark:- ark:- 
splice-feats --left-context=3 --right-context=3 ark:- ark:- 
apply-cmvn --utt2spk=ark:audio/train/split3/1/utt2spk scp:audio/train/split3/1/cmvn.scp scp:audio/train/split3/1/feats.scp ark:- 
LOG (gmm-acc-stats-ali:main():gmm-acc-stats-ali.cc:105) Processed 50 utterances; for utterance p225_082 avg. like is -43.8219 over 438 frames.
LOG (gmm-acc-stats-ali:main():gmm-acc-stats-ali.cc:105) Processed 100 utterances; for utterance p225_199 avg. like is -31.2354 over 246 frames.
LOG (gmm-acc-stats-ali:main():gmm-acc-stats-ali.cc:105) Processed 150 utterances; for utterance p225_305 avg. like is -36.4191 over 353 frames.
LOG (gmm-acc-stats-ali:main():gmm-acc-stats-ali.cc:105) Processed 200 utterances; for utterance p226_020 avg. like is -38.0447 over 527 frames.
LOG (gmm-acc-stats-ali:main():gmm-acc-stats-ali.cc:105) Processed 250 utterances; for utterance p226_084 avg. like is -39.1412 over 553 frames.
LOG (gmm-acc-stats-ali:main():gmm-acc-stats-ali.cc:105) Processed 300 utterances; for utterance p226_152 avg. like is -41.4613 over 455 frames.
LOG (gmm-acc-stats-ali:main():gmm-acc-stats-ali.cc:105) Processed 350 utterances; for utterance p226_215 avg. like is -32.9233 over 348 frames.
LOG (gmm-acc-stats-ali:main():gmm-acc-stats-ali.cc:105) Processed 400 utterances; for utterance p226_284 avg. like is -38.1258 over 532 frames.
LOG (gmm-acc-stats-ali:main():gmm-acc-stats-ali.cc:105) Processed 450 utterances; for utterance p226_347 avg. like is -41.1191 over 446 frames.
LOG (gmm-acc-stats-ali:main():gmm-acc-stats-ali.cc:105) Processed 500 utterances; for utterance p227_044 avg. like is -41.2877 over 211 frames.
LOG (gmm-acc-stats-ali:main():gmm-acc-stats-ali.cc:105) Processed 550 utterances; for utterance p227_110 avg. like is -42.0641 over 374 frames.
LOG (gmm-acc-stats-ali:main():gmm-acc-stats-ali.cc:105) Processed 600 utterances; for utterance p227_177 avg. like is -43.8765 over 514 frames.
LOG (gmm-acc-stats-ali:main():gmm-acc-stats-ali.cc:105) Processed 650 utterances; for utterance p227_244 avg. like is -44.2577 over 527 frames.
LOG (gmm-acc-stats-ali:main():gmm-acc-stats-ali.cc:105) Processed 700 utterances; for utterance p227_301 avg. like is -39.0038 over 254 frames.
LOG (gmm-acc-stats-ali:main():gmm-acc-stats-ali.cc:105) Processed 750 utterances; for utterance p227_368 avg. like is -44.6944 over 382 frames.
LOG (gmm-acc-stats-ali:main():gmm-acc-stats-ali.cc:105) Processed 800 utterances; for utterance p228_029 avg. like is -41.0162 over 305 frames.
LOG (gmm-acc-stats-ali:main():gmm-acc-stats-ali.cc:105) Processed 850 utterances; for utterance p228_095 avg. like is -40.9041 over 284 frames.
LOG (gmm-acc-stats-ali:main():gmm-acc-stats-ali.cc:105) Processed 900 utterances; for utterance p228_153 avg. like is -34.2307 over 288 frames.
LOG (gmm-acc-stats-ali:main():gmm-acc-stats-ali.cc:105) Processed 950 utterances; for utterance p228_220 avg. like is -34.5405 over 369 frames.
LOG (gmm-acc-stats-ali:main():gmm-acc-stats-ali.cc:105) Processed 1000 utterances; for utterance p228_279 avg. like is -37.0535 over 434 frames.
LOG (gmm-acc-stats-ali:main():gmm-acc-stats-ali.cc:105) Processed 1050 utterances; for utterance p228_346 avg. like is -29.3811 over 442 frames.
LOG (gmm-acc-stats-ali:main():gmm-acc-stats-ali.cc:105) Processed 1100 utterances; for utterance p229_037 avg. like is -46.1963 over 370 frames.
LOG (gmm-acc-stats-ali:main():gmm-acc-stats-ali.cc:105) Processed 1150 utterances; for utterance p229_099 avg. like is -42.3391 over 339 frames.
LOG (gmm-acc-stats-ali:main():gmm-acc-stats-ali.cc:105) Processed 1200 utterances; for utterance p229_161 avg. like is -44.5883 over 271 frames.
LOG (gmm-acc-stats-ali:main():gmm-acc-stats-ali.cc:105) Processed 1250 utterances; for utterance p229_231 avg. like is -38.7149 over 208 frames.
LOG (gmm-acc-stats-ali:main():gmm-acc-stats-ali.cc:105) Processed 1300 utterances; for utterance p229_297 avg. like is -42.9374 over 267 frames.
LOG (gmm-acc-stats-ali:main():gmm-acc-stats-ali.cc:105) Processed 1350 utterances; for utterance p229_359 avg. like is -38.6249 over 288 frames.
LOG (gmm-acc-stats-ali:main():gmm-acc-stats-ali.cc:105) Processed 1400 utterances; for utterance p230_039 avg. like is -36.1932 over 361 frames.
LOG (gmm-acc-stats-ali:main():gmm-acc-stats-ali.cc:105) Processed 1450 utterances; for utterance p230_101 avg. like is -38.5227 over 356 frames.
LOG (gmm-acc-stats-ali:main():gmm-acc-stats-ali.cc:105) Processed 1500 utterances; for utterance p230_166 avg. like is -35.1834 over 339 frames.
LOG (gmm-acc-stats-ali:main():gmm-acc-stats-ali.cc:105) Processed 1550 utterances; for utterance p230_235 avg. like is -42.9756 over 293 frames.
LOG (gmm-acc-stats-ali:main():gmm-acc-stats-ali.cc:105) Processed 1600 utterances; for utterance p230_298 avg. like is -37.1365 over 378 frames.
LOG (gmm-acc-stats-ali:main():gmm-acc-stats-ali.cc:105) Processed 1650 utterances; for utterance p230_363 avg. like is -37.1873 over 275 frames.
LOG (gmm-acc-stats-ali:main():gmm-acc-stats-ali.cc:105) Processed 1700 utterances; for utterance p231_010 avg. like is -48.4712 over 263 frames.
LOG (gmm-acc-stats-ali:main():gmm-acc-stats-ali.cc:105) Processed 1750 utterances; for utterance p231_069 avg. like is -44.0053 over 229 frames.
LOG (gmm-acc-stats-ali:main():gmm-acc-stats-ali.cc:105) Processed 1800 utterances; for utterance p231_139 avg. like is -44.8184 over 276 frames.
LOG (gmm-acc-stats-ali:main():gmm-acc-stats-ali.cc:105) Processed 1850 utterances; for utterance p231_199 avg. like is -46.9599 over 348 frames.
LOG (gmm-acc-stats-ali:main():gmm-acc-stats-ali.cc:105) Processed 1900 utterances; for utterance p231_259 avg. like is -42.0583 over 250 frames.
LOG (gmm-acc-stats-ali:main():gmm-acc-stats-ali.cc:105) Processed 1950 utterances; for utterance p231_331 avg. like is -48.2582 over 301 frames.
LOG (gmm-acc-stats-ali:main():gmm-acc-stats-ali.cc:105) Processed 2000 utterances; for utterance p231_403 avg. like is -49.2558 over 275 frames.
LOG (gmm-acc-stats-ali:main():gmm-acc-stats-ali.cc:105) Processed 2050 utterances; for utterance p231_469 avg. like is -47.1302 over 412 frames.
LOG (gmm-acc-stats-ali:main():gmm-acc-stats-ali.cc:105) Processed 2100 utterances; for utterance p232_059 avg. like is -49.318 over 156 frames.
LOG (gmm-acc-stats-ali:main():gmm-acc-stats-ali.cc:105) Processed 2150 utterances; for utterance p232_113 avg. like is -42.856 over 148 frames.
LOG (gmm-acc-stats-ali:main():gmm-acc-stats-ali.cc:105) Processed 2200 utterances; for utterance p232_174 avg. like is -43.6925 over 237 frames.
LOG (gmm-acc-stats-ali:main():gmm-acc-stats-ali.cc:105) Processed 2250 utterances; for utterance p232_246 avg. like is -46.8009 over 297 frames.
LOG (gmm-acc-stats-ali:main():gmm-acc-stats-ali.cc:105) Processed 2300 utterances; for utterance p232_311 avg. like is -46.5375 over 224 frames.
LOG (gmm-acc-stats-ali:main():gmm-acc-stats-ali.cc:105) Processed 2350 utterances; for utterance p232_375 avg. like is -46.5112 over 348 frames.
LOG (gmm-acc-stats-ali:main():gmm-acc-stats-ali.cc:105) Processed 2400 utterances; for utterance p233_022 avg. like is -47.9482 over 664 frames.
LOG (gmm-acc-stats-ali:main():gmm-acc-stats-ali.cc:105) Processed 2450 utterances; for utterance p233_088 avg. like is -37.3686 over 344 frames.
LOG (gmm-acc-stats-ali:main():gmm-acc-stats-ali.cc:105) Processed 2500 utterances; for utterance p233_148 avg. like is -37.3912 over 216 frames.
LOG (gmm-acc-stats-ali:main():gmm-acc-stats-ali.cc:105) Processed 2550 utterances; for utterance p233_216 avg. like is -40.5536 over 399 frames.
LOG (gmm-acc-stats-ali:main():gmm-acc-stats-ali.cc:105) Processed 2600 utterances; for utterance p233_280 avg. like is -44.009 over 387 frames.
LOG (gmm-acc-stats-ali:main():gmm-acc-stats-ali.cc:105) Processed 2650 utterances; for utterance p233_352 avg. like is -37.3353 over 207 frames.
LOG (gmm-acc-stats-ali:main():gmm-acc-stats-ali.cc:105) Processed 2700 utterances; for utterance p234_032 avg. like is -48.6193 over 348 frames.
LOG (gmm-acc-stats-ali:main():gmm-acc-stats-ali.cc:105) Processed 2750 utterances; for utterance p234_094 avg. like is -49.1205 over 267 frames.
LOG (gmm-acc-stats-ali:main():gmm-acc-stats-ali.cc:105) Processed 2800 utterances; for utterance p234_161 avg. like is -43.8671 over 476 frames.
LOG (gmm-acc-stats-ali:main():gmm-acc-stats-ali.cc:105) Processed 2850 utterances; for utterance p234_218 avg. like is -49.8309 over 339 frames.
LOG (gmm-acc-stats-ali:main():gmm-acc-stats-ali.cc:105) Processed 2900 utterances; for utterance p234_284 avg. like is -41.6165 over 216 frames.
LOG (gmm-acc-stats-ali:main():gmm-acc-stats-ali.cc:105) Processed 2950 utterances; for utterance p234_343 avg. like is -44.2075 over 246 frames.
LOG (gmm-acc-stats-ali:main():gmm-acc-stats-ali.cc:105) Processed 3000 utterances; for utterance p236_047 avg. like is -46.9076 over 229 frames.
LOG (gmm-acc-stats-ali:main():gmm-acc-stats-ali.cc:105) Processed 3050 utterances; for utterance p236_115 avg. like is -48.5813 over 250 frames.
LOG (gmm-acc-stats-ali:main():gmm-acc-stats-ali.cc:105) Processed 3100 utterances; for utterance p236_183 avg. like is -42.7164 over 327 frames.
LOG (gmm-acc-stats-ali:main():gmm-acc-stats-ali.cc:105) Processed 3150 utterances; for utterance p236_240 avg. like is -38.273 over 365 frames.
LOG (gmm-acc-stats-ali:main():gmm-acc-stats-ali.cc:105) Processed 3200 utterances; for utterance p236_302 avg. like is -45.2593 over 284 frames.
LOG (gmm-acc-stats-ali:main():gmm-acc-stats-ali.cc:105) Processed 3250 utterances; for utterance p236_375 avg. like is -48.2028 over 216 frames.
LOG (gmm-acc-stats-ali:main():gmm-acc-stats-ali.cc:105) Processed 3300 utterances; for utterance p236_436 avg. like is -42.1248 over 237 frames.
LOG (gmm-acc-stats-ali:main():gmm-acc-stats-ali.cc:105) Processed 3350 utterances; for utterance p236_490 avg. like is -37.938 over 258 frames.
LOG (gmm-acc-stats-ali:main():gmm-acc-stats-ali.cc:105) Processed 3400 utterances; for utterance p237_049 avg. like is -37.0942 over 468 frames.
LOG (gmm-acc-stats-ali:main():gmm-acc-stats-ali.cc:105) Processed 3450 utterances; for utterance p237_118 avg. like is -45.4002 over 348 frames.
LOG (gmm-acc-stats-ali:main():gmm-acc-stats-ali.cc:105) Processed 3500 utterances; for utterance p237_180 avg. like is -41.0258 over 548 frames.
LOG (gmm-acc-stats-ali:main():gmm-acc-stats-ali.cc:105) Processed 3550 utterances; for utterance p237_243 avg. like is -37.6582 over 203 frames.
LOG (gmm-acc-stats-ali:main():gmm-acc-stats-ali.cc:105) Processed 3600 utterances; for utterance p237_309 avg. like is -36.1838 over 271 frames.
LOG (gmm-acc-stats-ali:main():gmm-acc-stats-ali.cc:105) Processed 3650 utterances; for utterance p238_026 avg. like is -49.4205 over 361 frames.
LOG (gmm-acc-stats-ali:main():gmm-acc-stats-ali.cc:105) Processed 3700 utterances; for utterance p238_084 avg. like is -43.5961 over 395 frames.
LOG (gmm-acc-stats-ali:main():gmm-acc-stats-ali.cc:105) Processed 3750 utterances; for utterance p238_148 avg. like is -45.2905 over 570 frames.
LOG (gmm-acc-stats-ali:main():gmm-acc-stats-ali.cc:105) Processed 3800 utterances; for utterance p238_219 avg. like is -48.0915 over 322 frames.
LOG (gmm-acc-stats-ali:main():gmm-acc-stats-ali.cc:105) Processed 3850 utterances; for utterance p238_285 avg. like is -45.1346 over 408 frames.
LOG (gmm-acc-stats-ali:main():gmm-acc-stats-ali.cc:105) Processed 3900 utterances; for utterance p238_347 avg. like is -49.3958 over 352 frames.
LOG (gmm-acc-stats-ali:main():gmm-acc-stats-ali.cc:105) Processed 3950 utterances; for utterance p238_412 avg. like is -44.7851 over 501 frames.
LOG (gmm-acc-stats-ali:main():gmm-acc-stats-ali.cc:105) Processed 4000 utterances; for utterance p239_008 avg. like is -45.0387 over 736 frames.
LOG (gmm-acc-stats-ali:main():gmm-acc-stats-ali.cc:105) Processed 4050 utterances; for utterance p239_067 avg. like is -39.3097 over 289 frames.
LOG (gmm-acc-stats-ali:main():gmm-acc-stats-ali.cc:105) Processed 4100 utterances; for utterance p239_128 avg. like is -35.4213 over 293 frames.
LOG (gmm-acc-stats-ali:main():gmm-acc-stats-ali.cc:105) Processed 4150 utterances; for utterance p239_202 avg. like is -40.0918 over 399 frames.
LOG (gmm-acc-stats-ali:main():gmm-acc-stats-ali.cc:105) Processed 4200 utterances; for utterance p239_267 avg. like is -41.1328 over 429 frames.
LOG (gmm-acc-stats-ali:main():gmm-acc-stats-ali.cc:105) Processed 4250 utterances; for utterance p239_326 avg. like is -45.9847 over 237 frames.
WARNING (gmm-acc-stats-ali:main():gmm-acc-stats-ali.cc:79) No alignment for utterance p239_336
LOG (gmm-acc-stats-ali:main():gmm-acc-stats-ali.cc:105) Processed 4300 utterances; for utterance p239_389 avg. like is -46.6562 over 237 frames.
LOG (gmm-acc-stats-ali:main():gmm-acc-stats-ali.cc:105) Processed 4350 utterances; for utterance p239_451 avg. like is -42.9159 over 207 frames.
LOG (gmm-acc-stats-ali:main():gmm-acc-stats-ali.cc:105) Processed 4400 utterances; for utterance p240_006 avg. like is -46.9307 over 553 frames.
LOG (gmm-acc-stats-ali:main():gmm-acc-stats-ali.cc:105) Processed 4450 utterances; for utterance p240_066 avg. like is -43.2666 over 258 frames.
LOG (gmm-acc-stats-ali:main():gmm-acc-stats-ali.cc:105) Processed 4500 utterances; for utterance p240_129 avg. like is -49.6345 over 361 frames.
LOG (gmm-acc-stats-ali:main():gmm-acc-stats-ali.cc:105) Processed 4550 utterances; for utterance p240_194 avg. like is -33.8535 over 280 frames.
LOG (gmm-acc-stats-ali:main():gmm-acc-stats-ali.cc:105) Processed 4600 utterances; for utterance p240_252 avg. like is -40.1871 over 242 frames.
LOG (gmm-acc-stats-ali:main():gmm-acc-stats-ali.cc:105) Processed 4650 utterances; for utterance p240_312 avg. like is -37.0477 over 195 frames.
LOG (gmm-acc-stats-ali:main():gmm-acc-stats-ali.cc:105) Processed 4700 utterances; for utterance p241_005 avg. like is -43.9655 over 681 frames.
LOG (gmm-acc-stats-ali:main():gmm-acc-stats-ali.cc:105) Processed 4750 utterances; for utterance p241_082 avg. like is -40.0292 over 259 frames.
LOG (gmm-acc-stats-ali:main():gmm-acc-stats-ali.cc:105) Processed 4800 utterances; for utterance p241_142 avg. like is -37.7207 over 211 frames.
LOG (gmm-acc-stats-ali:main():gmm-acc-stats-ali.cc:105) Processed 4850 utterances; for utterance p241_209 avg. like is -41.0493 over 220 frames.
LOG (gmm-acc-stats-ali:main():gmm-acc-stats-ali.cc:105) Processed 4900 utterances; for utterance p241_275 avg. like is -41.5368 over 212 frames.
LOG (gmm-acc-stats-ali:main():gmm-acc-stats-ali.cc:105) Processed 4950 utterances; for utterance p241_338 avg. like is -40.4788 over 216 frames.
LOG (gmm-acc-stats-ali:main():gmm-acc-stats-ali.cc:105) Processed 5000 utterances; for utterance p243_027 avg. like is -40.9448 over 630 frames.
LOG (gmm-acc-stats-ali:main():gmm-acc-stats-ali.cc:105) Processed 5050 utterances; for utterance p243_089 avg. like is -40.7895 over 348 frames.
LOG (gmm-acc-stats-ali:main():gmm-acc-stats-ali.cc:105) Processed 5100 utterances; for utterance p243_150 avg. like is -42.346 over 169 frames.
LOG (gmm-acc-stats-ali:main():gmm-acc-stats-ali.cc:105) Processed 5150 utterances; for utterance p243_217 avg. like is -44.8133 over 335 frames.
LOG (gmm-acc-stats-ali:main():gmm-acc-stats-ali.cc:105) Processed 5200 utterances; for utterance p243_280 avg. like is -41.7732 over 386 frames.
LOG (gmm-acc-stats-ali:main():gmm-acc-stats-ali.cc:105) Processed 5250 utterances; for utterance p243_341 avg. like is -42.8 over 331 frames.
LOG (gmm-acc-stats-ali:main():gmm-acc-stats-ali.cc:105) Processed 5300 utterances; for utterance p244_012 avg. like is -40.0747 over 523 frames.
LOG (gmm-acc-stats-ali:main():gmm-acc-stats-ali.cc:105) Processed 5350 utterances; for utterance p244_077 avg. like is -40.537 over 344 frames.
LOG (gmm-acc-stats-ali:main():gmm-acc-stats-ali.cc:105) Processed 5400 utterances; for utterance p244_141 avg. like is -40.9228 over 382 frames.
LOG (gmm-acc-stats-ali:main():gmm-acc-stats-ali.cc:105) Processed 5450 utterances; for utterance p244_197 avg. like is -27.3116 over 357 frames.
LOG (gmm-acc-stats-ali:main():gmm-acc-stats-ali.cc:105) Processed 5500 utterances; for utterance p244_261 avg. like is -37.1857 over 246 frames.
LOG (gmm-acc-stats-ali:main():gmm-acc-stats-ali.cc:105) Processed 5550 utterances; for utterance p244_326 avg. like is -42.493 over 527 frames.
LOG (gmm-acc-stats-ali:main():gmm-acc-stats-ali.cc:105) Processed 5600 utterances; for utterance p244_389 avg. like is -43.8533 over 438 frames.
LOG (gmm-acc-stats-ali:main():gmm-acc-stats-ali.cc:105) Processed 5650 utterances; for utterance p245_033 avg. like is -39.4499 over 280 frames.
LOG (gmm-acc-stats-ali:main():gmm-acc-stats-ali.cc:105) Processed 5700 utterances; for utterance p245_095 avg. like is -39.1978 over 306 frames.
LOG (gmm-acc-stats-ali:main():gmm-acc-stats-ali.cc:105) Processed 5750 utterances; for utterance p245_161 avg. like is -41.0902 over 510 frames.
LOG (gmm-acc-stats-ali:main():gmm-acc-stats-ali.cc:105) Processed 5800 utterances; for utterance p245_221 avg. like is -36.1937 over 263 frames.
LOG (gmm-acc-stats-ali:main():gmm-acc-stats-ali.cc:105) Processed 5850 utterances; for utterance p245_282 avg. like is -34.7547 over 327 frames.
LOG (gmm-acc-stats-ali:main():gmm-acc-stats-ali.cc:105) Processed 5900 utterances; for utterance p245_348 avg. like is -34.5177 over 370 frames.
WARNING (gmm-acc-stats-ali:main():gmm-acc-stats-ali.cc:79) No alignment for utterance p246_024
LOG (gmm-acc-stats-ali:main():gmm-acc-stats-ali.cc:105) Processed 5950 utterances; for utterance p246_056 avg. like is -45.1082 over 455 frames.
LOG (gmm-acc-stats-ali:main():gmm-acc-stats-ali.cc:105) Processed 6000 utterances; for utterance p246_114 avg. like is -43.4485 over 485 frames.
LOG (gmm-acc-stats-ali:main():gmm-acc-stats-ali.cc:105) Processed 6050 utterances; for utterance p246_180 avg. like is -39.7718 over 293 frames.
LOG (gmm-acc-stats-ali:main():gmm-acc-stats-ali.cc:105) Processed 6100 utterances; for utterance p246_242 avg. like is -46.6099 over 472 frames.
LOG (gmm-acc-stats-ali:main():gmm-acc-stats-ali.cc:105) Processed 6150 utterances; for utterance p246_305 avg. like is -44.6174 over 485 frames.
LOG (gmm-acc-stats-ali:main():gmm-acc-stats-ali.cc:105) Processed 6200 utterances; for utterance p247_006 avg. like is -45.4888 over 600 frames.
LOG (gmm-acc-stats-ali:main():gmm-acc-stats-ali.cc:105) Processed 6250 utterances; for utterance p247_066 avg. like is -40.1818 over 412 frames.
LOG (gmm-acc-stats-ali:main():gmm-acc-stats-ali.cc:105) Processed 6300 utterances; for utterance p247_136 avg. like is -38.3005 over 306 frames.
LOG (gmm-acc-stats-ali:main():gmm-acc-stats-ali.cc:105) Processed 6350 utterances; for utterance p247_197 avg. like is -39.9993 over 352 frames.
LOG (gmm-acc-stats-ali:main():gmm-acc-stats-ali.cc:105) Processed 6400 utterances; for utterance p247_264 avg. like is -41.6186 over 391 frames.
LOG (gmm-acc-stats-ali:main():gmm-acc-stats-ali.cc:105) Processed 6450 utterances; for utterance p247_323 avg. like is -38.2861 over 276 frames.
LOG (gmm-acc-stats-ali:main():gmm-acc-stats-ali.cc:105) Processed 6500 utterances; for utterance p247_385 avg. like is -39.6143 over 331 frames.
LOG (gmm-acc-stats-ali:main():gmm-acc-stats-ali.cc:105) Processed 6550 utterances; for utterance p247_442 avg. like is -45.7764 over 335 frames.
LOG (gmm-acc-stats-ali:main():gmm-acc-stats-ali.cc:105) Processed 6600 utterances; for utterance p248_025 avg. like is -49.1708 over 502 frames.
LOG (gmm-acc-stats-ali:main():gmm-acc-stats-ali.cc:105) Processed 6650 utterances; for utterance p248_084 avg. like is -44.3146 over 246 frames.
LOG (gmm-acc-stats-ali:main():gmm-acc-stats-ali.cc:105) Processed 6700 utterances; for utterance p248_147 avg. like is -51.2788 over 468 frames.
LOG (gmm-acc-stats-ali:main():gmm-acc-stats-ali.cc:105) Processed 6750 utterances; for utterance p248_211 avg. like is -43.7586 over 246 frames.
LOG (gmm-acc-stats-ali:main():gmm-acc-stats-ali.cc:105) Processed 6800 utterances; for utterance p248_281 avg. like is -45.7831 over 365 frames.
LOG (gmm-acc-stats-ali:main():gmm-acc-stats-ali.cc:105) Processed 6850 utterances; for utterance p248_345 avg. like is -49.2229 over 216 frames.
LOG (gmm-acc-stats-ali:main():gmm-acc-stats-ali.cc:105) Processed 6900 utterances; for utterance p249_036 avg. like is -38.2782 over 186 frames.
LOG (gmm-acc-stats-ali:main():gmm-acc-stats-ali.cc:105) Processed 6950 utterances; for utterance p249_101 avg. like is -40.5344 over 280 frames.
LOG (gmm-acc-stats-ali:main():gmm-acc-stats-ali.cc:105) Processed 7000 utterances; for utterance p249_168 avg. like is -49.2239 over 455 frames.
LOG (gmm-acc-stats-ali:main():gmm-acc-stats-ali.cc:105) Processed 7050 utterances; for utterance p249_235 avg. like is -43.1099 over 498 frames.
LOG (gmm-acc-stats-ali:main():gmm-acc-stats-ali.cc:105) Processed 7100 utterances; for utterance p249_298 avg. like is -33.5139 over 446 frames.
LOG (gmm-acc-stats-ali:main():gmm-acc-stats-ali.cc:105) Processed 7150 utterances; for utterance p250_009 avg. like is -50.2626 over 468 frames.
LOG (gmm-acc-stats-ali:main():gmm-acc-stats-ali.cc:105) Processed 7200 utterances; for utterance p250_077 avg. like is -38.1073 over 186 frames.
LOG (gmm-acc-stats-ali:main():gmm-acc-stats-ali.cc:105) Processed 7250 utterances; for utterance p250_144 avg. like is -45.4387 over 216 frames.
LOG (gmm-acc-stats-ali:main():gmm-acc-stats-ali.cc:105) Processed 7300 utterances; for utterance p250_206 avg. like is -45.3342 over 276 frames.
LOG (gmm-acc-stats-ali:main():gmm-acc-stats-ali.cc:105) Processed 7350 utterances; for utterance p250_275 avg. like is -43.503 over 186 frames.
LOG (gmm-acc-stats-ali:main():gmm-acc-stats-ali.cc:105) Processed 7400 utterances; for utterance p250_340 avg. like is -44.9876 over 246 frames.
LOG (gmm-acc-stats-ali:main():gmm-acc-stats-ali.cc:105) Processed 7450 utterances; for utterance p250_404 avg. like is -45.9155 over 212 frames.
LOG (gmm-acc-stats-ali:main():gmm-acc-stats-ali.cc:105) Processed 7500 utterances; for utterance p250_459 avg. like is -44.7002 over 194 frames.
LOG (gmm-acc-stats-ali:main():gmm-acc-stats-ali.cc:105) Processed 7550 utterances; for utterance p251_029 avg. like is -43.3399 over 356 frames.
LOG (gmm-acc-stats-ali:main():gmm-acc-stats-ali.cc:105) Processed 7600 utterances; for utterance p251_090 avg. like is -38.1949 over 301 frames.
LOG (gmm-acc-stats-ali:main():gmm-acc-stats-ali.cc:105) Processed 7650 utterances; for utterance p251_161 avg. like is -42.4667 over 284 frames.
LOG (gmm-acc-stats-ali:main():gmm-acc-stats-ali.cc:105) Processed 7700 utterances; for utterance p251_224 avg. like is -41.3851 over 263 frames.
LOG (gmm-acc-stats-ali:main():gmm-acc-stats-ali.cc:105) Processed 7750 utterances; for utterance p251_288 avg. like is -45.076 over 557 frames.
LOG (gmm-acc-stats-ali:main():gmm-acc-stats-ali.cc:105) Processed 7800 utterances; for utterance p251_348 avg. like is -50.4616 over 310 frames.
LOG (gmm-acc-stats-ali:main():gmm-acc-stats-ali.cc:105) Processed 7850 utterances; for utterance p252_044 avg. like is -40.0541 over 322 frames.
LOG (gmm-acc-stats-ali:main():gmm-acc-stats-ali.cc:105) Processed 7900 utterances; for utterance p252_115 avg. like is -40.0571 over 224 frames.
LOG (gmm-acc-stats-ali:main():gmm-acc-stats-ali.cc:105) Processed 7950 utterances; for utterance p252_179 avg. like is -31.2257 over 361 frames.
LOG (gmm-acc-stats-ali:main():gmm-acc-stats-ali.cc:105) Processed 8000 utterances; for utterance p252_243 avg. like is -34.316 over 382 frames.
LOG (gmm-acc-stats-ali:main():gmm-acc-stats-ali.cc:105) Processed 8050 utterances; for utterance p252_311 avg. like is -26.8354 over 497 frames.
LOG (gmm-acc-stats-ali:main():gmm-acc-stats-ali.cc:105) Processed 8100 utterances; for utterance p252_368 avg. like is -28.5327 over 540 frames.
LOG (gmm-acc-stats-ali:main():gmm-acc-stats-ali.cc:105) Processed 8150 utterances; for utterance p253_024 avg. like is -42.4663 over 732 frames.
LOG (gmm-acc-stats-ali:main():gmm-acc-stats-ali.cc:105) Processed 8200 utterances; for utterance p253_086 avg. like is -40.5844 over 399 frames.
LOG (gmm-acc-stats-ali:main():gmm-acc-stats-ali.cc:105) Processed 8250 utterances; for utterance p253_146 avg. like is -32.5164 over 156 frames.
LOG (gmm-acc-stats-ali:main():gmm-acc-stats-ali.cc:105) Processed 8300 utterances; for utterance p253_217 avg. like is -33.5884 over 229 frames.
LOG (gmm-acc-stats-ali:main():gmm-acc-stats-ali.cc:105) Processed 8350 utterances; for utterance p253_283 avg. like is -35.4731 over 156 frames.
LOG (gmm-acc-stats-ali:main():gmm-acc-stats-ali.cc:105) Processed 8400 utterances; for utterance p253_358 avg. like is -39.0902 over 143 frames.
LOG (gmm-acc-stats-ali:main():gmm-acc-stats-ali.cc:105) Processed 8450 utterances; for utterance p254_018 avg. like is -47.0002 over 595 frames.
LOG (gmm-acc-stats-ali:main():gmm-acc-stats-ali.cc:105) Processed 8500 utterances; for utterance p254_085 avg. like is -39.0305 over 186 frames.
LOG (gmm-acc-stats-ali:main():gmm-acc-stats-ali.cc:105) Processed 8550 utterances; for utterance p254_150 avg. like is -48.292 over 425 frames.
LOG (gmm-acc-stats-ali:main():gmm-acc-stats-ali.cc:105) Processed 8600 utterances; for utterance p254_213 avg. like is -45.7054 over 357 frames.
LOG (gmm-acc-stats-ali:main():gmm-acc-stats-ali.cc:105) Processed 8650 utterances; for utterance p254_273 avg. like is -43.8354 over 344 frames.
LOG (gmm-acc-stats-ali:main():gmm-acc-stats-ali.cc:105) Processed 8700 utterances; for utterance p254_340 avg. like is -45.5425 over 220 frames.
LOG (gmm-acc-stats-ali:main():gmm-acc-stats-ali.cc:105) Processed 8750 utterances; for utterance p254_401 avg. like is -38.7738 over 242 frames.
LOG (gmm-acc-stats-ali:main():gmm-acc-stats-ali.cc:105) Processed 8800 utterances; for utterance p255_065 avg. like is -39.9798 over 322 frames.
LOG (gmm-acc-stats-ali:main():gmm-acc-stats-ali.cc:105) Processed 8850 utterances; for utterance p255_128 avg. like is -37.8175 over 301 frames.
LOG (gmm-acc-stats-ali:main():gmm-acc-stats-ali.cc:105) Processed 8900 utterances; for utterance p255_192 avg. like is -43.5975 over 476 frames.
LOG (gmm-acc-stats-ali:main():gmm-acc-stats-ali.cc:105) Processed 8950 utterances; for utterance p255_250 avg. like is -37.0586 over 429 frames.
LOG (gmm-acc-stats-ali:main():gmm-acc-stats-ali.cc:105) Processed 9000 utterances; for utterance p255_314 avg. like is -46.023 over 288 frames.
LOG (gmm-acc-stats-ali:main():gmm-acc-stats-ali.cc:105) Processed 9050 utterances; for utterance p255_377 avg. like is -46.2688 over 386 frames.
LOG (gmm-acc-stats-ali:main():gmm-acc-stats-ali.cc:105) Processed 9100 utterances; for utterance p256_058 avg. like is -39.4842 over 297 frames.
LOG (gmm-acc-stats-ali:main():gmm-acc-stats-ali.cc:105) Processed 9150 utterances; for utterance p256_119 avg. like is -34.9608 over 378 frames.
LOG (gmm-acc-stats-ali:main():gmm-acc-stats-ali.cc:105) Processed 9200 utterances; for utterance p256_182 avg. like is -30.8619 over 421 frames.
LOG (gmm-acc-stats-ali:main():gmm-acc-stats-ali.cc:105) Processed 9250 utterances; for utterance p256_244 avg. like is -36.8955 over 689 frames.
LOG (gmm-acc-stats-ali:main():gmm-acc-stats-ali.cc:105) Processed 9300 utterances; for utterance p256_310 avg. like is -34.6543 over 536 frames.
LOG (gmm-acc-stats-ali:main():gmm-acc-stats-ali.cc:105) Processed 9350 utterances; for utterance p257_053 avg. like is -41.964 over 267 frames.
LOG (gmm-acc-stats-ali:main():gmm-acc-stats-ali.cc:105) Processed 9400 utterances; for utterance p257_121 avg. like is -46.7562 over 361 frames.
LOG (gmm-acc-stats-ali:main():gmm-acc-stats-ali.cc:105) Processed 9450 utterances; for utterance p257_181 avg. like is -41.0664 over 242 frames.
LOG (gmm-acc-stats-ali:main():gmm-acc-stats-ali.cc:105) Processed 9500 utterances; for utterance p257_244 avg. like is -45.6083 over 276 frames.
LOG (gmm-acc-stats-ali:main():gmm-acc-stats-ali.cc:105) Processed 9550 utterances; for utterance p257_298 avg. like is -43.669 over 276 frames.
LOG (gmm-acc-stats-ali:main():gmm-acc-stats-ali.cc:105) Processed 9600 utterances; for utterance p257_367 avg. like is -48.8098 over 339 frames.
LOG (gmm-acc-stats-ali:main():gmm-acc-stats-ali.cc:105) Processed 9650 utterances; for utterance p257_427 avg. like is -42.0791 over 194 frames.
LOG (gmm-acc-stats-ali:main():gmm-acc-stats-ali.cc:105) Processed 9700 utterances; for utterance p258_061 avg. like is -48.2583 over 340 frames.
LOG (gmm-acc-stats-ali:main():gmm-acc-stats-ali.cc:105) Processed 9750 utterances; for utterance p258_129 avg. like is -49.9894 over 327 frames.
LOG (gmm-acc-stats-ali:main():gmm-acc-stats-ali.cc:105) Processed 9800 utterances; for utterance p258_188 avg. like is -38.7742 over 254 frames.
LOG (gmm-acc-stats-ali:main():gmm-acc-stats-ali.cc:105) Processed 9850 utterances; for utterance p258_249 avg. like is -43.1956 over 186 frames.
LOG (gmm-acc-stats-ali:main():gmm-acc-stats-ali.cc:105) Processed 9900 utterances; for utterance p258_309 avg. like is -43.7355 over 369 frames.
WARNING (gmm-acc-stats-ali:main():gmm-acc-stats-ali.cc:79) No alignment for utterance p258_339
LOG (gmm-acc-stats-ali:main():gmm-acc-stats-ali.cc:105) Processed 9950 utterances; for utterance p258_371 avg. like is -44.3102 over 169 frames.
LOG (gmm-acc-stats-ali:main():gmm-acc-stats-ali.cc:105) Processed 10000 utterances; for utterance p259_022 avg. like is -42.4545 over 711 frames.
LOG (gmm-acc-stats-ali:main():gmm-acc-stats-ali.cc:105) Processed 10050 utterances; for utterance p259_081 avg. like is -38.8066 over 267 frames.
LOG (gmm-acc-stats-ali:main():gmm-acc-stats-ali.cc:105) Processed 10100 utterances; for utterance p259_143 avg. like is -34.8618 over 229 frames.
LOG (gmm-acc-stats-ali:main():gmm-acc-stats-ali.cc:105) Processed 10150 utterances; for utterance p259_203 avg. like is -42.6053 over 395 frames.
LOG (gmm-acc-stats-ali:main():gmm-acc-stats-ali.cc:105) Processed 10200 utterances; for utterance p259_262 avg. like is -45.4023 over 412 frames.
LOG (gmm-acc-stats-ali:main():gmm-acc-stats-ali.cc:105) Processed 10250 utterances; for utterance p259_326 avg. like is -40.8449 over 382 frames.
LOG (gmm-acc-stats-ali:main():gmm-acc-stats-ali.cc:105) Processed 10300 utterances; for utterance p259_390 avg. like is -39.9165 over 463 frames.
LOG (gmm-acc-stats-ali:main():gmm-acc-stats-ali.cc:105) Processed 10350 utterances; for utterance p259_450 avg. like is -40.9748 over 323 frames.
LOG (gmm-acc-stats-ali:main():gmm-acc-stats-ali.cc:105) Processed 10400 utterances; for utterance p260_038 avg. like is -46.9662 over 497 frames.
LOG (gmm-acc-stats-ali:main():gmm-acc-stats-ali.cc:105) Processed 10450 utterances; for utterance p260_101 avg. like is -39.5865 over 220 frames.
LOG (gmm-acc-stats-ali:main():gmm-acc-stats-ali.cc:105) Processed 10500 utterances; for utterance p260_162 avg. like is -42.3688 over 280 frames.
LOG (gmm-acc-stats-ali:main():gmm-acc-stats-ali.cc:105) Processed 10550 utterances; for utterance p260_220 avg. like is -38.6713 over 318 frames.
LOG (gmm-acc-stats-ali:main():gmm-acc-stats-ali.cc:105) Processed 10600 utterances; for utterance p260_287 avg. like is -39.4073 over 318 frames.
LOG (gmm-acc-stats-ali:main():gmm-acc-stats-ali.cc:105) Processed 10650 utterances; for utterance p260_352 avg. like is -42.9249 over 284 frames.
LOG (gmm-acc-stats-ali:main():gmm-acc-stats-ali.cc:105) Processed 10700 utterances; for utterance p261_053 avg. like is -42.4507 over 280 frames.
LOG (gmm-acc-stats-ali:main():gmm-acc-stats-ali.cc:105) Processed 10750 utterances; for utterance p261_117 avg. like is -42.8403 over 225 frames.
LOG (gmm-acc-stats-ali:main():gmm-acc-stats-ali.cc:105) Processed 10800 utterances; for utterance p261_192 avg. like is -44.9515 over 242 frames.
LOG (gmm-acc-stats-ali:main():gmm-acc-stats-ali.cc:105) Processed 10850 utterances; for utterance p261_251 avg. like is -41.943 over 211 frames.
LOG (gmm-acc-stats-ali:main():gmm-acc-stats-ali.cc:105) Processed 10900 utterances; for utterance p261_314 avg. like is -40.0364 over 275 frames.
LOG (gmm-acc-stats-ali:main():gmm-acc-stats-ali.cc:105) Processed 10950 utterances; for utterance p261_372 avg. like is -45.7199 over 280 frames.
LOG (gmm-acc-stats-ali:main():gmm-acc-stats-ali.cc:105) Processed 11000 utterances; for utterance p261_429 avg. like is -38.501 over 203 frames.
LOG (gmm-acc-stats-ali:main():gmm-acc-stats-ali.cc:105) Processed 11050 utterances; for utterance p262_020 avg. like is -43.5712 over 451 frames.
LOG (gmm-acc-stats-ali:main():gmm-acc-stats-ali.cc:105) Processed 11100 utterances; for utterance p262_081 avg. like is -41.5415 over 246 frames.
LOG (gmm-acc-stats-ali:main():gmm-acc-stats-ali.cc:105) Processed 11150 utterances; for utterance p262_141 avg. like is -42.7346 over 434 frames.
LOG (gmm-acc-stats-ali:main():gmm-acc-stats-ali.cc:105) Processed 11200 utterances; for utterance p262_201 avg. like is -35.4135 over 224 frames.
LOG (gmm-acc-stats-ali:main():gmm-acc-stats-ali.cc:105) Processed 11250 utterances; for utterance p262_267 avg. like is -44.2127 over 357 frames.
LOG (gmm-acc-stats-ali:main():gmm-acc-stats-ali.cc:105) Processed 11300 utterances; for utterance p262_327 avg. like is -45.965 over 420 frames.
LOG (gmm-acc-stats-ali:main():gmm-acc-stats-ali.cc:105) Processed 11350 utterances; for utterance p263_003 avg. like is -50.2168 over 702 frames.
LOG (gmm-acc-stats-ali:main():gmm-acc-stats-ali.cc:105) Processed 11400 utterances; for utterance p263_063 avg. like is -44.3611 over 288 frames.
LOG (gmm-acc-stats-ali:main():gmm-acc-stats-ali.cc:105) Processed 11450 utterances; for utterance p263_127 avg. like is -48.2437 over 352 frames.
LOG (gmm-acc-stats-ali:main():gmm-acc-stats-ali.cc:105) Processed 11500 utterances; for utterance p263_188 avg. like is -46.7477 over 468 frames.
LOG (gmm-acc-stats-ali:main():gmm-acc-stats-ali.cc:105) Processed 11550 utterances; for utterance p263_250 avg. like is -44.0156 over 275 frames.
LOG (gmm-acc-stats-ali:main():gmm-acc-stats-ali.cc:105) Processed 11600 utterances; for utterance p263_314 avg. like is -46.3454 over 280 frames.
LOG (gmm-acc-stats-ali:main():gmm-acc-stats-ali.cc:105) Processed 11650 utterances; for utterance p263_383 avg. like is -44.1062 over 220 frames.
LOG (gmm-acc-stats-ali:main():gmm-acc-stats-ali.cc:105) Processed 11700 utterances; for utterance p263_441 avg. like is -44.831 over 275 frames.
LOG (apply-cmvn:main():apply-cmvn.cc:146) Applied cepstral mean normalization to 11727 utterances, errors on 0
LOG (transform-feats:main():transform-feats.cc:158) Overall average [pseudo-]logdet is -91.3337 over 4.13124e+06 frames.
LOG (transform-feats:main():transform-feats.cc:161) Applied transform to 11727 utterances; 0 had errors.
LOG (gmm-acc-stats-ali:main():gmm-acc-stats-ali.cc:112) Done 11724 files, 3 with errors.
LOG (gmm-acc-stats-ali:main():gmm-acc-stats-ali.cc:115) Overall avg like per frame (Gaussian only) = -42.2232 over 4130043 frames.
LOG (gmm-acc-stats-ali:main():gmm-acc-stats-ali.cc:123) Written accs.
# Accounting: time=56 threads=1
# Ended (code 0) at Sat Mar 11 04:25:50 CST 2017, elapsed time 56 seconds
