# acc-tree-stats --ci-phones=1:2:3:4:5:6:7:8:9:10 exp/deltas_ali/final.mdl "ark,s,cs:apply-cmvn  --utt2spk=ark:audio/train/split3/3/utt2spk scp:audio/train/split3/3/cmvn.scp scp:audio/train/split3/3/feats.scp ark:- | splice-feats --left-context=3 --right-context=3 ark:- ark:- | transform-feats exp/tri2b/0.mat ark:- ark:- |" "ark:gunzip -c exp/deltas_ali/ali.3.gz|" exp/tri2b/3.treeacc 
# Started at Sat Mar 11 04:01:07 CST 2017
#
acc-tree-stats --ci-phones=1:2:3:4:5:6:7:8:9:10 exp/deltas_ali/final.mdl 'ark,s,cs:apply-cmvn  --utt2spk=ark:audio/train/split3/3/utt2spk scp:audio/train/split3/3/cmvn.scp scp:audio/train/split3/3/feats.scp ark:- | splice-feats --left-context=3 --right-context=3 ark:- ark:- | transform-feats exp/tri2b/0.mat ark:- ark:- |' 'ark:gunzip -c exp/deltas_ali/ali.3.gz|' exp/tri2b/3.treeacc 
transform-feats exp/tri2b/0.mat ark:- ark:- 
splice-feats --left-context=3 --right-context=3 ark:- ark:- 
apply-cmvn --utt2spk=ark:audio/train/split3/3/utt2spk scp:audio/train/split3/3/cmvn.scp scp:audio/train/split3/3/feats.scp ark:- 
LOG (acc-tree-stats:main():acc-tree-stats.cc:101) Processed 1000 utterances.
LOG (acc-tree-stats:main():acc-tree-stats.cc:101) Processed 2000 utterances.
LOG (acc-tree-stats:main():acc-tree-stats.cc:101) Processed 3000 utterances.
LOG (acc-tree-stats:main():acc-tree-stats.cc:101) Processed 4000 utterances.
LOG (acc-tree-stats:main():acc-tree-stats.cc:101) Processed 5000 utterances.
LOG (acc-tree-stats:main():acc-tree-stats.cc:101) Processed 6000 utterances.
LOG (acc-tree-stats:main():acc-tree-stats.cc:101) Processed 7000 utterances.
LOG (acc-tree-stats:main():acc-tree-stats.cc:101) Processed 8000 utterances.
LOG (acc-tree-stats:main():acc-tree-stats.cc:101) Processed 9000 utterances.
LOG (acc-tree-stats:main():acc-tree-stats.cc:101) Processed 10000 utterances.
LOG (acc-tree-stats:main():acc-tree-stats.cc:101) Processed 11000 utterances.
LOG (apply-cmvn:main():apply-cmvn.cc:146) Applied cepstral mean normalization to 11482 utterances, errors on 0
LOG (transform-feats:main():transform-feats.cc:158) Overall average [pseudo-]logdet is -93.1161 over 4.05164e+06 frames.
LOG (transform-feats:main():transform-feats.cc:161) Applied transform to 11482 utterances; 0 had errors.
LOG (acc-tree-stats:main():acc-tree-stats.cc:118) Accumulated stats for 11471 files, 11 failed due to no alignment, 0 failed for other reasons.
LOG (acc-tree-stats:main():acc-tree-stats.cc:121) Number of separate stats (context-dependent states) is 57856
# Accounting: time=73 threads=1
# Ended (code 0) at Sat Mar 11 04:02:20 CST 2017, elapsed time 73 seconds
