# gmm-est --write-occs=exp/tri2b/5.occs --mix-up=5800 --power=0.25 exp/tri2b/4.mdl "gmm-sum-accs - exp/tri2b/4.*.acc |" exp/tri2b/5.mdl 
# Started at Sat Mar 11 04:12:39 CST 2017
#
gmm-est --write-occs=exp/tri2b/5.occs --mix-up=5800 --power=0.25 exp/tri2b/4.mdl 'gmm-sum-accs - exp/tri2b/4.*.acc |' exp/tri2b/5.mdl 
gmm-sum-accs - exp/tri2b/4.1.acc exp/tri2b/4.2.acc exp/tri2b/4.3.acc 
LOG (gmm-sum-accs:main():gmm-sum-accs.cc:63) Summed 3 stats, total count 1.24241e+07, avg like/frame -44.1949
LOG (gmm-sum-accs:main():gmm-sum-accs.cc:66) Total count of stats is 1.24241e+07
LOG (gmm-sum-accs:main():gmm-sum-accs.cc:67) Written stats to -
LOG (gmm-est:MleUpdate():transition-model.cc:517) TransitionModel::Update, objf change is -1.04058e-11 per frame over 1.24241e+07 frames. 
LOG (gmm-est:MleUpdate():transition-model.cc:520) 186 probabilities floored, 4360 out of 8289 transition-states skipped due to insuffient data (it is normal to have some skipped.)
LOG (gmm-est:main():gmm-est.cc:102) Transition model update: Overall -1.04058e-11 log-like improvement per frame over 1.24241e+07 frames.
WARNING (gmm-est:MleDiagGmmUpdate():mle-diag-gmm.cc:365) Gaussian has too little data but not removing it because it is the last Gaussian: i = 0, occ = 0, weight = 1
WARNING (gmm-est:MleDiagGmmUpdate():mle-diag-gmm.cc:365) Gaussian has too little data but not removing it because it is the last Gaussian: i = 0, occ = 0, weight = 1
WARNING (gmm-est:MleDiagGmmUpdate():mle-diag-gmm.cc:365) Gaussian has too little data but not removing it because it is the last Gaussian: i = 0, occ = 0, weight = 1
WARNING (gmm-est:MleDiagGmmUpdate():mle-diag-gmm.cc:365) Gaussian has too little data but not removing it because it is the last Gaussian: i = 0, occ = 0, weight = 1
WARNING (gmm-est:MleDiagGmmUpdate():mle-diag-gmm.cc:365) Gaussian has too little data but not removing it because it is the last Gaussian: i = 0, occ = 0, weight = 1
WARNING (gmm-est:MleDiagGmmUpdate():mle-diag-gmm.cc:365) Gaussian has too little data but not removing it because it is the last Gaussian: i = 0, occ = 0, weight = 1
WARNING (gmm-est:MleDiagGmmUpdate():mle-diag-gmm.cc:365) Gaussian has too little data but not removing it because it is the last Gaussian: i = 0, occ = 4, weight = 1
WARNING (gmm-est:MleDiagGmmUpdate():mle-diag-gmm.cc:365) Gaussian has too little data but not removing it because it is the last Gaussian: i = 0, occ = 0, weight = 1
WARNING (gmm-est:MleDiagGmmUpdate():mle-diag-gmm.cc:365) Gaussian has too little data but not removing it because it is the last Gaussian: i = 0, occ = 0, weight = 1
WARNING (gmm-est:MleDiagGmmUpdate():mle-diag-gmm.cc:365) Gaussian has too little data but not removing it because it is the last Gaussian: i = 0, occ = 0, weight = 1
WARNING (gmm-est:MleDiagGmmUpdate():mle-diag-gmm.cc:365) Gaussian has too little data but not removing it because it is the last Gaussian: i = 0, occ = 0, weight = 1
WARNING (gmm-est:MleDiagGmmUpdate():mle-diag-gmm.cc:365) Gaussian has too little data but not removing it because it is the last Gaussian: i = 0, occ = 0, weight = 1
WARNING (gmm-est:MleDiagGmmUpdate():mle-diag-gmm.cc:365) Gaussian has too little data but not removing it because it is the last Gaussian: i = 0, occ = 0, weight = 1
WARNING (gmm-est:MleDiagGmmUpdate():mle-diag-gmm.cc:365) Gaussian has too little data but not removing it because it is the last Gaussian: i = 0, occ = 0, weight = 1
WARNING (gmm-est:MleDiagGmmUpdate():mle-diag-gmm.cc:365) Gaussian has too little data but not removing it because it is the last Gaussian: i = 0, occ = 0, weight = 1
WARNING (gmm-est:MleDiagGmmUpdate():mle-diag-gmm.cc:365) Gaussian has too little data but not removing it because it is the last Gaussian: i = 0, occ = 0, weight = 1
WARNING (gmm-est:MleDiagGmmUpdate():mle-diag-gmm.cc:365) Gaussian has too little data but not removing it because it is the last Gaussian: i = 0, occ = 0, weight = 1
LOG (gmm-est:MleAmDiagGmmUpdate():mle-am-diag-gmm.cc:225) 0 variance elements floored in 0 Gaussians, out of 4700
LOG (gmm-est:MleAmDiagGmmUpdate():mle-am-diag-gmm.cc:229) Removed 0 Gaussians due to counts < --min-gaussian-occupancy=10 and --remove-low-count-gaussians=true
LOG (gmm-est:main():gmm-est.cc:113) GMM update: Overall 0.64761 objective function improvement per frame over 1.24241e+07 frames
LOG (gmm-est:main():gmm-est.cc:116) GMM update: Overall avg like per frame = -44.1949 over 1.24241e+07 frames.
LOG (gmm-est:SplitByCount():am-diag-gmm.cc:116) Split 2045 states with target = 5800, power = 0.25, perturb_factor = 0.01 and min_count = 20, split #Gauss from 4700 to 5800
LOG (gmm-est:main():gmm-est.cc:146) Written model to exp/tri2b/5.mdl
# Accounting: time=1 threads=1
# Ended (code 0) at Sat Mar 11 04:12:40 CST 2017, elapsed time 1 seconds
