# gunzip -c exp/tri1/decode/depth_stats_tmp.*.gz | steps/diagnostic/analyze_lattice_depth_stats.py exp/tri1/graph 
# Started at Sat Mar 11 06:18:48 CST 2017
#
The total amount of data analyzed assuming 100 frames per second is 8.7 hours
Overall, lattice depth (10,50,90-percentile)=(1,1,7) and mean=3.4
Nonsilence phones as a group account for 56.8% of frames, with lattice depth (10,50,90-percentile)=(1,1,7) and mean=3.7
Phone SIL accounts for 43.2% of frames, with lattice depth (10,50,90-percentile)=(1,1,6) and mean=3.1
Phone Z_E accounts for 2.2% of frames, with lattice depth (10,50,90-percentile)=(1,1,7) and mean=3.4
Phone T_E accounts for 1.8% of frames, with lattice depth (10,50,90-percentile)=(1,2,9) and mean=4.4
Phone DH_B accounts for 1.7% of frames, with lattice depth (10,50,90-percentile)=(1,2,7) and mean=3.6
Phone N_I accounts for 1.6% of frames, with lattice depth (10,50,90-percentile)=(1,1,5) and mean=2.9
Phone IY0_E accounts for 1.5% of frames, with lattice depth (10,50,90-percentile)=(1,1,8) and mean=3.6
Phone W_B accounts for 1.5% of frames, with lattice depth (10,50,90-percentile)=(1,1,8) and mean=3.6
Phone N_E accounts for 1.4% of frames, with lattice depth (10,50,90-percentile)=(1,2,9) and mean=4.4
Phone IH1_B accounts for 1.3% of frames, with lattice depth (10,50,90-percentile)=(1,2,8) and mean=3.8
Phone S_E accounts for 1.3% of frames, with lattice depth (10,50,90-percentile)=(1,1,6) and mean=3.2
Phone AH0_I accounts for 1.3% of frames, with lattice depth (10,50,90-percentile)=(1,1,6) and mean=3.2
Phone S_B accounts for 1.2% of frames, with lattice depth (10,50,90-percentile)=(1,1,8) and mean=4.0
Phone R_I accounts for 1.2% of frames, with lattice depth (10,50,90-percentile)=(1,1,6) and mean=3.0
Phone S_I accounts for 1.2% of frames, with lattice depth (10,50,90-percentile)=(1,1,5) and mean=2.9
Phone EH1_I accounts for 1.1% of frames, with lattice depth (10,50,90-percentile)=(1,1,7) and mean=3.8
Phone T_I accounts for 1.1% of frames, with lattice depth (10,50,90-percentile)=(1,1,6) and mean=3.1
Phone D_E accounts for 1.0% of frames, with lattice depth (10,50,90-percentile)=(1,1,8) and mean=3.9
Phone HH_B accounts for 1.0% of frames, with lattice depth (10,50,90-percentile)=(1,1,7) and mean=3.3
Phone L_I accounts for 1.0% of frames, with lattice depth (10,50,90-percentile)=(1,1,6) and mean=3.1
Phone IH1_I accounts for 0.9% of frames, with lattice depth (10,50,90-percentile)=(1,1,8) and mean=4.1
Phone EY1_I accounts for 0.9% of frames, with lattice depth (10,50,90-percentile)=(1,1,6) and mean=3.2
Phone AO1_I accounts for 0.9% of frames, with lattice depth (10,50,90-percentile)=(1,1,8) and mean=3.7
Phone AE1_I accounts for 0.9% of frames, with lattice depth (10,50,90-percentile)=(1,1,7) and mean=3.3
Phone L_E accounts for 0.9% of frames, with lattice depth (10,50,90-percentile)=(1,2,9) and mean=4.2
Phone AY1_I accounts for 0.9% of frames, with lattice depth (10,50,90-percentile)=(1,1,7) and mean=3.5
Phone T_B accounts for 0.9% of frames, with lattice depth (10,50,90-percentile)=(1,2,9) and mean=4.2
Phone K_I accounts for 0.8% of frames, with lattice depth (10,50,90-percentile)=(1,1,5) and mean=2.8
Phone F_B accounts for 0.8% of frames, with lattice depth (10,50,90-percentile)=(1,1,8) and mean=3.9
Phone K_B accounts for 0.8% of frames, with lattice depth (10,50,90-percentile)=(1,1,8) and mean=3.8
Phone AA1_I accounts for 0.8% of frames, with lattice depth (10,50,90-percentile)=(1,1,7) and mean=3.6
Phone B_B accounts for 0.7% of frames, with lattice depth (10,50,90-percentile)=(1,2,9) and mean=4.0
Phone IY1_I accounts for 0.7% of frames, with lattice depth (10,50,90-percentile)=(1,1,6) and mean=3.2
Phone ER0_E accounts for 0.7% of frames, with lattice depth (10,50,90-percentile)=(1,1,8) and mean=3.7
Phone IY1_E accounts for 0.7% of frames, with lattice depth (10,50,90-percentile)=(1,2,8) and mean=4.0
Phone IH0_I accounts for 0.7% of frames, with lattice depth (10,50,90-percentile)=(1,1,5) and mean=3.0
Phone P_B accounts for 0.6% of frames, with lattice depth (10,50,90-percentile)=(1,1,6) and mean=3.2
Phone AH1_I accounts for 0.6% of frames, with lattice depth (10,50,90-percentile)=(1,2,8) and mean=3.9
Phone M_B accounts for 0.6% of frames, with lattice depth (10,50,90-percentile)=(1,2,9) and mean=4.2
Phone P_I accounts for 0.6% of frames, with lattice depth (10,50,90-percentile)=(1,1,6) and mean=3.0
Phone M_E accounts for 0.5% of frames, with lattice depth (10,50,90-percentile)=(1,2,9) and mean=4.0
Phone UW1_E accounts for 0.5% of frames, with lattice depth (10,50,90-percentile)=(1,2,12) and mean=5.4
Phone N_B accounts for 0.5% of frames, with lattice depth (10,50,90-percentile)=(1,2,9) and mean=4.4
# Accounting: time=0 threads=1
# Ended (code 0) at Sat Mar 11 06:18:48 CST 2017, elapsed time 0 seconds
