# acc-tree-stats --ci-phones=1:2:3:4:5:6:7:8:9:10 exp/mono_ali/final.mdl "ark,s,cs:apply-cmvn  --utt2spk=ark:audio/train/split3/1/utt2spk scp:audio/train/split3/1/cmvn.scp scp:audio/train/split3/1/feats.scp ark:- | add-deltas  ark:- ark:- |" "ark:gunzip -c exp/mono_ali/ali.1.gz|" exp/tri1/1.treeacc 
# Started at Sat Mar 11 01:47:47 CST 2017
#
acc-tree-stats --ci-phones=1:2:3:4:5:6:7:8:9:10 exp/mono_ali/final.mdl 'ark,s,cs:apply-cmvn  --utt2spk=ark:audio/train/split3/1/utt2spk scp:audio/train/split3/1/cmvn.scp scp:audio/train/split3/1/feats.scp ark:- | add-deltas  ark:- ark:- |' 'ark:gunzip -c exp/mono_ali/ali.1.gz|' exp/tri1/1.treeacc 
add-deltas ark:- ark:- 
apply-cmvn --utt2spk=ark:audio/train/split3/1/utt2spk scp:audio/train/split3/1/cmvn.scp scp:audio/train/split3/1/feats.scp ark:- 
LOG (acc-tree-stats:main():acc-tree-stats.cc:101) Processed 1000 utterances.
LOG (acc-tree-stats:main():acc-tree-stats.cc:101) Processed 2000 utterances.
LOG (acc-tree-stats:main():acc-tree-stats.cc:101) Processed 3000 utterances.
LOG (acc-tree-stats:main():acc-tree-stats.cc:101) Processed 4000 utterances.
LOG (acc-tree-stats:main():acc-tree-stats.cc:101) Processed 5000 utterances.
LOG (acc-tree-stats:main():acc-tree-stats.cc:101) Processed 6000 utterances.
LOG (acc-tree-stats:main():acc-tree-stats.cc:101) Processed 7000 utterances.
LOG (acc-tree-stats:main():acc-tree-stats.cc:101) Processed 8000 utterances.
LOG (acc-tree-stats:main():acc-tree-stats.cc:101) Processed 9000 utterances.
LOG (acc-tree-stats:main():acc-tree-stats.cc:101) Processed 10000 utterances.
LOG (acc-tree-stats:main():acc-tree-stats.cc:101) Processed 11000 utterances.
LOG (apply-cmvn:main():apply-cmvn.cc:146) Applied cepstral mean normalization to 11727 utterances, errors on 0
LOG (acc-tree-stats:main():acc-tree-stats.cc:118) Accumulated stats for 11724 files, 3 failed due to no alignment, 0 failed for other reasons.
LOG (acc-tree-stats:main():acc-tree-stats.cc:121) Number of separate stats (context-dependent states) is 51595
# Accounting: time=67 threads=1
# Ended (code 0) at Sat Mar 11 01:48:54 CST 2017, elapsed time 67 seconds
