# compile-train-graphs --read-disambig-syms=data/lang/phones/disambig.int exp/tri1/tree exp/tri1/1.mdl data/lang/L.fst "ark:utils/sym2int.pl --map-oov 4580 -f 2- data/lang/words.txt < audio/train/split3/2/text |" "ark:|gzip -c >exp/tri1/fsts.2.gz" 
# Started at Sat Mar 11 01:49:57 CST 2017
#
compile-train-graphs --read-disambig-syms=data/lang/phones/disambig.int exp/tri1/tree exp/tri1/1.mdl data/lang/L.fst 'ark:utils/sym2int.pl --map-oov 4580 -f 2- data/lang/words.txt < audio/train/split3/2/text |' 'ark:|gzip -c >exp/tri1/fsts.2.gz' 
sym2int.pl: replacing MR with 4580
sym2int.pl: replacing MR with 4580
sym2int.pl: replacing HIBS with 4580
sym2int.pl: replacing BBC with 4580
sym2int.pl: replacing TV with 4580
sym2int.pl: replacing MR with 4580
sym2int.pl: replacing MR with 4580
sym2int.pl: replacing MR with 4580
sym2int.pl: replacing MR with 4580
sym2int.pl: replacing BLUNKETT with 4580
sym2int.pl: replacing SCREENPLAY with 4580
sym2int.pl: replacing GM with 4580
sym2int.pl: replacing MP with 4580
sym2int.pl: replacing MR with 4580
sym2int.pl: replacing MR with 4580
sym2int.pl: replacing MR with 4580
sym2int.pl: replacing HEADTEACHER with 4580
sym2int.pl: replacing HEADTEACHER with 4580
sym2int.pl: replacing MR with 4580
sym2int.pl: replacing SADDAM with 4580
sym2int.pl: not warning for OOVs any more times
** Replaced 381 instances of OOVs with 4580
LOG (compile-train-graphs:main():compile-train-graphs.cc:145) compile-train-graphs: succeeded for 11688 graphs, failed for 0
# Accounting: time=163 threads=1
# Ended (code 0) at Sat Mar 11 01:52:40 CST 2017, elapsed time 163 seconds
