# compile-train-graphs --read-disambig-syms=data/lang/phones/disambig.int exp/tri1/tree exp/tri1/1.mdl data/lang/L.fst "ark:utils/sym2int.pl --map-oov 4580 -f 2- data/lang/words.txt < audio/train/split3/1/text |" "ark:|gzip -c >exp/tri1/fsts.1.gz" 
# Started at Sat Mar 11 01:49:57 CST 2017
#
compile-train-graphs --read-disambig-syms=data/lang/phones/disambig.int exp/tri1/tree exp/tri1/1.mdl data/lang/L.fst 'ark:utils/sym2int.pl --map-oov 4580 -f 2- data/lang/words.txt < audio/train/split3/1/text |' 'ark:|gzip -c >exp/tri1/fsts.1.gz' 
sym2int.pl: replacing SADDAM with 4580
sym2int.pl: replacing MR with 4580
sym2int.pl: replacing RETHINK with 4580
sym2int.pl: replacing MR with 4580
sym2int.pl: replacing MR with 4580
sym2int.pl: replacing GUIDELINES with 4580
sym2int.pl: replacing FINALISED with 4580
sym2int.pl: replacing HEADTEACHER with 4580
sym2int.pl: replacing GRASSROOTS with 4580
sym2int.pl: replacing MR with 4580
sym2int.pl: replacing MR with 4580
sym2int.pl: replacing SADDAM with 4580
sym2int.pl: replacing OUTSOURCING with 4580
sym2int.pl: replacing SADDAM with 4580
sym2int.pl: replacing MR with 4580
sym2int.pl: replacing HEADTEACHER with 4580
sym2int.pl: replacing HEADTEACHER with 4580
sym2int.pl: replacing MR with 4580
sym2int.pl: replacing MR with 4580
sym2int.pl: replacing BLUNKETT with 4580
sym2int.pl: not warning for OOVs any more times
** Replaced 347 instances of OOVs with 4580
LOG (compile-train-graphs:main():compile-train-graphs.cc:145) compile-train-graphs: succeeded for 11727 graphs, failed for 0
# Accounting: time=165 threads=1
# Ended (code 0) at Sat Mar 11 01:52:42 CST 2017, elapsed time 165 seconds
