# gmm-acc-stats-ali exp/mono/28.mdl "ark,s,cs:apply-cmvn  --utt2spk=ark:audio/train/split3/2/utt2spk scp:audio/train/split3/2/cmvn.scp scp:audio/train/split3/2/feats.scp ark:- | add-deltas ark:- ark:- |" "ark:gunzip -c exp/mono/ali.2.gz|" exp/mono/28.2.acc 
# Started at Fri Mar 10 23:44:29 CST 2017
#
gmm-acc-stats-ali exp/mono/28.mdl 'ark,s,cs:apply-cmvn  --utt2spk=ark:audio/train/split3/2/utt2spk scp:audio/train/split3/2/cmvn.scp scp:audio/train/split3/2/feats.scp ark:- | add-deltas ark:- ark:- |' 'ark:gunzip -c exp/mono/ali.2.gz|' exp/mono/28.2.acc 
add-deltas ark:- ark:- 
apply-cmvn --utt2spk=ark:audio/train/split3/2/utt2spk scp:audio/train/split3/2/cmvn.scp scp:audio/train/split3/2/feats.scp ark:- 
LOG (gmm-acc-stats-ali:main():gmm-acc-stats-ali.cc:105) Processed 50 utterances; for utterance p264_062 avg. like is -84.3911 over 310 frames.
LOG (gmm-acc-stats-ali:main():gmm-acc-stats-ali.cc:105) Processed 100 utterances; for utterance p264_123 avg. like is -87.875 over 365 frames.
LOG (gmm-acc-stats-ali:main():gmm-acc-stats-ali.cc:105) Processed 150 utterances; for utterance p264_184 avg. like is -85.2663 over 425 frames.
LOG (gmm-acc-stats-ali:main():gmm-acc-stats-ali.cc:105) Processed 200 utterances; for utterance p264_256 avg. like is -89.4944 over 314 frames.
LOG (gmm-acc-stats-ali:main():gmm-acc-stats-ali.cc:105) Processed 250 utterances; for utterance p264_323 avg. like is -84.0352 over 263 frames.
LOG (gmm-acc-stats-ali:main():gmm-acc-stats-ali.cc:105) Processed 300 utterances; for utterance p264_385 avg. like is -90.7396 over 382 frames.
LOG (gmm-acc-stats-ali:main():gmm-acc-stats-ali.cc:105) Processed 350 utterances; for utterance p264_445 avg. like is -89.2634 over 331 frames.
LOG (gmm-acc-stats-ali:main():gmm-acc-stats-ali.cc:105) Processed 400 utterances; for utterance p265_020 avg. like is -96.9625 over 574 frames.
LOG (gmm-acc-stats-ali:main():gmm-acc-stats-ali.cc:105) Processed 450 utterances; for utterance p265_083 avg. like is -93.4433 over 395 frames.
LOG (gmm-acc-stats-ali:main():gmm-acc-stats-ali.cc:105) Processed 500 utterances; for utterance p265_144 avg. like is -92.556 over 489 frames.
LOG (gmm-acc-stats-ali:main():gmm-acc-stats-ali.cc:105) Processed 550 utterances; for utterance p265_207 avg. like is -88.1718 over 365 frames.
LOG (gmm-acc-stats-ali:main():gmm-acc-stats-ali.cc:105) Processed 600 utterances; for utterance p265_267 avg. like is -91.9259 over 438 frames.
LOG (gmm-acc-stats-ali:main():gmm-acc-stats-ali.cc:105) Processed 650 utterances; for utterance p265_332 avg. like is -95.437 over 579 frames.
LOG (gmm-acc-stats-ali:main():gmm-acc-stats-ali.cc:105) Processed 700 utterances; for utterance p266_045 avg. like is -92.7616 over 272 frames.
LOG (gmm-acc-stats-ali:main():gmm-acc-stats-ali.cc:105) Processed 750 utterances; for utterance p266_101 avg. like is -92.9252 over 331 frames.
LOG (gmm-acc-stats-ali:main():gmm-acc-stats-ali.cc:105) Processed 800 utterances; for utterance p266_158 avg. like is -98.0732 over 374 frames.
LOG (gmm-acc-stats-ali:main():gmm-acc-stats-ali.cc:105) Processed 850 utterances; for utterance p266_223 avg. like is -96.9459 over 361 frames.
LOG (gmm-acc-stats-ali:main():gmm-acc-stats-ali.cc:105) Processed 900 utterances; for utterance p266_281 avg. like is -98.4966 over 344 frames.
LOG (gmm-acc-stats-ali:main():gmm-acc-stats-ali.cc:105) Processed 950 utterances; for utterance p266_349 avg. like is -92.1556 over 216 frames.
LOG (gmm-acc-stats-ali:main():gmm-acc-stats-ali.cc:105) Processed 1000 utterances; for utterance p266_423 avg. like is -94.3043 over 288 frames.
LOG (gmm-acc-stats-ali:main():gmm-acc-stats-ali.cc:105) Processed 1050 utterances; for utterance p267_060 avg. like is -93.5679 over 280 frames.
LOG (gmm-acc-stats-ali:main():gmm-acc-stats-ali.cc:105) Processed 1100 utterances; for utterance p267_120 avg. like is -91.9502 over 237 frames.
LOG (gmm-acc-stats-ali:main():gmm-acc-stats-ali.cc:105) Processed 1150 utterances; for utterance p267_182 avg. like is -95.784 over 220 frames.
LOG (gmm-acc-stats-ali:main():gmm-acc-stats-ali.cc:105) Processed 1200 utterances; for utterance p267_243 avg. like is -90.57 over 229 frames.
LOG (gmm-acc-stats-ali:main():gmm-acc-stats-ali.cc:105) Processed 1250 utterances; for utterance p267_314 avg. like is -87.667 over 242 frames.
LOG (gmm-acc-stats-ali:main():gmm-acc-stats-ali.cc:105) Processed 1300 utterances; for utterance p267_378 avg. like is -94.6442 over 319 frames.
LOG (gmm-acc-stats-ali:main():gmm-acc-stats-ali.cc:105) Processed 1350 utterances; for utterance p268_020 avg. like is -94.1532 over 540 frames.
LOG (gmm-acc-stats-ali:main():gmm-acc-stats-ali.cc:105) Processed 1400 utterances; for utterance p268_082 avg. like is -92.4109 over 306 frames.
LOG (gmm-acc-stats-ali:main():gmm-acc-stats-ali.cc:105) Processed 1450 utterances; for utterance p268_142 avg. like is -92.2903 over 574 frames.
LOG (gmm-acc-stats-ali:main():gmm-acc-stats-ali.cc:105) Processed 1500 utterances; for utterance p268_207 avg. like is -90.8734 over 408 frames.
LOG (gmm-acc-stats-ali:main():gmm-acc-stats-ali.cc:105) Processed 1550 utterances; for utterance p268_268 avg. like is -90.3223 over 523 frames.
LOG (gmm-acc-stats-ali:main():gmm-acc-stats-ali.cc:105) Processed 1600 utterances; for utterance p268_327 avg. like is -87.3353 over 685 frames.
LOG (gmm-acc-stats-ali:main():gmm-acc-stats-ali.cc:105) Processed 1650 utterances; for utterance p268_400 avg. like is -85.7303 over 420 frames.
LOG (gmm-acc-stats-ali:main():gmm-acc-stats-ali.cc:105) Processed 1700 utterances; for utterance p269_052 avg. like is -84.1883 over 190 frames.
LOG (gmm-acc-stats-ali:main():gmm-acc-stats-ali.cc:105) Processed 1750 utterances; for utterance p269_127 avg. like is -89.5381 over 416 frames.
LOG (gmm-acc-stats-ali:main():gmm-acc-stats-ali.cc:105) Processed 1800 utterances; for utterance p269_188 avg. like is -92.369 over 288 frames.
LOG (gmm-acc-stats-ali:main():gmm-acc-stats-ali.cc:105) Processed 1850 utterances; for utterance p269_252 avg. like is -86.1237 over 237 frames.
LOG (gmm-acc-stats-ali:main():gmm-acc-stats-ali.cc:105) Processed 1900 utterances; for utterance p269_311 avg. like is -91.5864 over 434 frames.
LOG (gmm-acc-stats-ali:main():gmm-acc-stats-ali.cc:105) Processed 1950 utterances; for utterance p269_377 avg. like is -93.1381 over 455 frames.
LOG (gmm-acc-stats-ali:main():gmm-acc-stats-ali.cc:105) Processed 2000 utterances; for utterance p270_028 avg. like is -97.4957 over 284 frames.
LOG (gmm-acc-stats-ali:main():gmm-acc-stats-ali.cc:105) Processed 2050 utterances; for utterance p270_097 avg. like is -92.2676 over 309 frames.
LOG (gmm-acc-stats-ali:main():gmm-acc-stats-ali.cc:105) Processed 2100 utterances; for utterance p270_164 avg. like is -92.5226 over 220 frames.
LOG (gmm-acc-stats-ali:main():gmm-acc-stats-ali.cc:105) Processed 2150 utterances; for utterance p270_222 avg. like is -90.593 over 254 frames.
LOG (gmm-acc-stats-ali:main():gmm-acc-stats-ali.cc:105) Processed 2200 utterances; for utterance p270_275 avg. like is -89.4021 over 246 frames.
LOG (gmm-acc-stats-ali:main():gmm-acc-stats-ali.cc:105) Processed 2250 utterances; for utterance p270_344 avg. like is -91.5218 over 212 frames.
LOG (gmm-acc-stats-ali:main():gmm-acc-stats-ali.cc:105) Processed 2300 utterances; for utterance p270_404 avg. like is -94.2077 over 327 frames.
LOG (gmm-acc-stats-ali:main():gmm-acc-stats-ali.cc:105) Processed 2350 utterances; for utterance p271_009 avg. like is -97.5119 over 536 frames.
LOG (gmm-acc-stats-ali:main():gmm-acc-stats-ali.cc:105) Processed 2400 utterances; for utterance p271_072 avg. like is -96.2661 over 425 frames.
LOG (gmm-acc-stats-ali:main():gmm-acc-stats-ali.cc:105) Processed 2450 utterances; for utterance p271_133 avg. like is -97.2291 over 408 frames.
LOG (gmm-acc-stats-ali:main():gmm-acc-stats-ali.cc:105) Processed 2500 utterances; for utterance p271_200 avg. like is -92.7367 over 480 frames.
LOG (gmm-acc-stats-ali:main():gmm-acc-stats-ali.cc:105) Processed 2550 utterances; for utterance p271_262 avg. like is -89.4696 over 297 frames.
LOG (gmm-acc-stats-ali:main():gmm-acc-stats-ali.cc:105) Processed 2600 utterances; for utterance p271_323 avg. like is -90.4685 over 280 frames.
LOG (gmm-acc-stats-ali:main():gmm-acc-stats-ali.cc:105) Processed 2650 utterances; for utterance p271_380 avg. like is -91.1426 over 246 frames.
LOG (gmm-acc-stats-ali:main():gmm-acc-stats-ali.cc:105) Processed 2700 utterances; for utterance p271_445 avg. like is -91.8274 over 416 frames.
LOG (gmm-acc-stats-ali:main():gmm-acc-stats-ali.cc:105) Processed 2750 utterances; for utterance p272_056 avg. like is -91.2378 over 246 frames.
LOG (gmm-acc-stats-ali:main():gmm-acc-stats-ali.cc:105) Processed 2800 utterances; for utterance p272_122 avg. like is -85.3525 over 160 frames.
LOG (gmm-acc-stats-ali:main():gmm-acc-stats-ali.cc:105) Processed 2850 utterances; for utterance p272_185 avg. like is -89.5885 over 305 frames.
LOG (gmm-acc-stats-ali:main():gmm-acc-stats-ali.cc:105) Processed 2900 utterances; for utterance p272_248 avg. like is -87.6407 over 237 frames.
LOG (gmm-acc-stats-ali:main():gmm-acc-stats-ali.cc:105) Processed 2950 utterances; for utterance p272_309 avg. like is -93.1185 over 416 frames.
LOG (gmm-acc-stats-ali:main():gmm-acc-stats-ali.cc:105) Processed 3000 utterances; for utterance p272_371 avg. like is -88.5342 over 212 frames.
LOG (gmm-acc-stats-ali:main():gmm-acc-stats-ali.cc:105) Processed 3050 utterances; for utterance p273_026 avg. like is -93.3618 over 344 frames.
LOG (gmm-acc-stats-ali:main():gmm-acc-stats-ali.cc:105) Processed 3100 utterances; for utterance p273_096 avg. like is -94.6027 over 382 frames.
LOG (gmm-acc-stats-ali:main():gmm-acc-stats-ali.cc:105) Processed 3150 utterances; for utterance p273_155 avg. like is -88.656 over 224 frames.
LOG (gmm-acc-stats-ali:main():gmm-acc-stats-ali.cc:105) Processed 3200 utterances; for utterance p273_214 avg. like is -99.309 over 263 frames.
LOG (gmm-acc-stats-ali:main():gmm-acc-stats-ali.cc:105) Processed 3250 utterances; for utterance p273_278 avg. like is -97.0294 over 314 frames.
LOG (gmm-acc-stats-ali:main():gmm-acc-stats-ali.cc:105) Processed 3300 utterances; for utterance p273_336 avg. like is -102.762 over 395 frames.
LOG (gmm-acc-stats-ali:main():gmm-acc-stats-ali.cc:105) Processed 3350 utterances; for utterance p273_402 avg. like is -91.3724 over 194 frames.
LOG (gmm-acc-stats-ali:main():gmm-acc-stats-ali.cc:105) Processed 3400 utterances; for utterance p274_024 avg. like is -96.9792 over 745 frames.
LOG (gmm-acc-stats-ali:main():gmm-acc-stats-ali.cc:105) Processed 3450 utterances; for utterance p274_096 avg. like is -90.9978 over 352 frames.
LOG (gmm-acc-stats-ali:main():gmm-acc-stats-ali.cc:105) Processed 3500 utterances; for utterance p274_153 avg. like is -93.6314 over 263 frames.
LOG (gmm-acc-stats-ali:main():gmm-acc-stats-ali.cc:105) Processed 3550 utterances; for utterance p274_220 avg. like is -93.3279 over 365 frames.
LOG (gmm-acc-stats-ali:main():gmm-acc-stats-ali.cc:105) Processed 3600 utterances; for utterance p274_281 avg. like is -97.556 over 352 frames.
LOG (gmm-acc-stats-ali:main():gmm-acc-stats-ali.cc:105) Processed 3650 utterances; for utterance p274_342 avg. like is -91.0965 over 254 frames.
LOG (gmm-acc-stats-ali:main():gmm-acc-stats-ali.cc:105) Processed 3700 utterances; for utterance p274_404 avg. like is -96.8946 over 293 frames.
LOG (gmm-acc-stats-ali:main():gmm-acc-stats-ali.cc:105) Processed 3750 utterances; for utterance p274_468 avg. like is -96.4757 over 467 frames.
WARNING (gmm-acc-stats-ali:main():gmm-acc-stats-ali.cc:79) No alignment for utterance p275_024
LOG (gmm-acc-stats-ali:main():gmm-acc-stats-ali.cc:105) Processed 3800 utterances; for utterance p275_061 avg. like is -91.2553 over 246 frames.
LOG (gmm-acc-stats-ali:main():gmm-acc-stats-ali.cc:105) Processed 3850 utterances; for utterance p275_122 avg. like is -75.9011 over 194 frames.
LOG (gmm-acc-stats-ali:main():gmm-acc-stats-ali.cc:105) Processed 3900 utterances; for utterance p275_195 avg. like is -86.507 over 258 frames.
LOG (gmm-acc-stats-ali:main():gmm-acc-stats-ali.cc:105) Processed 3950 utterances; for utterance p275_262 avg. like is -86.2836 over 263 frames.
LOG (gmm-acc-stats-ali:main():gmm-acc-stats-ali.cc:105) Processed 4000 utterances; for utterance p275_327 avg. like is -95.2007 over 348 frames.
LOG (gmm-acc-stats-ali:main():gmm-acc-stats-ali.cc:105) Processed 4050 utterances; for utterance p275_388 avg. like is -86.8292 over 220 frames.
LOG (gmm-acc-stats-ali:main():gmm-acc-stats-ali.cc:105) Processed 4100 utterances; for utterance p276_022 avg. like is -97.0991 over 719 frames.
LOG (gmm-acc-stats-ali:main():gmm-acc-stats-ali.cc:105) Processed 4150 utterances; for utterance p276_086 avg. like is -92.7455 over 335 frames.
LOG (gmm-acc-stats-ali:main():gmm-acc-stats-ali.cc:105) Processed 4200 utterances; for utterance p276_149 avg. like is -91.607 over 259 frames.
LOG (gmm-acc-stats-ali:main():gmm-acc-stats-ali.cc:105) Processed 4250 utterances; for utterance p276_210 avg. like is -89.8309 over 288 frames.
LOG (gmm-acc-stats-ali:main():gmm-acc-stats-ali.cc:105) Processed 4300 utterances; for utterance p276_273 avg. like is -87.0683 over 344 frames.
LOG (gmm-acc-stats-ali:main():gmm-acc-stats-ali.cc:105) Processed 4350 utterances; for utterance p276_336 avg. like is -91.8989 over 289 frames.
LOG (gmm-acc-stats-ali:main():gmm-acc-stats-ali.cc:105) Processed 4400 utterances; for utterance p276_402 avg. like is -85.0461 over 399 frames.
LOG (gmm-acc-stats-ali:main():gmm-acc-stats-ali.cc:105) Processed 4450 utterances; for utterance p276_463 avg. like is -88.3273 over 374 frames.
LOG (gmm-acc-stats-ali:main():gmm-acc-stats-ali.cc:105) Processed 4500 utterances; for utterance p277_062 avg. like is -88.4353 over 288 frames.
LOG (gmm-acc-stats-ali:main():gmm-acc-stats-ali.cc:105) Processed 4550 utterances; for utterance p277_119 avg. like is -100.209 over 429 frames.
LOG (gmm-acc-stats-ali:main():gmm-acc-stats-ali.cc:105) Processed 4600 utterances; for utterance p277_187 avg. like is -98.0277 over 455 frames.
LOG (gmm-acc-stats-ali:main():gmm-acc-stats-ali.cc:105) Processed 4650 utterances; for utterance p277_249 avg. like is -85.5281 over 246 frames.
LOG (gmm-acc-stats-ali:main():gmm-acc-stats-ali.cc:105) Processed 4700 utterances; for utterance p277_315 avg. like is -95.794 over 357 frames.
LOG (gmm-acc-stats-ali:main():gmm-acc-stats-ali.cc:105) Processed 4750 utterances; for utterance p277_382 avg. like is -90.9607 over 305 frames.
LOG (gmm-acc-stats-ali:main():gmm-acc-stats-ali.cc:105) Processed 4800 utterances; for utterance p277_436 avg. like is -84.7302 over 352 frames.
LOG (gmm-acc-stats-ali:main():gmm-acc-stats-ali.cc:105) Processed 4850 utterances; for utterance p278_041 avg. like is -90.4361 over 519 frames.
LOG (gmm-acc-stats-ali:main():gmm-acc-stats-ali.cc:105) Processed 4900 utterances; for utterance p278_103 avg. like is -86.7545 over 306 frames.
LOG (gmm-acc-stats-ali:main():gmm-acc-stats-ali.cc:105) Processed 4950 utterances; for utterance p278_158 avg. like is -86.1314 over 271 frames.
LOG (gmm-acc-stats-ali:main():gmm-acc-stats-ali.cc:105) Processed 5000 utterances; for utterance p278_219 avg. like is -97.2748 over 276 frames.
LOG (gmm-acc-stats-ali:main():gmm-acc-stats-ali.cc:105) Processed 5050 utterances; for utterance p278_282 avg. like is -86.4932 over 297 frames.
LOG (gmm-acc-stats-ali:main():gmm-acc-stats-ali.cc:105) Processed 5100 utterances; for utterance p278_355 avg. like is -80.2012 over 335 frames.
LOG (gmm-acc-stats-ali:main():gmm-acc-stats-ali.cc:105) Processed 5150 utterances; for utterance p279_008 avg. like is -98.4826 over 642 frames.
LOG (gmm-acc-stats-ali:main():gmm-acc-stats-ali.cc:105) Processed 5200 utterances; for utterance p279_075 avg. like is -85.0109 over 353 frames.
LOG (gmm-acc-stats-ali:main():gmm-acc-stats-ali.cc:105) Processed 5250 utterances; for utterance p279_139 avg. like is -103.906 over 353 frames.
LOG (gmm-acc-stats-ali:main():gmm-acc-stats-ali.cc:105) Processed 5300 utterances; for utterance p279_200 avg. like is -82.673 over 178 frames.
WARNING (gmm-acc-stats-ali:main():gmm-acc-stats-ali.cc:79) No alignment for utterance p279_227
LOG (gmm-acc-stats-ali:main():gmm-acc-stats-ali.cc:105) Processed 5350 utterances; for utterance p279_258 avg. like is -94.5443 over 416 frames.
LOG (gmm-acc-stats-ali:main():gmm-acc-stats-ali.cc:105) Processed 5400 utterances; for utterance p279_315 avg. like is -84.71 over 212 frames.
LOG (gmm-acc-stats-ali:main():gmm-acc-stats-ali.cc:105) Processed 5450 utterances; for utterance p279_382 avg. like is -85.4144 over 220 frames.
LOG (gmm-acc-stats-ali:main():gmm-acc-stats-ali.cc:105) Processed 5500 utterances; for utterance p281_040 avg. like is -87.2802 over 297 frames.
LOG (gmm-acc-stats-ali:main():gmm-acc-stats-ali.cc:105) Processed 5550 utterances; for utterance p281_102 avg. like is -88.8407 over 310 frames.
LOG (gmm-acc-stats-ali:main():gmm-acc-stats-ali.cc:105) Processed 5600 utterances; for utterance p281_165 avg. like is -91.0144 over 255 frames.
LOG (gmm-acc-stats-ali:main():gmm-acc-stats-ali.cc:105) Processed 5650 utterances; for utterance p281_226 avg. like is -87.4176 over 446 frames.
LOG (gmm-acc-stats-ali:main():gmm-acc-stats-ali.cc:105) Processed 5700 utterances; for utterance p281_285 avg. like is -82.9342 over 318 frames.
LOG (gmm-acc-stats-ali:main():gmm-acc-stats-ali.cc:105) Processed 5750 utterances; for utterance p281_349 avg. like is -89.8851 over 463 frames.
LOG (gmm-acc-stats-ali:main():gmm-acc-stats-ali.cc:105) Processed 5800 utterances; for utterance p281_419 avg. like is -87.3627 over 446 frames.
WARNING (gmm-acc-stats-ali:main():gmm-acc-stats-ali.cc:79) No alignment for utterance p282_010
LOG (gmm-acc-stats-ali:main():gmm-acc-stats-ali.cc:105) Processed 5850 utterances; for utterance p282_020 avg. like is -97.3689 over 421 frames.
WARNING (gmm-acc-stats-ali:main():gmm-acc-stats-ali.cc:79) No alignment for utterance p282_021
WARNING (gmm-acc-stats-ali:main():gmm-acc-stats-ali.cc:79) No alignment for utterance p282_063
LOG (gmm-acc-stats-ali:main():gmm-acc-stats-ali.cc:105) Processed 5900 utterances; for utterance p282_090 avg. like is -98.9039 over 455 frames.
WARNING (gmm-acc-stats-ali:main():gmm-acc-stats-ali.cc:79) No alignment for utterance p282_133
LOG (gmm-acc-stats-ali:main():gmm-acc-stats-ali.cc:105) Processed 5950 utterances; for utterance p282_152 avg. like is -88.5062 over 480 frames.
LOG (gmm-acc-stats-ali:main():gmm-acc-stats-ali.cc:105) Processed 6000 utterances; for utterance p282_211 avg. like is -83.6602 over 242 frames.
LOG (gmm-acc-stats-ali:main():gmm-acc-stats-ali.cc:105) Processed 6050 utterances; for utterance p282_275 avg. like is -82.7354 over 344 frames.
LOG (gmm-acc-stats-ali:main():gmm-acc-stats-ali.cc:105) Processed 6100 utterances; for utterance p282_338 avg. like is -90.998 over 595 frames.
LOG (gmm-acc-stats-ali:main():gmm-acc-stats-ali.cc:105) Processed 6150 utterances; for utterance p283_029 avg. like is -90.5138 over 254 frames.
LOG (gmm-acc-stats-ali:main():gmm-acc-stats-ali.cc:105) Processed 6200 utterances; for utterance p283_090 avg. like is -98.0074 over 267 frames.
LOG (gmm-acc-stats-ali:main():gmm-acc-stats-ali.cc:105) Processed 6250 utterances; for utterance p283_153 avg. like is -96.5999 over 276 frames.
LOG (gmm-acc-stats-ali:main():gmm-acc-stats-ali.cc:105) Processed 6300 utterances; for utterance p283_210 avg. like is -94.5999 over 284 frames.
LOG (gmm-acc-stats-ali:main():gmm-acc-stats-ali.cc:105) Processed 6350 utterances; for utterance p283_277 avg. like is -94.4387 over 310 frames.
LOG (gmm-acc-stats-ali:main():gmm-acc-stats-ali.cc:105) Processed 6400 utterances; for utterance p283_344 avg. like is -91.4585 over 280 frames.
LOG (gmm-acc-stats-ali:main():gmm-acc-stats-ali.cc:105) Processed 6450 utterances; for utterance p283_408 avg. like is -95.2086 over 254 frames.
LOG (gmm-acc-stats-ali:main():gmm-acc-stats-ali.cc:105) Processed 6500 utterances; for utterance p283_469 avg. like is -95.3941 over 323 frames.
LOG (gmm-acc-stats-ali:main():gmm-acc-stats-ali.cc:105) Processed 6550 utterances; for utterance p284_057 avg. like is -93.3469 over 233 frames.
LOG (gmm-acc-stats-ali:main():gmm-acc-stats-ali.cc:105) Processed 6600 utterances; for utterance p284_119 avg. like is -89.7786 over 195 frames.
LOG (gmm-acc-stats-ali:main():gmm-acc-stats-ali.cc:105) Processed 6650 utterances; for utterance p284_176 avg. like is -97.0067 over 429 frames.
LOG (gmm-acc-stats-ali:main():gmm-acc-stats-ali.cc:105) Processed 6700 utterances; for utterance p284_245 avg. like is -86.752 over 199 frames.
LOG (gmm-acc-stats-ali:main():gmm-acc-stats-ali.cc:105) Processed 6750 utterances; for utterance p284_304 avg. like is -101.576 over 391 frames.
LOG (gmm-acc-stats-ali:main():gmm-acc-stats-ali.cc:105) Processed 6800 utterances; for utterance p284_371 avg. like is -91.7878 over 233 frames.
LOG (gmm-acc-stats-ali:main():gmm-acc-stats-ali.cc:105) Processed 6850 utterances; for utterance p285_010 avg. like is -90.3657 over 331 frames.
LOG (gmm-acc-stats-ali:main():gmm-acc-stats-ali.cc:105) Processed 6900 utterances; for utterance p285_073 avg. like is -90.978 over 199 frames.
LOG (gmm-acc-stats-ali:main():gmm-acc-stats-ali.cc:105) Processed 6950 utterances; for utterance p285_133 avg. like is -94.5868 over 318 frames.
LOG (gmm-acc-stats-ali:main():gmm-acc-stats-ali.cc:105) Processed 7000 utterances; for utterance p285_192 avg. like is -92.3187 over 229 frames.
LOG (gmm-acc-stats-ali:main():gmm-acc-stats-ali.cc:105) Processed 7050 utterances; for utterance p285_261 avg. like is -93.3767 over 195 frames.
LOG (gmm-acc-stats-ali:main():gmm-acc-stats-ali.cc:105) Processed 7100 utterances; for utterance p285_323 avg. like is -93.4072 over 186 frames.
LOG (gmm-acc-stats-ali:main():gmm-acc-stats-ali.cc:105) Processed 7150 utterances; for utterance p285_382 avg. like is -93.1622 over 207 frames.
LOG (gmm-acc-stats-ali:main():gmm-acc-stats-ali.cc:105) Processed 7200 utterances; for utterance p286_045 avg. like is -91.1111 over 263 frames.
LOG (gmm-acc-stats-ali:main():gmm-acc-stats-ali.cc:105) Processed 7250 utterances; for utterance p286_110 avg. like is -94.1239 over 374 frames.
LOG (gmm-acc-stats-ali:main():gmm-acc-stats-ali.cc:105) Processed 7300 utterances; for utterance p286_171 avg. like is -94.1667 over 258 frames.
LOG (gmm-acc-stats-ali:main():gmm-acc-stats-ali.cc:105) Processed 7350 utterances; for utterance p286_231 avg. like is -91.3108 over 335 frames.
LOG (gmm-acc-stats-ali:main():gmm-acc-stats-ali.cc:105) Processed 7400 utterances; for utterance p286_294 avg. like is -92.8046 over 301 frames.
LOG (gmm-acc-stats-ali:main():gmm-acc-stats-ali.cc:105) Processed 7450 utterances; for utterance p286_366 avg. like is -92.8381 over 365 frames.
LOG (gmm-acc-stats-ali:main():gmm-acc-stats-ali.cc:105) Processed 7500 utterances; for utterance p286_425 avg. like is -95.0249 over 301 frames.
LOG (gmm-acc-stats-ali:main():gmm-acc-stats-ali.cc:105) Processed 7550 utterances; for utterance p287_021 avg. like is -101.495 over 929 frames.
LOG (gmm-acc-stats-ali:main():gmm-acc-stats-ali.cc:105) Processed 7600 utterances; for utterance p287_085 avg. like is -86.9245 over 280 frames.
LOG (gmm-acc-stats-ali:main():gmm-acc-stats-ali.cc:105) Processed 7650 utterances; for utterance p287_146 avg. like is -91.8111 over 340 frames.
LOG (gmm-acc-stats-ali:main():gmm-acc-stats-ali.cc:105) Processed 7700 utterances; for utterance p287_210 avg. like is -93.7973 over 365 frames.
LOG (gmm-acc-stats-ali:main():gmm-acc-stats-ali.cc:105) Processed 7750 utterances; for utterance p287_270 avg. like is -91.8963 over 318 frames.
LOG (gmm-acc-stats-ali:main():gmm-acc-stats-ali.cc:105) Processed 7800 utterances; for utterance p287_332 avg. like is -87.631 over 212 frames.
LOG (gmm-acc-stats-ali:main():gmm-acc-stats-ali.cc:105) Processed 7850 utterances; for utterance p287_391 avg. like is -83.1477 over 267 frames.
LOG (gmm-acc-stats-ali:main():gmm-acc-stats-ali.cc:105) Processed 7900 utterances; for utterance p288_028 avg. like is -98.1304 over 382 frames.
LOG (gmm-acc-stats-ali:main():gmm-acc-stats-ali.cc:105) Processed 7950 utterances; for utterance p288_098 avg. like is -89.9612 over 288 frames.
LOG (gmm-acc-stats-ali:main():gmm-acc-stats-ali.cc:105) Processed 8000 utterances; for utterance p288_167 avg. like is -88.9235 over 237 frames.
LOG (gmm-acc-stats-ali:main():gmm-acc-stats-ali.cc:105) Processed 8050 utterances; for utterance p288_231 avg. like is -85.4824 over 259 frames.
LOG (gmm-acc-stats-ali:main():gmm-acc-stats-ali.cc:105) Processed 8100 utterances; for utterance p288_291 avg. like is -89.4538 over 310 frames.
LOG (gmm-acc-stats-ali:main():gmm-acc-stats-ali.cc:105) Processed 8150 utterances; for utterance p288_348 avg. like is -95.1773 over 442 frames.
LOG (gmm-acc-stats-ali:main():gmm-acc-stats-ali.cc:105) Processed 8200 utterances; for utterance p288_404 avg. like is -96.3196 over 446 frames.
LOG (gmm-acc-stats-ali:main():gmm-acc-stats-ali.cc:105) Processed 8250 utterances; for utterance p292_071 avg. like is -92.2983 over 335 frames.
LOG (gmm-acc-stats-ali:main():gmm-acc-stats-ali.cc:105) Processed 8300 utterances; for utterance p292_129 avg. like is -86.7427 over 344 frames.
LOG (gmm-acc-stats-ali:main():gmm-acc-stats-ali.cc:105) Processed 8350 utterances; for utterance p292_196 avg. like is -91.6492 over 339 frames.
LOG (gmm-acc-stats-ali:main():gmm-acc-stats-ali.cc:105) Processed 8400 utterances; for utterance p292_261 avg. like is -85.0414 over 259 frames.
LOG (gmm-acc-stats-ali:main():gmm-acc-stats-ali.cc:105) Processed 8450 utterances; for utterance p292_316 avg. like is -81.4128 over 276 frames.
LOG (gmm-acc-stats-ali:main():gmm-acc-stats-ali.cc:105) Processed 8500 utterances; for utterance p292_379 avg. like is -88.0338 over 314 frames.
LOG (gmm-acc-stats-ali:main():gmm-acc-stats-ali.cc:105) Processed 8550 utterances; for utterance p293_019 avg. like is -89.9001 over 1022 frames.
LOG (gmm-acc-stats-ali:main():gmm-acc-stats-ali.cc:105) Processed 8600 utterances; for utterance p293_088 avg. like is -85.1156 over 387 frames.
LOG (gmm-acc-stats-ali:main():gmm-acc-stats-ali.cc:105) Processed 8650 utterances; for utterance p293_148 avg. like is -80.9878 over 510 frames.
LOG (gmm-acc-stats-ali:main():gmm-acc-stats-ali.cc:105) Processed 8700 utterances; for utterance p293_209 avg. like is -89.1712 over 353 frames.
LOG (gmm-acc-stats-ali:main():gmm-acc-stats-ali.cc:105) Processed 8750 utterances; for utterance p293_268 avg. like is -83.3413 over 344 frames.
LOG (gmm-acc-stats-ali:main():gmm-acc-stats-ali.cc:105) Processed 8800 utterances; for utterance p293_335 avg. like is -76.7603 over 480 frames.
LOG (gmm-acc-stats-ali:main():gmm-acc-stats-ali.cc:105) Processed 8850 utterances; for utterance p293_399 avg. like is -86.226 over 374 frames.
LOG (gmm-acc-stats-ali:main():gmm-acc-stats-ali.cc:105) Processed 8900 utterances; for utterance p294_073 avg. like is -89.6125 over 361 frames.
LOG (gmm-acc-stats-ali:main():gmm-acc-stats-ali.cc:105) Processed 8950 utterances; for utterance p294_137 avg. like is -94.3756 over 370 frames.
LOG (gmm-acc-stats-ali:main():gmm-acc-stats-ali.cc:105) Processed 9000 utterances; for utterance p294_197 avg. like is -92.8542 over 288 frames.
LOG (gmm-acc-stats-ali:main():gmm-acc-stats-ali.cc:105) Processed 9050 utterances; for utterance p294_258 avg. like is -89.6347 over 318 frames.
LOG (gmm-acc-stats-ali:main():gmm-acc-stats-ali.cc:105) Processed 9100 utterances; for utterance p294_321 avg. like is -85.2468 over 301 frames.
LOG (gmm-acc-stats-ali:main():gmm-acc-stats-ali.cc:105) Processed 9150 utterances; for utterance p294_377 avg. like is -89.6988 over 344 frames.
LOG (gmm-acc-stats-ali:main():gmm-acc-stats-ali.cc:105) Processed 9200 utterances; for utterance p295_017 avg. like is -87.314 over 463 frames.
WARNING (gmm-acc-stats-ali:main():gmm-acc-stats-ali.cc:79) No alignment for utterance p295_047
LOG (gmm-acc-stats-ali:main():gmm-acc-stats-ali.cc:105) Processed 9250 utterances; for utterance p295_081 avg. like is -91.5079 over 395 frames.
LOG (gmm-acc-stats-ali:main():gmm-acc-stats-ali.cc:105) Processed 9300 utterances; for utterance p295_145 avg. like is -93.9702 over 323 frames.
LOG (gmm-acc-stats-ali:main():gmm-acc-stats-ali.cc:105) Processed 9350 utterances; for utterance p295_210 avg. like is -89.0321 over 382 frames.
LOG (gmm-acc-stats-ali:main():gmm-acc-stats-ali.cc:105) Processed 9400 utterances; for utterance p295_267 avg. like is -96.976 over 284 frames.
LOG (gmm-acc-stats-ali:main():gmm-acc-stats-ali.cc:105) Processed 9450 utterances; for utterance p295_331 avg. like is -90.2633 over 310 frames.
WARNING (gmm-acc-stats-ali:main():gmm-acc-stats-ali.cc:79) No alignment for utterance p295_334
LOG (gmm-acc-stats-ali:main():gmm-acc-stats-ali.cc:105) Processed 9500 utterances; for utterance p295_393 avg. like is -92.3535 over 391 frames.
LOG (gmm-acc-stats-ali:main():gmm-acc-stats-ali.cc:105) Processed 9550 utterances; for utterance p297_037 avg. like is -87.4995 over 382 frames.
LOG (gmm-acc-stats-ali:main():gmm-acc-stats-ali.cc:105) Processed 9600 utterances; for utterance p297_103 avg. like is -84.579 over 352 frames.
LOG (gmm-acc-stats-ali:main():gmm-acc-stats-ali.cc:105) Processed 9650 utterances; for utterance p297_164 avg. like is -84.6664 over 331 frames.
LOG (gmm-acc-stats-ali:main():gmm-acc-stats-ali.cc:105) Processed 9700 utterances; for utterance p297_229 avg. like is -84.9332 over 391 frames.
LOG (gmm-acc-stats-ali:main():gmm-acc-stats-ali.cc:105) Processed 9750 utterances; for utterance p297_298 avg. like is -86.8485 over 352 frames.
LOG (gmm-acc-stats-ali:main():gmm-acc-stats-ali.cc:105) Processed 9800 utterances; for utterance p297_357 avg. like is -86.7929 over 322 frames.
LOG (gmm-acc-stats-ali:main():gmm-acc-stats-ali.cc:105) Processed 9850 utterances; for utterance p297_419 avg. like is -93.7707 over 348 frames.
LOG (gmm-acc-stats-ali:main():gmm-acc-stats-ali.cc:105) Processed 9900 utterances; for utterance p298_058 avg. like is -85.6868 over 476 frames.
LOG (gmm-acc-stats-ali:main():gmm-acc-stats-ali.cc:105) Processed 9950 utterances; for utterance p298_114 avg. like is -73.8815 over 369 frames.
LOG (gmm-acc-stats-ali:main():gmm-acc-stats-ali.cc:105) Processed 10000 utterances; for utterance p298_182 avg. like is -88.7591 over 318 frames.
LOG (gmm-acc-stats-ali:main():gmm-acc-stats-ali.cc:105) Processed 10050 utterances; for utterance p298_246 avg. like is -89.6175 over 280 frames.
LOG (gmm-acc-stats-ali:main():gmm-acc-stats-ali.cc:105) Processed 10100 utterances; for utterance p298_307 avg. like is -87.9883 over 447 frames.
LOG (gmm-acc-stats-ali:main():gmm-acc-stats-ali.cc:105) Processed 10150 utterances; for utterance p298_368 avg. like is -77.5606 over 600 frames.
LOG (gmm-acc-stats-ali:main():gmm-acc-stats-ali.cc:105) Processed 10200 utterances; for utterance p299_026 avg. like is -90.7033 over 374 frames.
LOG (gmm-acc-stats-ali:main():gmm-acc-stats-ali.cc:105) Processed 10250 utterances; for utterance p299_085 avg. like is -89.5297 over 339 frames.
LOG (gmm-acc-stats-ali:main():gmm-acc-stats-ali.cc:105) Processed 10300 utterances; for utterance p299_149 avg. like is -93.8477 over 386 frames.
LOG (gmm-acc-stats-ali:main():gmm-acc-stats-ali.cc:105) Processed 10350 utterances; for utterance p299_214 avg. like is -91.1744 over 348 frames.
LOG (gmm-acc-stats-ali:main():gmm-acc-stats-ali.cc:105) Processed 10400 utterances; for utterance p299_276 avg. like is -91.2569 over 276 frames.
LOG (gmm-acc-stats-ali:main():gmm-acc-stats-ali.cc:105) Processed 10450 utterances; for utterance p299_344 avg. like is -95.1991 over 344 frames.
LOG (gmm-acc-stats-ali:main():gmm-acc-stats-ali.cc:105) Processed 10500 utterances; for utterance p299_403 avg. like is -90.8355 over 357 frames.
LOG (gmm-acc-stats-ali:main():gmm-acc-stats-ali.cc:105) Processed 10550 utterances; for utterance p300_058 avg. like is -96.7175 over 557 frames.
LOG (gmm-acc-stats-ali:main():gmm-acc-stats-ali.cc:105) Processed 10600 utterances; for utterance p300_123 avg. like is -89.3538 over 404 frames.
LOG (gmm-acc-stats-ali:main():gmm-acc-stats-ali.cc:105) Processed 10650 utterances; for utterance p300_186 avg. like is -87.7805 over 395 frames.
LOG (gmm-acc-stats-ali:main():gmm-acc-stats-ali.cc:105) Processed 10700 utterances; for utterance p300_250 avg. like is -89.0632 over 472 frames.
LOG (gmm-acc-stats-ali:main():gmm-acc-stats-ali.cc:105) Processed 10750 utterances; for utterance p300_309 avg. like is -88.5395 over 429 frames.
LOG (gmm-acc-stats-ali:main():gmm-acc-stats-ali.cc:105) Processed 10800 utterances; for utterance p300_368 avg. like is -95.1295 over 365 frames.
LOG (gmm-acc-stats-ali:main():gmm-acc-stats-ali.cc:105) Processed 10850 utterances; for utterance p301_040 avg. like is -84.366 over 480 frames.
LOG (gmm-acc-stats-ali:main():gmm-acc-stats-ali.cc:105) Processed 10900 utterances; for utterance p301_100 avg. like is -87.6113 over 425 frames.
LOG (gmm-acc-stats-ali:main():gmm-acc-stats-ali.cc:105) Processed 10950 utterances; for utterance p301_164 avg. like is -84.511 over 476 frames.
LOG (gmm-acc-stats-ali:main():gmm-acc-stats-ali.cc:105) Processed 11000 utterances; for utterance p301_223 avg. like is -83.1071 over 502 frames.
LOG (gmm-acc-stats-ali:main():gmm-acc-stats-ali.cc:105) Processed 11050 utterances; for utterance p301_286 avg. like is -88.3048 over 562 frames.
LOG (gmm-acc-stats-ali:main():gmm-acc-stats-ali.cc:105) Processed 11100 utterances; for utterance p301_347 avg. like is -85.5494 over 472 frames.
LOG (gmm-acc-stats-ali:main():gmm-acc-stats-ali.cc:105) Processed 11150 utterances; for utterance p302_001 avg. like is -94.3543 over 246 frames.
WARNING (gmm-acc-stats-ali:main():gmm-acc-stats-ali.cc:79) No alignment for utterance p302_013
LOG (gmm-acc-stats-ali:main():gmm-acc-stats-ali.cc:105) Processed 11200 utterances; for utterance p302_067 avg. like is -86.6942 over 404 frames.
LOG (gmm-acc-stats-ali:main():gmm-acc-stats-ali.cc:105) Processed 11250 utterances; for utterance p302_133 avg. like is -82.9858 over 357 frames.
LOG (gmm-acc-stats-ali:main():gmm-acc-stats-ali.cc:105) Processed 11300 utterances; for utterance p302_199 avg. like is -88.0066 over 352 frames.
LOG (gmm-acc-stats-ali:main():gmm-acc-stats-ali.cc:105) Processed 11350 utterances; for utterance p302_262 avg. like is -89.2057 over 288 frames.
LOG (gmm-acc-stats-ali:main():gmm-acc-stats-ali.cc:105) Processed 11400 utterances; for utterance p303_004 avg. like is -87.3584 over 732 frames.
LOG (gmm-acc-stats-ali:main():gmm-acc-stats-ali.cc:105) Processed 11450 utterances; for utterance p303_066 avg. like is -90.6487 over 511 frames.
LOG (gmm-acc-stats-ali:main():gmm-acc-stats-ali.cc:105) Processed 11500 utterances; for utterance p303_130 avg. like is -90.6001 over 489 frames.
LOG (gmm-acc-stats-ali:main():gmm-acc-stats-ali.cc:105) Processed 11550 utterances; for utterance p303_190 avg. like is -88.7115 over 690 frames.
LOG (gmm-acc-stats-ali:main():gmm-acc-stats-ali.cc:105) Processed 11600 utterances; for utterance p303_249 avg. like is -89.5491 over 323 frames.
LOG (gmm-acc-stats-ali:main():gmm-acc-stats-ali.cc:105) Processed 11650 utterances; for utterance p303_315 avg. like is -84.2077 over 391 frames.
LOG (apply-cmvn:main():apply-cmvn.cc:146) Applied cepstral mean normalization to 11688 utterances, errors on 0
LOG (gmm-acc-stats-ali:main():gmm-acc-stats-ali.cc:112) Done 11679 files, 9 with errors.
LOG (gmm-acc-stats-ali:main():gmm-acc-stats-ali.cc:115) Overall avg like per frame (Gaussian only) = -90.612 over 4247546 frames.
LOG (gmm-acc-stats-ali:main():gmm-acc-stats-ali.cc:123) Written accs.
# Accounting: time=40 threads=1
# Ended (code 0) at Fri Mar 10 23:45:09 CST 2017, elapsed time 40 seconds
