# gmm-acc-stats-ali exp/mono/14.mdl "ark,s,cs:apply-cmvn  --utt2spk=ark:audio/train/split3/2/utt2spk scp:audio/train/split3/2/cmvn.scp scp:audio/train/split3/2/feats.scp ark:- | add-deltas ark:- ark:- |" "ark:gunzip -c exp/mono/ali.2.gz|" exp/mono/14.2.acc 
# Started at Fri Mar 10 23:13:23 CST 2017
#
gmm-acc-stats-ali exp/mono/14.mdl 'ark,s,cs:apply-cmvn  --utt2spk=ark:audio/train/split3/2/utt2spk scp:audio/train/split3/2/cmvn.scp scp:audio/train/split3/2/feats.scp ark:- | add-deltas ark:- ark:- |' 'ark:gunzip -c exp/mono/ali.2.gz|' exp/mono/14.2.acc 
add-deltas ark:- ark:- 
apply-cmvn --utt2spk=ark:audio/train/split3/2/utt2spk scp:audio/train/split3/2/cmvn.scp scp:audio/train/split3/2/feats.scp ark:- 
LOG (gmm-acc-stats-ali:main():gmm-acc-stats-ali.cc:105) Processed 50 utterances; for utterance p264_062 avg. like is -85.0603 over 310 frames.
LOG (gmm-acc-stats-ali:main():gmm-acc-stats-ali.cc:105) Processed 100 utterances; for utterance p264_123 avg. like is -88.7167 over 365 frames.
LOG (gmm-acc-stats-ali:main():gmm-acc-stats-ali.cc:105) Processed 150 utterances; for utterance p264_184 avg. like is -86.2415 over 425 frames.
LOG (gmm-acc-stats-ali:main():gmm-acc-stats-ali.cc:105) Processed 200 utterances; for utterance p264_256 avg. like is -90.6962 over 314 frames.
LOG (gmm-acc-stats-ali:main():gmm-acc-stats-ali.cc:105) Processed 250 utterances; for utterance p264_323 avg. like is -84.9679 over 263 frames.
LOG (gmm-acc-stats-ali:main():gmm-acc-stats-ali.cc:105) Processed 300 utterances; for utterance p264_385 avg. like is -91.3952 over 382 frames.
LOG (gmm-acc-stats-ali:main():gmm-acc-stats-ali.cc:105) Processed 350 utterances; for utterance p264_445 avg. like is -90.4863 over 331 frames.
LOG (gmm-acc-stats-ali:main():gmm-acc-stats-ali.cc:105) Processed 400 utterances; for utterance p265_020 avg. like is -98.4789 over 574 frames.
LOG (gmm-acc-stats-ali:main():gmm-acc-stats-ali.cc:105) Processed 450 utterances; for utterance p265_083 avg. like is -94.7279 over 395 frames.
LOG (gmm-acc-stats-ali:main():gmm-acc-stats-ali.cc:105) Processed 500 utterances; for utterance p265_144 avg. like is -94.0603 over 489 frames.
LOG (gmm-acc-stats-ali:main():gmm-acc-stats-ali.cc:105) Processed 550 utterances; for utterance p265_207 avg. like is -89.2331 over 365 frames.
LOG (gmm-acc-stats-ali:main():gmm-acc-stats-ali.cc:105) Processed 600 utterances; for utterance p265_267 avg. like is -93.1081 over 438 frames.
LOG (gmm-acc-stats-ali:main():gmm-acc-stats-ali.cc:105) Processed 650 utterances; for utterance p265_332 avg. like is -96.6865 over 579 frames.
LOG (gmm-acc-stats-ali:main():gmm-acc-stats-ali.cc:105) Processed 700 utterances; for utterance p266_045 avg. like is -93.7193 over 272 frames.
LOG (gmm-acc-stats-ali:main():gmm-acc-stats-ali.cc:105) Processed 750 utterances; for utterance p266_101 avg. like is -94.2559 over 331 frames.
LOG (gmm-acc-stats-ali:main():gmm-acc-stats-ali.cc:105) Processed 800 utterances; for utterance p266_158 avg. like is -99.3942 over 374 frames.
LOG (gmm-acc-stats-ali:main():gmm-acc-stats-ali.cc:105) Processed 850 utterances; for utterance p266_223 avg. like is -98.1858 over 361 frames.
LOG (gmm-acc-stats-ali:main():gmm-acc-stats-ali.cc:105) Processed 900 utterances; for utterance p266_281 avg. like is -99.6612 over 344 frames.
LOG (gmm-acc-stats-ali:main():gmm-acc-stats-ali.cc:105) Processed 950 utterances; for utterance p266_349 avg. like is -93.4432 over 216 frames.
LOG (gmm-acc-stats-ali:main():gmm-acc-stats-ali.cc:105) Processed 1000 utterances; for utterance p266_423 avg. like is -95.2581 over 288 frames.
LOG (gmm-acc-stats-ali:main():gmm-acc-stats-ali.cc:105) Processed 1050 utterances; for utterance p267_060 avg. like is -94.7539 over 280 frames.
LOG (gmm-acc-stats-ali:main():gmm-acc-stats-ali.cc:105) Processed 1100 utterances; for utterance p267_120 avg. like is -93.3832 over 237 frames.
LOG (gmm-acc-stats-ali:main():gmm-acc-stats-ali.cc:105) Processed 1150 utterances; for utterance p267_182 avg. like is -97.198 over 220 frames.
LOG (gmm-acc-stats-ali:main():gmm-acc-stats-ali.cc:105) Processed 1200 utterances; for utterance p267_243 avg. like is -91.5268 over 229 frames.
LOG (gmm-acc-stats-ali:main():gmm-acc-stats-ali.cc:105) Processed 1250 utterances; for utterance p267_314 avg. like is -88.9029 over 242 frames.
LOG (gmm-acc-stats-ali:main():gmm-acc-stats-ali.cc:105) Processed 1300 utterances; for utterance p267_378 avg. like is -96.178 over 319 frames.
LOG (gmm-acc-stats-ali:main():gmm-acc-stats-ali.cc:105) Processed 1350 utterances; for utterance p268_020 avg. like is -95.4609 over 540 frames.
LOG (gmm-acc-stats-ali:main():gmm-acc-stats-ali.cc:105) Processed 1400 utterances; for utterance p268_082 avg. like is -93.7466 over 306 frames.
LOG (gmm-acc-stats-ali:main():gmm-acc-stats-ali.cc:105) Processed 1450 utterances; for utterance p268_142 avg. like is -93.4338 over 574 frames.
LOG (gmm-acc-stats-ali:main():gmm-acc-stats-ali.cc:105) Processed 1500 utterances; for utterance p268_207 avg. like is -92.0111 over 408 frames.
LOG (gmm-acc-stats-ali:main():gmm-acc-stats-ali.cc:105) Processed 1550 utterances; for utterance p268_268 avg. like is -91.3264 over 523 frames.
LOG (gmm-acc-stats-ali:main():gmm-acc-stats-ali.cc:105) Processed 1600 utterances; for utterance p268_327 avg. like is -89.1044 over 685 frames.
LOG (gmm-acc-stats-ali:main():gmm-acc-stats-ali.cc:105) Processed 1650 utterances; for utterance p268_400 avg. like is -87.481 over 420 frames.
LOG (gmm-acc-stats-ali:main():gmm-acc-stats-ali.cc:105) Processed 1700 utterances; for utterance p269_052 avg. like is -85.5203 over 190 frames.
LOG (gmm-acc-stats-ali:main():gmm-acc-stats-ali.cc:105) Processed 1750 utterances; for utterance p269_127 avg. like is -90.8451 over 416 frames.
LOG (gmm-acc-stats-ali:main():gmm-acc-stats-ali.cc:105) Processed 1800 utterances; for utterance p269_188 avg. like is -93.3164 over 288 frames.
LOG (gmm-acc-stats-ali:main():gmm-acc-stats-ali.cc:105) Processed 1850 utterances; for utterance p269_252 avg. like is -86.871 over 237 frames.
LOG (gmm-acc-stats-ali:main():gmm-acc-stats-ali.cc:105) Processed 1900 utterances; for utterance p269_311 avg. like is -93.2115 over 434 frames.
LOG (gmm-acc-stats-ali:main():gmm-acc-stats-ali.cc:105) Processed 1950 utterances; for utterance p269_377 avg. like is -94.5755 over 455 frames.
LOG (gmm-acc-stats-ali:main():gmm-acc-stats-ali.cc:105) Processed 2000 utterances; for utterance p270_028 avg. like is -98.182 over 284 frames.
LOG (gmm-acc-stats-ali:main():gmm-acc-stats-ali.cc:105) Processed 2050 utterances; for utterance p270_097 avg. like is -93.6397 over 309 frames.
LOG (gmm-acc-stats-ali:main():gmm-acc-stats-ali.cc:105) Processed 2100 utterances; for utterance p270_164 avg. like is -93.4537 over 220 frames.
LOG (gmm-acc-stats-ali:main():gmm-acc-stats-ali.cc:105) Processed 2150 utterances; for utterance p270_222 avg. like is -91.7946 over 254 frames.
LOG (gmm-acc-stats-ali:main():gmm-acc-stats-ali.cc:105) Processed 2200 utterances; for utterance p270_275 avg. like is -90.6229 over 246 frames.
LOG (gmm-acc-stats-ali:main():gmm-acc-stats-ali.cc:105) Processed 2250 utterances; for utterance p270_344 avg. like is -93.2508 over 212 frames.
LOG (gmm-acc-stats-ali:main():gmm-acc-stats-ali.cc:105) Processed 2300 utterances; for utterance p270_404 avg. like is -95.173 over 327 frames.
LOG (gmm-acc-stats-ali:main():gmm-acc-stats-ali.cc:105) Processed 2350 utterances; for utterance p271_009 avg. like is -98.7205 over 536 frames.
LOG (gmm-acc-stats-ali:main():gmm-acc-stats-ali.cc:105) Processed 2400 utterances; for utterance p271_072 avg. like is -97.5852 over 425 frames.
LOG (gmm-acc-stats-ali:main():gmm-acc-stats-ali.cc:105) Processed 2450 utterances; for utterance p271_133 avg. like is -98.4903 over 408 frames.
LOG (gmm-acc-stats-ali:main():gmm-acc-stats-ali.cc:105) Processed 2500 utterances; for utterance p271_200 avg. like is -94.0986 over 480 frames.
LOG (gmm-acc-stats-ali:main():gmm-acc-stats-ali.cc:105) Processed 2550 utterances; for utterance p271_262 avg. like is -90.1383 over 297 frames.
LOG (gmm-acc-stats-ali:main():gmm-acc-stats-ali.cc:105) Processed 2600 utterances; for utterance p271_323 avg. like is -91.2725 over 280 frames.
LOG (gmm-acc-stats-ali:main():gmm-acc-stats-ali.cc:105) Processed 2650 utterances; for utterance p271_380 avg. like is -91.9691 over 246 frames.
LOG (gmm-acc-stats-ali:main():gmm-acc-stats-ali.cc:105) Processed 2700 utterances; for utterance p271_445 avg. like is -92.7541 over 416 frames.
LOG (gmm-acc-stats-ali:main():gmm-acc-stats-ali.cc:105) Processed 2750 utterances; for utterance p272_056 avg. like is -92.3379 over 246 frames.
LOG (gmm-acc-stats-ali:main():gmm-acc-stats-ali.cc:105) Processed 2800 utterances; for utterance p272_122 avg. like is -86.5315 over 160 frames.
LOG (gmm-acc-stats-ali:main():gmm-acc-stats-ali.cc:105) Processed 2850 utterances; for utterance p272_185 avg. like is -90.741 over 305 frames.
LOG (gmm-acc-stats-ali:main():gmm-acc-stats-ali.cc:105) Processed 2900 utterances; for utterance p272_248 avg. like is -89.0606 over 237 frames.
LOG (gmm-acc-stats-ali:main():gmm-acc-stats-ali.cc:105) Processed 2950 utterances; for utterance p272_309 avg. like is -94.5158 over 416 frames.
LOG (gmm-acc-stats-ali:main():gmm-acc-stats-ali.cc:105) Processed 3000 utterances; for utterance p272_371 avg. like is -90.0207 over 212 frames.
LOG (gmm-acc-stats-ali:main():gmm-acc-stats-ali.cc:105) Processed 3050 utterances; for utterance p273_026 avg. like is -94.0831 over 344 frames.
LOG (gmm-acc-stats-ali:main():gmm-acc-stats-ali.cc:105) Processed 3100 utterances; for utterance p273_096 avg. like is -96.064 over 382 frames.
LOG (gmm-acc-stats-ali:main():gmm-acc-stats-ali.cc:105) Processed 3150 utterances; for utterance p273_155 avg. like is -89.7218 over 224 frames.
LOG (gmm-acc-stats-ali:main():gmm-acc-stats-ali.cc:105) Processed 3200 utterances; for utterance p273_214 avg. like is -100.625 over 263 frames.
LOG (gmm-acc-stats-ali:main():gmm-acc-stats-ali.cc:105) Processed 3250 utterances; for utterance p273_278 avg. like is -98.1952 over 314 frames.
LOG (gmm-acc-stats-ali:main():gmm-acc-stats-ali.cc:105) Processed 3300 utterances; for utterance p273_336 avg. like is -104.12 over 395 frames.
LOG (gmm-acc-stats-ali:main():gmm-acc-stats-ali.cc:105) Processed 3350 utterances; for utterance p273_402 avg. like is -92.297 over 194 frames.
LOG (gmm-acc-stats-ali:main():gmm-acc-stats-ali.cc:105) Processed 3400 utterances; for utterance p274_024 avg. like is -97.9184 over 745 frames.
LOG (gmm-acc-stats-ali:main():gmm-acc-stats-ali.cc:105) Processed 3450 utterances; for utterance p274_096 avg. like is -92.3511 over 352 frames.
LOG (gmm-acc-stats-ali:main():gmm-acc-stats-ali.cc:105) Processed 3500 utterances; for utterance p274_153 avg. like is -94.5931 over 263 frames.
LOG (gmm-acc-stats-ali:main():gmm-acc-stats-ali.cc:105) Processed 3550 utterances; for utterance p274_220 avg. like is -94.1813 over 365 frames.
LOG (gmm-acc-stats-ali:main():gmm-acc-stats-ali.cc:105) Processed 3600 utterances; for utterance p274_281 avg. like is -98.6167 over 352 frames.
LOG (gmm-acc-stats-ali:main():gmm-acc-stats-ali.cc:105) Processed 3650 utterances; for utterance p274_342 avg. like is -92.3122 over 254 frames.
LOG (gmm-acc-stats-ali:main():gmm-acc-stats-ali.cc:105) Processed 3700 utterances; for utterance p274_404 avg. like is -98.0638 over 293 frames.
LOG (gmm-acc-stats-ali:main():gmm-acc-stats-ali.cc:105) Processed 3750 utterances; for utterance p274_468 avg. like is -97.4835 over 467 frames.
WARNING (gmm-acc-stats-ali:main():gmm-acc-stats-ali.cc:79) No alignment for utterance p275_024
LOG (gmm-acc-stats-ali:main():gmm-acc-stats-ali.cc:105) Processed 3800 utterances; for utterance p275_061 avg. like is -92.3556 over 246 frames.
LOG (gmm-acc-stats-ali:main():gmm-acc-stats-ali.cc:105) Processed 3850 utterances; for utterance p275_122 avg. like is -77.1645 over 194 frames.
LOG (gmm-acc-stats-ali:main():gmm-acc-stats-ali.cc:105) Processed 3900 utterances; for utterance p275_195 avg. like is -87.6405 over 258 frames.
LOG (gmm-acc-stats-ali:main():gmm-acc-stats-ali.cc:105) Processed 3950 utterances; for utterance p275_262 avg. like is -87.6134 over 263 frames.
LOG (gmm-acc-stats-ali:main():gmm-acc-stats-ali.cc:105) Processed 4000 utterances; for utterance p275_327 avg. like is -96.3549 over 348 frames.
LOG (gmm-acc-stats-ali:main():gmm-acc-stats-ali.cc:105) Processed 4050 utterances; for utterance p275_388 avg. like is -87.6784 over 220 frames.
LOG (gmm-acc-stats-ali:main():gmm-acc-stats-ali.cc:105) Processed 4100 utterances; for utterance p276_022 avg. like is -98.6608 over 719 frames.
LOG (gmm-acc-stats-ali:main():gmm-acc-stats-ali.cc:105) Processed 4150 utterances; for utterance p276_086 avg. like is -94.3939 over 335 frames.
LOG (gmm-acc-stats-ali:main():gmm-acc-stats-ali.cc:105) Processed 4200 utterances; for utterance p276_149 avg. like is -92.8803 over 259 frames.
LOG (gmm-acc-stats-ali:main():gmm-acc-stats-ali.cc:105) Processed 4250 utterances; for utterance p276_210 avg. like is -90.7895 over 288 frames.
LOG (gmm-acc-stats-ali:main():gmm-acc-stats-ali.cc:105) Processed 4300 utterances; for utterance p276_273 avg. like is -88.3782 over 344 frames.
LOG (gmm-acc-stats-ali:main():gmm-acc-stats-ali.cc:105) Processed 4350 utterances; for utterance p276_336 avg. like is -93.5803 over 289 frames.
LOG (gmm-acc-stats-ali:main():gmm-acc-stats-ali.cc:105) Processed 4400 utterances; for utterance p276_402 avg. like is -86.0266 over 399 frames.
LOG (gmm-acc-stats-ali:main():gmm-acc-stats-ali.cc:105) Processed 4450 utterances; for utterance p276_463 avg. like is -89.3556 over 374 frames.
LOG (gmm-acc-stats-ali:main():gmm-acc-stats-ali.cc:105) Processed 4500 utterances; for utterance p277_062 avg. like is -89.1015 over 288 frames.
LOG (gmm-acc-stats-ali:main():gmm-acc-stats-ali.cc:105) Processed 4550 utterances; for utterance p277_119 avg. like is -101.762 over 429 frames.
LOG (gmm-acc-stats-ali:main():gmm-acc-stats-ali.cc:105) Processed 4600 utterances; for utterance p277_187 avg. like is -99.4558 over 455 frames.
LOG (gmm-acc-stats-ali:main():gmm-acc-stats-ali.cc:105) Processed 4650 utterances; for utterance p277_249 avg. like is -87.1631 over 246 frames.
LOG (gmm-acc-stats-ali:main():gmm-acc-stats-ali.cc:105) Processed 4700 utterances; for utterance p277_315 avg. like is -97.1061 over 357 frames.
LOG (gmm-acc-stats-ali:main():gmm-acc-stats-ali.cc:105) Processed 4750 utterances; for utterance p277_382 avg. like is -92.6792 over 305 frames.
LOG (gmm-acc-stats-ali:main():gmm-acc-stats-ali.cc:105) Processed 4800 utterances; for utterance p277_436 avg. like is -86.2214 over 352 frames.
LOG (gmm-acc-stats-ali:main():gmm-acc-stats-ali.cc:105) Processed 4850 utterances; for utterance p278_041 avg. like is -91.788 over 519 frames.
LOG (gmm-acc-stats-ali:main():gmm-acc-stats-ali.cc:105) Processed 4900 utterances; for utterance p278_103 avg. like is -87.816 over 306 frames.
LOG (gmm-acc-stats-ali:main():gmm-acc-stats-ali.cc:105) Processed 4950 utterances; for utterance p278_158 avg. like is -87.5912 over 271 frames.
LOG (gmm-acc-stats-ali:main():gmm-acc-stats-ali.cc:105) Processed 5000 utterances; for utterance p278_219 avg. like is -98.1398 over 276 frames.
LOG (gmm-acc-stats-ali:main():gmm-acc-stats-ali.cc:105) Processed 5050 utterances; for utterance p278_282 avg. like is -87.5134 over 297 frames.
LOG (gmm-acc-stats-ali:main():gmm-acc-stats-ali.cc:105) Processed 5100 utterances; for utterance p278_355 avg. like is -81.6184 over 335 frames.
LOG (gmm-acc-stats-ali:main():gmm-acc-stats-ali.cc:105) Processed 5150 utterances; for utterance p279_008 avg. like is -99.672 over 642 frames.
LOG (gmm-acc-stats-ali:main():gmm-acc-stats-ali.cc:105) Processed 5200 utterances; for utterance p279_075 avg. like is -85.4218 over 353 frames.
LOG (gmm-acc-stats-ali:main():gmm-acc-stats-ali.cc:105) Processed 5250 utterances; for utterance p279_139 avg. like is -105.175 over 353 frames.
LOG (gmm-acc-stats-ali:main():gmm-acc-stats-ali.cc:105) Processed 5300 utterances; for utterance p279_200 avg. like is -83.8706 over 178 frames.
WARNING (gmm-acc-stats-ali:main():gmm-acc-stats-ali.cc:79) No alignment for utterance p279_227
LOG (gmm-acc-stats-ali:main():gmm-acc-stats-ali.cc:105) Processed 5350 utterances; for utterance p279_258 avg. like is -96.0361 over 416 frames.
LOG (gmm-acc-stats-ali:main():gmm-acc-stats-ali.cc:105) Processed 5400 utterances; for utterance p279_315 avg. like is -85.8783 over 212 frames.
LOG (gmm-acc-stats-ali:main():gmm-acc-stats-ali.cc:105) Processed 5450 utterances; for utterance p279_382 avg. like is -86.7914 over 220 frames.
LOG (gmm-acc-stats-ali:main():gmm-acc-stats-ali.cc:105) Processed 5500 utterances; for utterance p281_040 avg. like is -88.5689 over 297 frames.
LOG (gmm-acc-stats-ali:main():gmm-acc-stats-ali.cc:105) Processed 5550 utterances; for utterance p281_102 avg. like is -89.4743 over 310 frames.
LOG (gmm-acc-stats-ali:main():gmm-acc-stats-ali.cc:105) Processed 5600 utterances; for utterance p281_165 avg. like is -92.2876 over 255 frames.
LOG (gmm-acc-stats-ali:main():gmm-acc-stats-ali.cc:105) Processed 5650 utterances; for utterance p281_226 avg. like is -88.5063 over 446 frames.
LOG (gmm-acc-stats-ali:main():gmm-acc-stats-ali.cc:105) Processed 5700 utterances; for utterance p281_285 avg. like is -84.3476 over 318 frames.
LOG (gmm-acc-stats-ali:main():gmm-acc-stats-ali.cc:105) Processed 5750 utterances; for utterance p281_349 avg. like is -91.0589 over 463 frames.
LOG (gmm-acc-stats-ali:main():gmm-acc-stats-ali.cc:105) Processed 5800 utterances; for utterance p281_419 avg. like is -87.9926 over 446 frames.
WARNING (gmm-acc-stats-ali:main():gmm-acc-stats-ali.cc:79) No alignment for utterance p282_010
LOG (gmm-acc-stats-ali:main():gmm-acc-stats-ali.cc:105) Processed 5850 utterances; for utterance p282_020 avg. like is -98.8316 over 421 frames.
WARNING (gmm-acc-stats-ali:main():gmm-acc-stats-ali.cc:79) No alignment for utterance p282_021
WARNING (gmm-acc-stats-ali:main():gmm-acc-stats-ali.cc:79) No alignment for utterance p282_063
LOG (gmm-acc-stats-ali:main():gmm-acc-stats-ali.cc:105) Processed 5900 utterances; for utterance p282_090 avg. like is -100.436 over 455 frames.
WARNING (gmm-acc-stats-ali:main():gmm-acc-stats-ali.cc:79) No alignment for utterance p282_133
LOG (gmm-acc-stats-ali:main():gmm-acc-stats-ali.cc:105) Processed 5950 utterances; for utterance p282_152 avg. like is -89.8839 over 480 frames.
LOG (gmm-acc-stats-ali:main():gmm-acc-stats-ali.cc:105) Processed 6000 utterances; for utterance p282_211 avg. like is -85.1354 over 242 frames.
LOG (gmm-acc-stats-ali:main():gmm-acc-stats-ali.cc:105) Processed 6050 utterances; for utterance p282_275 avg. like is -83.5554 over 344 frames.
LOG (gmm-acc-stats-ali:main():gmm-acc-stats-ali.cc:105) Processed 6100 utterances; for utterance p282_338 avg. like is -92.4497 over 595 frames.
LOG (gmm-acc-stats-ali:main():gmm-acc-stats-ali.cc:105) Processed 6150 utterances; for utterance p283_029 avg. like is -91.5125 over 254 frames.
LOG (gmm-acc-stats-ali:main():gmm-acc-stats-ali.cc:105) Processed 6200 utterances; for utterance p283_090 avg. like is -98.7266 over 267 frames.
LOG (gmm-acc-stats-ali:main():gmm-acc-stats-ali.cc:105) Processed 6250 utterances; for utterance p283_153 avg. like is -97.5076 over 276 frames.
LOG (gmm-acc-stats-ali:main():gmm-acc-stats-ali.cc:105) Processed 6300 utterances; for utterance p283_210 avg. like is -96.0865 over 284 frames.
LOG (gmm-acc-stats-ali:main():gmm-acc-stats-ali.cc:105) Processed 6350 utterances; for utterance p283_277 avg. like is -95.8668 over 310 frames.
LOG (gmm-acc-stats-ali:main():gmm-acc-stats-ali.cc:105) Processed 6400 utterances; for utterance p283_344 avg. like is -92.3827 over 280 frames.
LOG (gmm-acc-stats-ali:main():gmm-acc-stats-ali.cc:105) Processed 6450 utterances; for utterance p283_408 avg. like is -96.0501 over 254 frames.
LOG (gmm-acc-stats-ali:main():gmm-acc-stats-ali.cc:105) Processed 6500 utterances; for utterance p283_469 avg. like is -96.557 over 323 frames.
LOG (gmm-acc-stats-ali:main():gmm-acc-stats-ali.cc:105) Processed 6550 utterances; for utterance p284_057 avg. like is -94.4355 over 233 frames.
LOG (gmm-acc-stats-ali:main():gmm-acc-stats-ali.cc:105) Processed 6600 utterances; for utterance p284_119 avg. like is -90.749 over 195 frames.
LOG (gmm-acc-stats-ali:main():gmm-acc-stats-ali.cc:105) Processed 6650 utterances; for utterance p284_176 avg. like is -98.167 over 429 frames.
LOG (gmm-acc-stats-ali:main():gmm-acc-stats-ali.cc:105) Processed 6700 utterances; for utterance p284_245 avg. like is -87.7453 over 199 frames.
LOG (gmm-acc-stats-ali:main():gmm-acc-stats-ali.cc:105) Processed 6750 utterances; for utterance p284_304 avg. like is -102.806 over 391 frames.
LOG (gmm-acc-stats-ali:main():gmm-acc-stats-ali.cc:105) Processed 6800 utterances; for utterance p284_371 avg. like is -92.9006 over 233 frames.
LOG (gmm-acc-stats-ali:main():gmm-acc-stats-ali.cc:105) Processed 6850 utterances; for utterance p285_010 avg. like is -91.1592 over 331 frames.
LOG (gmm-acc-stats-ali:main():gmm-acc-stats-ali.cc:105) Processed 6900 utterances; for utterance p285_073 avg. like is -92.1886 over 199 frames.
LOG (gmm-acc-stats-ali:main():gmm-acc-stats-ali.cc:105) Processed 6950 utterances; for utterance p285_133 avg. like is -96.03 over 318 frames.
LOG (gmm-acc-stats-ali:main():gmm-acc-stats-ali.cc:105) Processed 7000 utterances; for utterance p285_192 avg. like is -93.1223 over 229 frames.
LOG (gmm-acc-stats-ali:main():gmm-acc-stats-ali.cc:105) Processed 7050 utterances; for utterance p285_261 avg. like is -94.6923 over 195 frames.
LOG (gmm-acc-stats-ali:main():gmm-acc-stats-ali.cc:105) Processed 7100 utterances; for utterance p285_323 avg. like is -94.0592 over 186 frames.
LOG (gmm-acc-stats-ali:main():gmm-acc-stats-ali.cc:105) Processed 7150 utterances; for utterance p285_382 avg. like is -94.0155 over 207 frames.
LOG (gmm-acc-stats-ali:main():gmm-acc-stats-ali.cc:105) Processed 7200 utterances; for utterance p286_045 avg. like is -92.0552 over 263 frames.
LOG (gmm-acc-stats-ali:main():gmm-acc-stats-ali.cc:105) Processed 7250 utterances; for utterance p286_110 avg. like is -94.9172 over 374 frames.
LOG (gmm-acc-stats-ali:main():gmm-acc-stats-ali.cc:105) Processed 7300 utterances; for utterance p286_171 avg. like is -94.911 over 258 frames.
LOG (gmm-acc-stats-ali:main():gmm-acc-stats-ali.cc:105) Processed 7350 utterances; for utterance p286_231 avg. like is -92.3631 over 335 frames.
LOG (gmm-acc-stats-ali:main():gmm-acc-stats-ali.cc:105) Processed 7400 utterances; for utterance p286_294 avg. like is -93.8363 over 301 frames.
LOG (gmm-acc-stats-ali:main():gmm-acc-stats-ali.cc:105) Processed 7450 utterances; for utterance p286_366 avg. like is -93.8625 over 365 frames.
LOG (gmm-acc-stats-ali:main():gmm-acc-stats-ali.cc:105) Processed 7500 utterances; for utterance p286_425 avg. like is -96.2045 over 301 frames.
LOG (gmm-acc-stats-ali:main():gmm-acc-stats-ali.cc:105) Processed 7550 utterances; for utterance p287_021 avg. like is -102.473 over 929 frames.
LOG (gmm-acc-stats-ali:main():gmm-acc-stats-ali.cc:105) Processed 7600 utterances; for utterance p287_085 avg. like is -88.1976 over 280 frames.
LOG (gmm-acc-stats-ali:main():gmm-acc-stats-ali.cc:105) Processed 7650 utterances; for utterance p287_146 avg. like is -92.9334 over 340 frames.
LOG (gmm-acc-stats-ali:main():gmm-acc-stats-ali.cc:105) Processed 7700 utterances; for utterance p287_210 avg. like is -94.4469 over 365 frames.
LOG (gmm-acc-stats-ali:main():gmm-acc-stats-ali.cc:105) Processed 7750 utterances; for utterance p287_270 avg. like is -93.0539 over 318 frames.
LOG (gmm-acc-stats-ali:main():gmm-acc-stats-ali.cc:105) Processed 7800 utterances; for utterance p287_332 avg. like is -88.5777 over 212 frames.
LOG (gmm-acc-stats-ali:main():gmm-acc-stats-ali.cc:105) Processed 7850 utterances; for utterance p287_391 avg. like is -84.3466 over 267 frames.
LOG (gmm-acc-stats-ali:main():gmm-acc-stats-ali.cc:105) Processed 7900 utterances; for utterance p288_028 avg. like is -99.338 over 382 frames.
LOG (gmm-acc-stats-ali:main():gmm-acc-stats-ali.cc:105) Processed 7950 utterances; for utterance p288_098 avg. like is -91.3449 over 288 frames.
LOG (gmm-acc-stats-ali:main():gmm-acc-stats-ali.cc:105) Processed 8000 utterances; for utterance p288_167 avg. like is -90.3534 over 237 frames.
LOG (gmm-acc-stats-ali:main():gmm-acc-stats-ali.cc:105) Processed 8050 utterances; for utterance p288_231 avg. like is -86.4435 over 259 frames.
LOG (gmm-acc-stats-ali:main():gmm-acc-stats-ali.cc:105) Processed 8100 utterances; for utterance p288_291 avg. like is -90.919 over 310 frames.
LOG (gmm-acc-stats-ali:main():gmm-acc-stats-ali.cc:105) Processed 8150 utterances; for utterance p288_348 avg. like is -96.5206 over 442 frames.
LOG (gmm-acc-stats-ali:main():gmm-acc-stats-ali.cc:105) Processed 8200 utterances; for utterance p288_404 avg. like is -97.6337 over 446 frames.
LOG (gmm-acc-stats-ali:main():gmm-acc-stats-ali.cc:105) Processed 8250 utterances; for utterance p292_071 avg. like is -92.9833 over 335 frames.
LOG (gmm-acc-stats-ali:main():gmm-acc-stats-ali.cc:105) Processed 8300 utterances; for utterance p292_129 avg. like is -88.0887 over 344 frames.
LOG (gmm-acc-stats-ali:main():gmm-acc-stats-ali.cc:105) Processed 8350 utterances; for utterance p292_196 avg. like is -92.8494 over 339 frames.
LOG (gmm-acc-stats-ali:main():gmm-acc-stats-ali.cc:105) Processed 8400 utterances; for utterance p292_261 avg. like is -86.1321 over 259 frames.
LOG (gmm-acc-stats-ali:main():gmm-acc-stats-ali.cc:105) Processed 8450 utterances; for utterance p292_316 avg. like is -82.6424 over 276 frames.
LOG (gmm-acc-stats-ali:main():gmm-acc-stats-ali.cc:105) Processed 8500 utterances; for utterance p292_379 avg. like is -88.4899 over 314 frames.
LOG (gmm-acc-stats-ali:main():gmm-acc-stats-ali.cc:105) Processed 8550 utterances; for utterance p293_019 avg. like is -91.2188 over 1022 frames.
LOG (gmm-acc-stats-ali:main():gmm-acc-stats-ali.cc:105) Processed 8600 utterances; for utterance p293_088 avg. like is -86.4657 over 387 frames.
LOG (gmm-acc-stats-ali:main():gmm-acc-stats-ali.cc:105) Processed 8650 utterances; for utterance p293_148 avg. like is -81.822 over 510 frames.
LOG (gmm-acc-stats-ali:main():gmm-acc-stats-ali.cc:105) Processed 8700 utterances; for utterance p293_209 avg. like is -90.8313 over 353 frames.
LOG (gmm-acc-stats-ali:main():gmm-acc-stats-ali.cc:105) Processed 8750 utterances; for utterance p293_268 avg. like is -84.5216 over 344 frames.
LOG (gmm-acc-stats-ali:main():gmm-acc-stats-ali.cc:105) Processed 8800 utterances; for utterance p293_335 avg. like is -77.8932 over 480 frames.
LOG (gmm-acc-stats-ali:main():gmm-acc-stats-ali.cc:105) Processed 8850 utterances; for utterance p293_399 avg. like is -87.4352 over 374 frames.
LOG (gmm-acc-stats-ali:main():gmm-acc-stats-ali.cc:105) Processed 8900 utterances; for utterance p294_073 avg. like is -90.8363 over 361 frames.
LOG (gmm-acc-stats-ali:main():gmm-acc-stats-ali.cc:105) Processed 8950 utterances; for utterance p294_137 avg. like is -95.3079 over 370 frames.
LOG (gmm-acc-stats-ali:main():gmm-acc-stats-ali.cc:105) Processed 9000 utterances; for utterance p294_197 avg. like is -94.1433 over 288 frames.
LOG (gmm-acc-stats-ali:main():gmm-acc-stats-ali.cc:105) Processed 9050 utterances; for utterance p294_258 avg. like is -91.0211 over 318 frames.
LOG (gmm-acc-stats-ali:main():gmm-acc-stats-ali.cc:105) Processed 9100 utterances; for utterance p294_321 avg. like is -86.5832 over 301 frames.
LOG (gmm-acc-stats-ali:main():gmm-acc-stats-ali.cc:105) Processed 9150 utterances; for utterance p294_377 avg. like is -90.4409 over 344 frames.
LOG (gmm-acc-stats-ali:main():gmm-acc-stats-ali.cc:105) Processed 9200 utterances; for utterance p295_017 avg. like is -88.5989 over 463 frames.
WARNING (gmm-acc-stats-ali:main():gmm-acc-stats-ali.cc:79) No alignment for utterance p295_047
LOG (gmm-acc-stats-ali:main():gmm-acc-stats-ali.cc:105) Processed 9250 utterances; for utterance p295_081 avg. like is -92.3741 over 395 frames.
LOG (gmm-acc-stats-ali:main():gmm-acc-stats-ali.cc:105) Processed 9300 utterances; for utterance p295_145 avg. like is -95.0889 over 323 frames.
LOG (gmm-acc-stats-ali:main():gmm-acc-stats-ali.cc:105) Processed 9350 utterances; for utterance p295_210 avg. like is -90.4438 over 382 frames.
LOG (gmm-acc-stats-ali:main():gmm-acc-stats-ali.cc:105) Processed 9400 utterances; for utterance p295_267 avg. like is -98.1688 over 284 frames.
LOG (gmm-acc-stats-ali:main():gmm-acc-stats-ali.cc:105) Processed 9450 utterances; for utterance p295_331 avg. like is -91.8464 over 310 frames.
WARNING (gmm-acc-stats-ali:main():gmm-acc-stats-ali.cc:79) No alignment for utterance p295_334
LOG (gmm-acc-stats-ali:main():gmm-acc-stats-ali.cc:105) Processed 9500 utterances; for utterance p295_393 avg. like is -93.9922 over 391 frames.
LOG (gmm-acc-stats-ali:main():gmm-acc-stats-ali.cc:105) Processed 9550 utterances; for utterance p297_037 avg. like is -88.5612 over 382 frames.
LOG (gmm-acc-stats-ali:main():gmm-acc-stats-ali.cc:105) Processed 9600 utterances; for utterance p297_103 avg. like is -86.1561 over 352 frames.
LOG (gmm-acc-stats-ali:main():gmm-acc-stats-ali.cc:105) Processed 9650 utterances; for utterance p297_164 avg. like is -85.6318 over 331 frames.
LOG (gmm-acc-stats-ali:main():gmm-acc-stats-ali.cc:105) Processed 9700 utterances; for utterance p297_229 avg. like is -85.9622 over 391 frames.
LOG (gmm-acc-stats-ali:main():gmm-acc-stats-ali.cc:105) Processed 9750 utterances; for utterance p297_298 avg. like is -88.3218 over 352 frames.
LOG (gmm-acc-stats-ali:main():gmm-acc-stats-ali.cc:105) Processed 9800 utterances; for utterance p297_357 avg. like is -87.4714 over 322 frames.
LOG (gmm-acc-stats-ali:main():gmm-acc-stats-ali.cc:105) Processed 9850 utterances; for utterance p297_419 avg. like is -95.0558 over 348 frames.
LOG (gmm-acc-stats-ali:main():gmm-acc-stats-ali.cc:105) Processed 9900 utterances; for utterance p298_058 avg. like is -86.8086 over 476 frames.
LOG (gmm-acc-stats-ali:main():gmm-acc-stats-ali.cc:105) Processed 9950 utterances; for utterance p298_114 avg. like is -75.0959 over 369 frames.
LOG (gmm-acc-stats-ali:main():gmm-acc-stats-ali.cc:105) Processed 10000 utterances; for utterance p298_182 avg. like is -90.2398 over 318 frames.
LOG (gmm-acc-stats-ali:main():gmm-acc-stats-ali.cc:105) Processed 10050 utterances; for utterance p298_246 avg. like is -91.0453 over 280 frames.
LOG (gmm-acc-stats-ali:main():gmm-acc-stats-ali.cc:105) Processed 10100 utterances; for utterance p298_307 avg. like is -89.3641 over 447 frames.
LOG (gmm-acc-stats-ali:main():gmm-acc-stats-ali.cc:105) Processed 10150 utterances; for utterance p298_368 avg. like is -78.5336 over 600 frames.
LOG (gmm-acc-stats-ali:main():gmm-acc-stats-ali.cc:105) Processed 10200 utterances; for utterance p299_026 avg. like is -92.4467 over 374 frames.
LOG (gmm-acc-stats-ali:main():gmm-acc-stats-ali.cc:105) Processed 10250 utterances; for utterance p299_085 avg. like is -91.3709 over 339 frames.
LOG (gmm-acc-stats-ali:main():gmm-acc-stats-ali.cc:105) Processed 10300 utterances; for utterance p299_149 avg. like is -95.9958 over 386 frames.
LOG (gmm-acc-stats-ali:main():gmm-acc-stats-ali.cc:105) Processed 10350 utterances; for utterance p299_214 avg. like is -92.8384 over 348 frames.
LOG (gmm-acc-stats-ali:main():gmm-acc-stats-ali.cc:105) Processed 10400 utterances; for utterance p299_276 avg. like is -92.5804 over 276 frames.
LOG (gmm-acc-stats-ali:main():gmm-acc-stats-ali.cc:105) Processed 10450 utterances; for utterance p299_344 avg. like is -96.8447 over 344 frames.
LOG (gmm-acc-stats-ali:main():gmm-acc-stats-ali.cc:105) Processed 10500 utterances; for utterance p299_403 avg. like is -92.1032 over 357 frames.
LOG (gmm-acc-stats-ali:main():gmm-acc-stats-ali.cc:105) Processed 10550 utterances; for utterance p300_058 avg. like is -98.8264 over 557 frames.
LOG (gmm-acc-stats-ali:main():gmm-acc-stats-ali.cc:105) Processed 10600 utterances; for utterance p300_123 avg. like is -91.0673 over 404 frames.
LOG (gmm-acc-stats-ali:main():gmm-acc-stats-ali.cc:105) Processed 10650 utterances; for utterance p300_186 avg. like is -89.2165 over 395 frames.
LOG (gmm-acc-stats-ali:main():gmm-acc-stats-ali.cc:105) Processed 10700 utterances; for utterance p300_250 avg. like is -90.4496 over 472 frames.
LOG (gmm-acc-stats-ali:main():gmm-acc-stats-ali.cc:105) Processed 10750 utterances; for utterance p300_309 avg. like is -90.0392 over 429 frames.
LOG (gmm-acc-stats-ali:main():gmm-acc-stats-ali.cc:105) Processed 10800 utterances; for utterance p300_368 avg. like is -96.4384 over 365 frames.
LOG (gmm-acc-stats-ali:main():gmm-acc-stats-ali.cc:105) Processed 10850 utterances; for utterance p301_040 avg. like is -85.7352 over 480 frames.
LOG (gmm-acc-stats-ali:main():gmm-acc-stats-ali.cc:105) Processed 10900 utterances; for utterance p301_100 avg. like is -88.7673 over 425 frames.
LOG (gmm-acc-stats-ali:main():gmm-acc-stats-ali.cc:105) Processed 10950 utterances; for utterance p301_164 avg. like is -85.8535 over 476 frames.
LOG (gmm-acc-stats-ali:main():gmm-acc-stats-ali.cc:105) Processed 11000 utterances; for utterance p301_223 avg. like is -84.4096 over 502 frames.
LOG (gmm-acc-stats-ali:main():gmm-acc-stats-ali.cc:105) Processed 11050 utterances; for utterance p301_286 avg. like is -89.6888 over 562 frames.
LOG (gmm-acc-stats-ali:main():gmm-acc-stats-ali.cc:105) Processed 11100 utterances; for utterance p301_347 avg. like is -87.2611 over 472 frames.
LOG (gmm-acc-stats-ali:main():gmm-acc-stats-ali.cc:105) Processed 11150 utterances; for utterance p302_001 avg. like is -94.9757 over 246 frames.
WARNING (gmm-acc-stats-ali:main():gmm-acc-stats-ali.cc:79) No alignment for utterance p302_013
LOG (gmm-acc-stats-ali:main():gmm-acc-stats-ali.cc:105) Processed 11200 utterances; for utterance p302_067 avg. like is -87.7844 over 404 frames.
LOG (gmm-acc-stats-ali:main():gmm-acc-stats-ali.cc:105) Processed 11250 utterances; for utterance p302_133 avg. like is -83.951 over 357 frames.
LOG (gmm-acc-stats-ali:main():gmm-acc-stats-ali.cc:105) Processed 11300 utterances; for utterance p302_199 avg. like is -88.8255 over 352 frames.
LOG (gmm-acc-stats-ali:main():gmm-acc-stats-ali.cc:105) Processed 11350 utterances; for utterance p302_262 avg. like is -90.1267 over 288 frames.
LOG (gmm-acc-stats-ali:main():gmm-acc-stats-ali.cc:105) Processed 11400 utterances; for utterance p303_004 avg. like is -88.3825 over 732 frames.
LOG (gmm-acc-stats-ali:main():gmm-acc-stats-ali.cc:105) Processed 11450 utterances; for utterance p303_066 avg. like is -92.0428 over 511 frames.
LOG (gmm-acc-stats-ali:main():gmm-acc-stats-ali.cc:105) Processed 11500 utterances; for utterance p303_130 avg. like is -91.6466 over 489 frames.
LOG (gmm-acc-stats-ali:main():gmm-acc-stats-ali.cc:105) Processed 11550 utterances; for utterance p303_190 avg. like is -89.8492 over 690 frames.
LOG (gmm-acc-stats-ali:main():gmm-acc-stats-ali.cc:105) Processed 11600 utterances; for utterance p303_249 avg. like is -90.8553 over 323 frames.
LOG (gmm-acc-stats-ali:main():gmm-acc-stats-ali.cc:105) Processed 11650 utterances; for utterance p303_315 avg. like is -85.0007 over 391 frames.
LOG (apply-cmvn:main():apply-cmvn.cc:146) Applied cepstral mean normalization to 11688 utterances, errors on 0
LOG (gmm-acc-stats-ali:main():gmm-acc-stats-ali.cc:112) Done 11679 files, 9 with errors.
LOG (gmm-acc-stats-ali:main():gmm-acc-stats-ali.cc:115) Overall avg like per frame (Gaussian only) = -91.7942 over 4247546 frames.
LOG (gmm-acc-stats-ali:main():gmm-acc-stats-ali.cc:123) Written accs.
# Accounting: time=36 threads=1
# Ended (code 0) at Fri Mar 10 23:13:59 CST 2017, elapsed time 36 seconds
