# gmm-acc-stats-ali exp/mono/3.mdl "ark,s,cs:apply-cmvn  --utt2spk=ark:audio/train/split3/1/utt2spk scp:audio/train/split3/1/cmvn.scp scp:audio/train/split3/1/feats.scp ark:- | add-deltas ark:- ark:- |" "ark:gunzip -c exp/mono/ali.1.gz|" exp/mono/3.1.acc 
# Started at Fri Mar 10 22:31:47 CST 2017
#
gmm-acc-stats-ali exp/mono/3.mdl 'ark,s,cs:apply-cmvn  --utt2spk=ark:audio/train/split3/1/utt2spk scp:audio/train/split3/1/cmvn.scp scp:audio/train/split3/1/feats.scp ark:- | add-deltas ark:- ark:- |' 'ark:gunzip -c exp/mono/ali.1.gz|' exp/mono/3.1.acc 
apply-cmvn --utt2spk=ark:audio/train/split3/1/utt2spk scp:audio/train/split3/1/cmvn.scp scp:audio/train/split3/1/feats.scp ark:- 
add-deltas ark:- ark:- 
LOG (gmm-acc-stats-ali:main():gmm-acc-stats-ali.cc:105) Processed 50 utterances; for utterance p225_082 avg. like is -100.634 over 438 frames.
LOG (gmm-acc-stats-ali:main():gmm-acc-stats-ali.cc:105) Processed 100 utterances; for utterance p225_199 avg. like is -87.518 over 246 frames.
LOG (gmm-acc-stats-ali:main():gmm-acc-stats-ali.cc:105) Processed 150 utterances; for utterance p225_305 avg. like is -92.7059 over 353 frames.
LOG (gmm-acc-stats-ali:main():gmm-acc-stats-ali.cc:105) Processed 200 utterances; for utterance p226_020 avg. like is -94.5131 over 527 frames.
LOG (gmm-acc-stats-ali:main():gmm-acc-stats-ali.cc:105) Processed 250 utterances; for utterance p226_084 avg. like is -95.8206 over 553 frames.
LOG (gmm-acc-stats-ali:main():gmm-acc-stats-ali.cc:105) Processed 300 utterances; for utterance p226_152 avg. like is -99.7669 over 455 frames.
LOG (gmm-acc-stats-ali:main():gmm-acc-stats-ali.cc:105) Processed 350 utterances; for utterance p226_215 avg. like is -90.2619 over 348 frames.
LOG (gmm-acc-stats-ali:main():gmm-acc-stats-ali.cc:105) Processed 400 utterances; for utterance p226_284 avg. like is -93.9044 over 532 frames.
LOG (gmm-acc-stats-ali:main():gmm-acc-stats-ali.cc:105) Processed 450 utterances; for utterance p226_347 avg. like is -98.5163 over 446 frames.
LOG (gmm-acc-stats-ali:main():gmm-acc-stats-ali.cc:105) Processed 500 utterances; for utterance p227_044 avg. like is -97.2843 over 211 frames.
LOG (gmm-acc-stats-ali:main():gmm-acc-stats-ali.cc:105) Processed 550 utterances; for utterance p227_110 avg. like is -95.5554 over 374 frames.
LOG (gmm-acc-stats-ali:main():gmm-acc-stats-ali.cc:105) Processed 600 utterances; for utterance p227_177 avg. like is -98.1025 over 514 frames.
LOG (gmm-acc-stats-ali:main():gmm-acc-stats-ali.cc:105) Processed 650 utterances; for utterance p227_244 avg. like is -99.0149 over 527 frames.
LOG (gmm-acc-stats-ali:main():gmm-acc-stats-ali.cc:105) Processed 700 utterances; for utterance p227_301 avg. like is -94.3522 over 254 frames.
LOG (gmm-acc-stats-ali:main():gmm-acc-stats-ali.cc:105) Processed 750 utterances; for utterance p227_368 avg. like is -98.5254 over 382 frames.
LOG (gmm-acc-stats-ali:main():gmm-acc-stats-ali.cc:105) Processed 800 utterances; for utterance p228_029 avg. like is -99.4855 over 305 frames.
LOG (gmm-acc-stats-ali:main():gmm-acc-stats-ali.cc:105) Processed 850 utterances; for utterance p228_095 avg. like is -96.2986 over 284 frames.
LOG (gmm-acc-stats-ali:main():gmm-acc-stats-ali.cc:105) Processed 900 utterances; for utterance p228_153 avg. like is -92.5118 over 288 frames.
LOG (gmm-acc-stats-ali:main():gmm-acc-stats-ali.cc:105) Processed 950 utterances; for utterance p228_220 avg. like is -91.3879 over 369 frames.
LOG (gmm-acc-stats-ali:main():gmm-acc-stats-ali.cc:105) Processed 1000 utterances; for utterance p228_279 avg. like is -92.6125 over 434 frames.
LOG (gmm-acc-stats-ali:main():gmm-acc-stats-ali.cc:105) Processed 1050 utterances; for utterance p228_346 avg. like is -85.2969 over 442 frames.
LOG (gmm-acc-stats-ali:main():gmm-acc-stats-ali.cc:105) Processed 1100 utterances; for utterance p229_037 avg. like is -102.396 over 370 frames.
LOG (gmm-acc-stats-ali:main():gmm-acc-stats-ali.cc:105) Processed 1150 utterances; for utterance p229_099 avg. like is -98.8076 over 339 frames.
LOG (gmm-acc-stats-ali:main():gmm-acc-stats-ali.cc:105) Processed 1200 utterances; for utterance p229_161 avg. like is -100.94 over 271 frames.
LOG (gmm-acc-stats-ali:main():gmm-acc-stats-ali.cc:105) Processed 1250 utterances; for utterance p229_231 avg. like is -94.37 over 208 frames.
LOG (gmm-acc-stats-ali:main():gmm-acc-stats-ali.cc:105) Processed 1300 utterances; for utterance p229_297 avg. like is -97.9702 over 267 frames.
LOG (gmm-acc-stats-ali:main():gmm-acc-stats-ali.cc:105) Processed 1350 utterances; for utterance p229_359 avg. like is -94.0301 over 288 frames.
LOG (gmm-acc-stats-ali:main():gmm-acc-stats-ali.cc:105) Processed 1400 utterances; for utterance p230_039 avg. like is -92.7124 over 361 frames.
LOG (gmm-acc-stats-ali:main():gmm-acc-stats-ali.cc:105) Processed 1450 utterances; for utterance p230_101 avg. like is -95.5584 over 356 frames.
LOG (gmm-acc-stats-ali:main():gmm-acc-stats-ali.cc:105) Processed 1500 utterances; for utterance p230_166 avg. like is -93.5308 over 339 frames.
LOG (gmm-acc-stats-ali:main():gmm-acc-stats-ali.cc:105) Processed 1550 utterances; for utterance p230_235 avg. like is -102.177 over 293 frames.
LOG (gmm-acc-stats-ali:main():gmm-acc-stats-ali.cc:105) Processed 1600 utterances; for utterance p230_298 avg. like is -93.3315 over 378 frames.
LOG (gmm-acc-stats-ali:main():gmm-acc-stats-ali.cc:105) Processed 1650 utterances; for utterance p230_363 avg. like is -94.2895 over 275 frames.
LOG (gmm-acc-stats-ali:main():gmm-acc-stats-ali.cc:105) Processed 1700 utterances; for utterance p231_010 avg. like is -107.293 over 263 frames.
WARNING (gmm-acc-stats-ali:main():gmm-acc-stats-ali.cc:79) No alignment for utterance p231_039
LOG (gmm-acc-stats-ali:main():gmm-acc-stats-ali.cc:105) Processed 1750 utterances; for utterance p231_070 avg. like is -100.728 over 246 frames.
LOG (gmm-acc-stats-ali:main():gmm-acc-stats-ali.cc:105) Processed 1800 utterances; for utterance p231_140 avg. like is -103.631 over 267 frames.
LOG (gmm-acc-stats-ali:main():gmm-acc-stats-ali.cc:105) Processed 1850 utterances; for utterance p231_200 avg. like is -99.4781 over 246 frames.
LOG (gmm-acc-stats-ali:main():gmm-acc-stats-ali.cc:105) Processed 1900 utterances; for utterance p231_260 avg. like is -98.1721 over 225 frames.
LOG (gmm-acc-stats-ali:main():gmm-acc-stats-ali.cc:105) Processed 1950 utterances; for utterance p231_332 avg. like is -99.6095 over 242 frames.
WARNING (gmm-acc-stats-ali:main():gmm-acc-stats-ali.cc:79) No alignment for utterance p231_359
LOG (gmm-acc-stats-ali:main():gmm-acc-stats-ali.cc:105) Processed 2000 utterances; for utterance p231_405 avg. like is -100.811 over 241 frames.
LOG (gmm-acc-stats-ali:main():gmm-acc-stats-ali.cc:105) Processed 2050 utterances; for utterance p231_472 avg. like is -99.2776 over 233 frames.
LOG (gmm-acc-stats-ali:main():gmm-acc-stats-ali.cc:105) Processed 2100 utterances; for utterance p232_061 avg. like is -104.082 over 404 frames.
LOG (gmm-acc-stats-ali:main():gmm-acc-stats-ali.cc:105) Processed 2150 utterances; for utterance p232_115 avg. like is -101.598 over 356 frames.
LOG (gmm-acc-stats-ali:main():gmm-acc-stats-ali.cc:105) Processed 2200 utterances; for utterance p232_176 avg. like is -104.99 over 327 frames.
LOG (gmm-acc-stats-ali:main():gmm-acc-stats-ali.cc:105) Processed 2250 utterances; for utterance p232_248 avg. like is -103.289 over 391 frames.
LOG (gmm-acc-stats-ali:main():gmm-acc-stats-ali.cc:105) Processed 2300 utterances; for utterance p232_313 avg. like is -103.418 over 259 frames.
LOG (gmm-acc-stats-ali:main():gmm-acc-stats-ali.cc:105) Processed 2350 utterances; for utterance p232_378 avg. like is -99.399 over 489 frames.
WARNING (gmm-acc-stats-ali:main():gmm-acc-stats-ali.cc:79) No alignment for utterance p232_415
LOG (gmm-acc-stats-ali:main():gmm-acc-stats-ali.cc:105) Processed 2400 utterances; for utterance p233_026 avg. like is -101.354 over 225 frames.
LOG (gmm-acc-stats-ali:main():gmm-acc-stats-ali.cc:105) Processed 2450 utterances; for utterance p233_091 avg. like is -100.865 over 438 frames.
LOG (gmm-acc-stats-ali:main():gmm-acc-stats-ali.cc:105) Processed 2500 utterances; for utterance p233_151 avg. like is -101.488 over 412 frames.
LOG (gmm-acc-stats-ali:main():gmm-acc-stats-ali.cc:105) Processed 2550 utterances; for utterance p233_220 avg. like is -98.1769 over 292 frames.
LOG (gmm-acc-stats-ali:main():gmm-acc-stats-ali.cc:105) Processed 2600 utterances; for utterance p233_283 avg. like is -98.8573 over 207 frames.
LOG (gmm-acc-stats-ali:main():gmm-acc-stats-ali.cc:105) Processed 2650 utterances; for utterance p233_356 avg. like is -96.1898 over 352 frames.
LOG (gmm-acc-stats-ali:main():gmm-acc-stats-ali.cc:105) Processed 2700 utterances; for utterance p234_035 avg. like is -99.641 over 306 frames.
LOG (gmm-acc-stats-ali:main():gmm-acc-stats-ali.cc:105) Processed 2750 utterances; for utterance p234_097 avg. like is -103.482 over 408 frames.
LOG (gmm-acc-stats-ali:main():gmm-acc-stats-ali.cc:105) Processed 2800 utterances; for utterance p234_165 avg. like is -98.7416 over 220 frames.
LOG (gmm-acc-stats-ali:main():gmm-acc-stats-ali.cc:105) Processed 2850 utterances; for utterance p234_221 avg. like is -101.569 over 357 frames.
LOG (gmm-acc-stats-ali:main():gmm-acc-stats-ali.cc:105) Processed 2900 utterances; for utterance p234_288 avg. like is -98.7575 over 284 frames.
LOG (gmm-acc-stats-ali:main():gmm-acc-stats-ali.cc:105) Processed 2950 utterances; for utterance p234_346 avg. like is -101.61 over 331 frames.
LOG (gmm-acc-stats-ali:main():gmm-acc-stats-ali.cc:105) Processed 3000 utterances; for utterance p236_050 avg. like is -96.2413 over 216 frames.
LOG (gmm-acc-stats-ali:main():gmm-acc-stats-ali.cc:105) Processed 3050 utterances; for utterance p236_118 avg. like is -104.868 over 241 frames.
LOG (gmm-acc-stats-ali:main():gmm-acc-stats-ali.cc:105) Processed 3100 utterances; for utterance p236_186 avg. like is -101.736 over 275 frames.
LOG (gmm-acc-stats-ali:main():gmm-acc-stats-ali.cc:105) Processed 3150 utterances; for utterance p236_243 avg. like is -100.791 over 254 frames.
LOG (gmm-acc-stats-ali:main():gmm-acc-stats-ali.cc:105) Processed 3200 utterances; for utterance p236_306 avg. like is -102.203 over 267 frames.
LOG (gmm-acc-stats-ali:main():gmm-acc-stats-ali.cc:105) Processed 3250 utterances; for utterance p236_379 avg. like is -100.829 over 246 frames.
LOG (gmm-acc-stats-ali:main():gmm-acc-stats-ali.cc:105) Processed 3300 utterances; for utterance p236_439 avg. like is -105.361 over 271 frames.
LOG (gmm-acc-stats-ali:main():gmm-acc-stats-ali.cc:105) Processed 3350 utterances; for utterance p236_496 avg. like is -96.7939 over 220 frames.
LOG (gmm-acc-stats-ali:main():gmm-acc-stats-ali.cc:105) Processed 3400 utterances; for utterance p237_053 avg. like is -85.8624 over 310 frames.
LOG (gmm-acc-stats-ali:main():gmm-acc-stats-ali.cc:105) Processed 3450 utterances; for utterance p237_121 avg. like is -99.0279 over 348 frames.
LOG (gmm-acc-stats-ali:main():gmm-acc-stats-ali.cc:105) Processed 3500 utterances; for utterance p237_184 avg. like is -84.806 over 284 frames.
LOG (gmm-acc-stats-ali:main():gmm-acc-stats-ali.cc:105) Processed 3550 utterances; for utterance p237_247 avg. like is -87.0931 over 344 frames.
LOG (gmm-acc-stats-ali:main():gmm-acc-stats-ali.cc:105) Processed 3600 utterances; for utterance p237_312 avg. like is -95.4172 over 553 frames.
LOG (gmm-acc-stats-ali:main():gmm-acc-stats-ali.cc:105) Processed 3650 utterances; for utterance p238_029 avg. like is -109.545 over 472 frames.
LOG (gmm-acc-stats-ali:main():gmm-acc-stats-ali.cc:105) Processed 3700 utterances; for utterance p238_088 avg. like is -101.783 over 344 frames.
LOG (gmm-acc-stats-ali:main():gmm-acc-stats-ali.cc:105) Processed 3750 utterances; for utterance p238_152 avg. like is -101.734 over 485 frames.
LOG (gmm-acc-stats-ali:main():gmm-acc-stats-ali.cc:105) Processed 3800 utterances; for utterance p238_225 avg. like is -103.362 over 374 frames.
LOG (gmm-acc-stats-ali:main():gmm-acc-stats-ali.cc:105) Processed 3850 utterances; for utterance p238_288 avg. like is -99.3612 over 284 frames.
LOG (gmm-acc-stats-ali:main():gmm-acc-stats-ali.cc:105) Processed 3900 utterances; for utterance p238_351 avg. like is -104.124 over 267 frames.
LOG (gmm-acc-stats-ali:main():gmm-acc-stats-ali.cc:105) Processed 3950 utterances; for utterance p238_415 avg. like is -98.329 over 412 frames.
WARNING (gmm-acc-stats-ali:main():gmm-acc-stats-ali.cc:79) No alignment for utterance p239_007
LOG (gmm-acc-stats-ali:main():gmm-acc-stats-ali.cc:105) Processed 4000 utterances; for utterance p239_012 avg. like is -97.9418 over 468 frames.
LOG (gmm-acc-stats-ali:main():gmm-acc-stats-ali.cc:105) Processed 4050 utterances; for utterance p239_071 avg. like is -93.0813 over 297 frames.
LOG (gmm-acc-stats-ali:main():gmm-acc-stats-ali.cc:105) Processed 4100 utterances; for utterance p239_134 avg. like is -100.297 over 374 frames.
LOG (gmm-acc-stats-ali:main():gmm-acc-stats-ali.cc:105) Processed 4150 utterances; for utterance p239_206 avg. like is -96.6884 over 276 frames.
WARNING (gmm-acc-stats-ali:main():gmm-acc-stats-ali.cc:79) No alignment for utterance p239_211
LOG (gmm-acc-stats-ali:main():gmm-acc-stats-ali.cc:105) Processed 4200 utterances; for utterance p239_272 avg. like is -102.509 over 246 frames.
LOG (gmm-acc-stats-ali:main():gmm-acc-stats-ali.cc:105) Processed 4250 utterances; for utterance p239_334 avg. like is -97.898 over 246 frames.
WARNING (gmm-acc-stats-ali:main():gmm-acc-stats-ali.cc:79) No alignment for utterance p239_336
LOG (gmm-acc-stats-ali:main():gmm-acc-stats-ali.cc:105) Processed 4300 utterances; for utterance p239_395 avg. like is -104.244 over 263 frames.
LOG (gmm-acc-stats-ali:main():gmm-acc-stats-ali.cc:105) Processed 4350 utterances; for utterance p239_456 avg. like is -93.9613 over 233 frames.
LOG (gmm-acc-stats-ali:main():gmm-acc-stats-ali.cc:105) Processed 4400 utterances; for utterance p240_012 avg. like is -106.599 over 476 frames.
LOG (gmm-acc-stats-ali:main():gmm-acc-stats-ali.cc:105) Processed 4450 utterances; for utterance p240_072 avg. like is -102.257 over 327 frames.
LOG (gmm-acc-stats-ali:main():gmm-acc-stats-ali.cc:105) Processed 4500 utterances; for utterance p240_136 avg. like is -102.001 over 306 frames.
LOG (gmm-acc-stats-ali:main():gmm-acc-stats-ali.cc:105) Processed 4550 utterances; for utterance p240_200 avg. like is -94.2674 over 301 frames.
LOG (gmm-acc-stats-ali:main():gmm-acc-stats-ali.cc:105) Processed 4600 utterances; for utterance p240_258 avg. like is -102.494 over 472 frames.
LOG (gmm-acc-stats-ali:main():gmm-acc-stats-ali.cc:105) Processed 4650 utterances; for utterance p240_322 avg. like is -103.67 over 335 frames.
LOG (gmm-acc-stats-ali:main():gmm-acc-stats-ali.cc:105) Processed 4700 utterances; for utterance p241_014 avg. like is -103.118 over 515 frames.
LOG (gmm-acc-stats-ali:main():gmm-acc-stats-ali.cc:105) Processed 4750 utterances; for utterance p241_089 avg. like is -96.1036 over 297 frames.
LOG (gmm-acc-stats-ali:main():gmm-acc-stats-ali.cc:105) Processed 4800 utterances; for utterance p241_149 avg. like is -92.9761 over 408 frames.
LOG (gmm-acc-stats-ali:main():gmm-acc-stats-ali.cc:105) Processed 4850 utterances; for utterance p241_217 avg. like is -101.524 over 472 frames.
LOG (gmm-acc-stats-ali:main():gmm-acc-stats-ali.cc:105) Processed 4900 utterances; for utterance p241_281 avg. like is -100.767 over 429 frames.
LOG (gmm-acc-stats-ali:main():gmm-acc-stats-ali.cc:105) Processed 4950 utterances; for utterance p241_345 avg. like is -96.452 over 378 frames.
LOG (gmm-acc-stats-ali:main():gmm-acc-stats-ali.cc:105) Processed 5000 utterances; for utterance p243_032 avg. like is -102.183 over 433 frames.
LOG (gmm-acc-stats-ali:main():gmm-acc-stats-ali.cc:105) Processed 5050 utterances; for utterance p243_095 avg. like is -100.777 over 357 frames.
LOG (gmm-acc-stats-ali:main():gmm-acc-stats-ali.cc:105) Processed 5100 utterances; for utterance p243_157 avg. like is -101.969 over 335 frames.
LOG (gmm-acc-stats-ali:main():gmm-acc-stats-ali.cc:105) Processed 5150 utterances; for utterance p243_222 avg. like is -101.968 over 352 frames.
LOG (gmm-acc-stats-ali:main():gmm-acc-stats-ali.cc:105) Processed 5200 utterances; for utterance p243_286 avg. like is -106.552 over 468 frames.
LOG (gmm-acc-stats-ali:main():gmm-acc-stats-ali.cc:105) Processed 5250 utterances; for utterance p243_348 avg. like is -97.1896 over 369 frames.
LOG (gmm-acc-stats-ali:main():gmm-acc-stats-ali.cc:105) Processed 5300 utterances; for utterance p244_017 avg. like is -99.1626 over 416 frames.
LOG (gmm-acc-stats-ali:main():gmm-acc-stats-ali.cc:105) Processed 5350 utterances; for utterance p244_085 avg. like is -100.987 over 229 frames.
LOG (gmm-acc-stats-ali:main():gmm-acc-stats-ali.cc:105) Processed 5400 utterances; for utterance p244_146 avg. like is -97.5229 over 429 frames.
LOG (gmm-acc-stats-ali:main():gmm-acc-stats-ali.cc:105) Processed 5450 utterances; for utterance p244_205 avg. like is -94.7654 over 327 frames.
LOG (gmm-acc-stats-ali:main():gmm-acc-stats-ali.cc:105) Processed 5500 utterances; for utterance p244_267 avg. like is -96.0841 over 327 frames.
LOG (gmm-acc-stats-ali:main():gmm-acc-stats-ali.cc:105) Processed 5550 utterances; for utterance p244_331 avg. like is -92.3504 over 284 frames.
LOG (gmm-acc-stats-ali:main():gmm-acc-stats-ali.cc:105) Processed 5600 utterances; for utterance p244_396 avg. like is -101.355 over 353 frames.
LOG (gmm-acc-stats-ali:main():gmm-acc-stats-ali.cc:105) Processed 5650 utterances; for utterance p245_038 avg. like is -89.8547 over 233 frames.
LOG (gmm-acc-stats-ali:main():gmm-acc-stats-ali.cc:105) Processed 5700 utterances; for utterance p245_101 avg. like is -89.259 over 455 frames.
LOG (gmm-acc-stats-ali:main():gmm-acc-stats-ali.cc:105) Processed 5750 utterances; for utterance p245_167 avg. like is -95.935 over 374 frames.
LOG (gmm-acc-stats-ali:main():gmm-acc-stats-ali.cc:105) Processed 5800 utterances; for utterance p245_227 avg. like is -95.9714 over 365 frames.
LOG (gmm-acc-stats-ali:main():gmm-acc-stats-ali.cc:105) Processed 5850 utterances; for utterance p245_288 avg. like is -91.2174 over 263 frames.
LOG (gmm-acc-stats-ali:main():gmm-acc-stats-ali.cc:105) Processed 5900 utterances; for utterance p245_353 avg. like is -93.6398 over 382 frames.
WARNING (gmm-acc-stats-ali:main():gmm-acc-stats-ali.cc:79) No alignment for utterance p246_024
LOG (gmm-acc-stats-ali:main():gmm-acc-stats-ali.cc:105) Processed 5950 utterances; for utterance p246_063 avg. like is -99.558 over 199 frames.
LOG (gmm-acc-stats-ali:main():gmm-acc-stats-ali.cc:105) Processed 6000 utterances; for utterance p246_119 avg. like is -104.293 over 455 frames.
LOG (gmm-acc-stats-ali:main():gmm-acc-stats-ali.cc:105) Processed 6050 utterances; for utterance p246_187 avg. like is -99.3867 over 463 frames.
LOG (gmm-acc-stats-ali:main():gmm-acc-stats-ali.cc:105) Processed 6100 utterances; for utterance p246_249 avg. like is -102.747 over 463 frames.
LOG (gmm-acc-stats-ali:main():gmm-acc-stats-ali.cc:105) Processed 6150 utterances; for utterance p246_310 avg. like is -97.8884 over 250 frames.
LOG (gmm-acc-stats-ali:main():gmm-acc-stats-ali.cc:105) Processed 6200 utterances; for utterance p247_012 avg. like is -99.7507 over 510 frames.
LOG (gmm-acc-stats-ali:main():gmm-acc-stats-ali.cc:105) Processed 6250 utterances; for utterance p247_072 avg. like is -92.938 over 306 frames.
LOG (gmm-acc-stats-ali:main():gmm-acc-stats-ali.cc:105) Processed 6300 utterances; for utterance p247_141 avg. like is -93.1835 over 361 frames.
LOG (gmm-acc-stats-ali:main():gmm-acc-stats-ali.cc:105) Processed 6350 utterances; for utterance p247_203 avg. like is -99.2488 over 280 frames.
LOG (gmm-acc-stats-ali:main():gmm-acc-stats-ali.cc:105) Processed 6400 utterances; for utterance p247_269 avg. like is -93.6914 over 276 frames.
LOG (gmm-acc-stats-ali:main():gmm-acc-stats-ali.cc:105) Processed 6450 utterances; for utterance p247_329 avg. like is -101.283 over 335 frames.
LOG (gmm-acc-stats-ali:main():gmm-acc-stats-ali.cc:105) Processed 6500 utterances; for utterance p247_390 avg. like is -99.4554 over 361 frames.
LOG (gmm-acc-stats-ali:main():gmm-acc-stats-ali.cc:105) Processed 6550 utterances; for utterance p247_447 avg. like is -87.0799 over 327 frames.
LOG (gmm-acc-stats-ali:main():gmm-acc-stats-ali.cc:105) Processed 6600 utterances; for utterance p248_031 avg. like is -105.153 over 395 frames.
LOG (gmm-acc-stats-ali:main():gmm-acc-stats-ali.cc:105) Processed 6650 utterances; for utterance p248_090 avg. like is -105.103 over 387 frames.
LOG (gmm-acc-stats-ali:main():gmm-acc-stats-ali.cc:105) Processed 6700 utterances; for utterance p248_152 avg. like is -103.649 over 395 frames.
LOG (gmm-acc-stats-ali:main():gmm-acc-stats-ali.cc:105) Processed 6750 utterances; for utterance p248_218 avg. like is -104.978 over 506 frames.
LOG (gmm-acc-stats-ali:main():gmm-acc-stats-ali.cc:105) Processed 6800 utterances; for utterance p248_290 avg. like is -98.6163 over 263 frames.
LOG (gmm-acc-stats-ali:main():gmm-acc-stats-ali.cc:105) Processed 6850 utterances; for utterance p248_352 avg. like is -97.4732 over 242 frames.
LOG (gmm-acc-stats-ali:main():gmm-acc-stats-ali.cc:105) Processed 6900 utterances; for utterance p249_041 avg. like is -95.742 over 182 frames.
LOG (gmm-acc-stats-ali:main():gmm-acc-stats-ali.cc:105) Processed 6950 utterances; for utterance p249_106 avg. like is -102.866 over 502 frames.
LOG (gmm-acc-stats-ali:main():gmm-acc-stats-ali.cc:105) Processed 7000 utterances; for utterance p249_174 avg. like is -90.5527 over 344 frames.
LOG (gmm-acc-stats-ali:main():gmm-acc-stats-ali.cc:105) Processed 7050 utterances; for utterance p249_240 avg. like is -94.9287 over 344 frames.
LOG (gmm-acc-stats-ali:main():gmm-acc-stats-ali.cc:105) Processed 7100 utterances; for utterance p249_305 avg. like is -89.9284 over 728 frames.
LOG (gmm-acc-stats-ali:main():gmm-acc-stats-ali.cc:105) Processed 7150 utterances; for utterance p250_014 avg. like is -108.03 over 438 frames.
LOG (gmm-acc-stats-ali:main():gmm-acc-stats-ali.cc:105) Processed 7200 utterances; for utterance p250_084 avg. like is -109.58 over 301 frames.
LOG (gmm-acc-stats-ali:main():gmm-acc-stats-ali.cc:105) Processed 7250 utterances; for utterance p250_150 avg. like is -99.4579 over 280 frames.
LOG (gmm-acc-stats-ali:main():gmm-acc-stats-ali.cc:105) Processed 7300 utterances; for utterance p250_212 avg. like is -103.123 over 203 frames.
LOG (gmm-acc-stats-ali:main():gmm-acc-stats-ali.cc:105) Processed 7350 utterances; for utterance p250_282 avg. like is -99.9457 over 216 frames.
LOG (gmm-acc-stats-ali:main():gmm-acc-stats-ali.cc:105) Processed 7400 utterances; for utterance p250_346 avg. like is -102.229 over 216 frames.
WARNING (gmm-acc-stats-ali:main():gmm-acc-stats-ali.cc:79) No alignment for utterance p250_353
LOG (gmm-acc-stats-ali:main():gmm-acc-stats-ali.cc:105) Processed 7450 utterances; for utterance p250_410 avg. like is -102.577 over 280 frames.
LOG (gmm-acc-stats-ali:main():gmm-acc-stats-ali.cc:105) Processed 7500 utterances; for utterance p250_466 avg. like is -99.9947 over 250 frames.
LOG (gmm-acc-stats-ali:main():gmm-acc-stats-ali.cc:105) Processed 7550 utterances; for utterance p251_036 avg. like is -93.2013 over 237 frames.
LOG (gmm-acc-stats-ali:main():gmm-acc-stats-ali.cc:105) Processed 7600 utterances; for utterance p251_098 avg. like is -96.5429 over 293 frames.
LOG (gmm-acc-stats-ali:main():gmm-acc-stats-ali.cc:105) Processed 7650 utterances; for utterance p251_173 avg. like is -102.883 over 263 frames.
LOG (gmm-acc-stats-ali:main():gmm-acc-stats-ali.cc:105) Processed 7700 utterances; for utterance p251_235 avg. like is -100.334 over 254 frames.
LOG (gmm-acc-stats-ali:main():gmm-acc-stats-ali.cc:105) Processed 7750 utterances; for utterance p251_294 avg. like is -97.5056 over 207 frames.
LOG (gmm-acc-stats-ali:main():gmm-acc-stats-ali.cc:105) Processed 7800 utterances; for utterance p251_359 avg. like is -95.1754 over 267 frames.
LOG (gmm-acc-stats-ali:main():gmm-acc-stats-ali.cc:105) Processed 7850 utterances; for utterance p252_052 avg. like is -95.6883 over 536 frames.
LOG (gmm-acc-stats-ali:main():gmm-acc-stats-ali.cc:105) Processed 7900 utterances; for utterance p252_123 avg. like is -90.4137 over 327 frames.
LOG (gmm-acc-stats-ali:main():gmm-acc-stats-ali.cc:105) Processed 7950 utterances; for utterance p252_187 avg. like is -78.6232 over 800 frames.
LOG (gmm-acc-stats-ali:main():gmm-acc-stats-ali.cc:105) Processed 8000 utterances; for utterance p252_252 avg. like is -89.7302 over 792 frames.
LOG (gmm-acc-stats-ali:main():gmm-acc-stats-ali.cc:105) Processed 8050 utterances; for utterance p252_317 avg. like is -89.7673 over 536 frames.
LOG (gmm-acc-stats-ali:main():gmm-acc-stats-ali.cc:105) Processed 8100 utterances; for utterance p252_376 avg. like is -78.9833 over 817 frames.
LOG (gmm-acc-stats-ali:main():gmm-acc-stats-ali.cc:105) Processed 8150 utterances; for utterance p253_030 avg. like is -89.4685 over 255 frames.
LOG (gmm-acc-stats-ali:main():gmm-acc-stats-ali.cc:105) Processed 8200 utterances; for utterance p253_092 avg. like is -99.8913 over 212 frames.
LOG (gmm-acc-stats-ali:main():gmm-acc-stats-ali.cc:105) Processed 8250 utterances; for utterance p253_153 avg. like is -97.1496 over 263 frames.
LOG (gmm-acc-stats-ali:main():gmm-acc-stats-ali.cc:105) Processed 8300 utterances; for utterance p253_224 avg. like is -98.1115 over 280 frames.
LOG (gmm-acc-stats-ali:main():gmm-acc-stats-ali.cc:105) Processed 8350 utterances; for utterance p253_292 avg. like is -97.6681 over 242 frames.
LOG (gmm-acc-stats-ali:main():gmm-acc-stats-ali.cc:105) Processed 8400 utterances; for utterance p253_365 avg. like is -100.155 over 361 frames.
LOG (gmm-acc-stats-ali:main():gmm-acc-stats-ali.cc:105) Processed 8450 utterances; for utterance p254_026 avg. like is -96.6457 over 156 frames.
LOG (gmm-acc-stats-ali:main():gmm-acc-stats-ali.cc:105) Processed 8500 utterances; for utterance p254_095 avg. like is -99.432 over 267 frames.
LOG (gmm-acc-stats-ali:main():gmm-acc-stats-ali.cc:105) Processed 8550 utterances; for utterance p254_156 avg. like is -99.8314 over 400 frames.
LOG (gmm-acc-stats-ali:main():gmm-acc-stats-ali.cc:105) Processed 8600 utterances; for utterance p254_220 avg. like is -101.653 over 288 frames.
LOG (gmm-acc-stats-ali:main():gmm-acc-stats-ali.cc:105) Processed 8650 utterances; for utterance p254_280 avg. like is -95.2084 over 203 frames.
LOG (gmm-acc-stats-ali:main():gmm-acc-stats-ali.cc:105) Processed 8700 utterances; for utterance p254_348 avg. like is -103.068 over 472 frames.
LOG (gmm-acc-stats-ali:main():gmm-acc-stats-ali.cc:105) Processed 8750 utterances; for utterance p255_007 avg. like is -102.971 over 455 frames.
LOG (gmm-acc-stats-ali:main():gmm-acc-stats-ali.cc:105) Processed 8800 utterances; for utterance p255_073 avg. like is -95.8021 over 284 frames.
LOG (gmm-acc-stats-ali:main():gmm-acc-stats-ali.cc:105) Processed 8850 utterances; for utterance p255_135 avg. like is -96.5244 over 301 frames.
LOG (gmm-acc-stats-ali:main():gmm-acc-stats-ali.cc:105) Processed 8900 utterances; for utterance p255_199 avg. like is -97.7128 over 335 frames.
LOG (gmm-acc-stats-ali:main():gmm-acc-stats-ali.cc:105) Processed 8950 utterances; for utterance p255_259 avg. like is -98.4969 over 404 frames.
LOG (gmm-acc-stats-ali:main():gmm-acc-stats-ali.cc:105) Processed 9000 utterances; for utterance p255_324 avg. like is -98.4099 over 250 frames.
LOG (gmm-acc-stats-ali:main():gmm-acc-stats-ali.cc:105) Processed 9050 utterances; for utterance p256_002 avg. like is -96.4556 over 450 frames.
LOG (gmm-acc-stats-ali:main():gmm-acc-stats-ali.cc:105) Processed 9100 utterances; for utterance p256_065 avg. like is -87.0178 over 408 frames.
LOG (gmm-acc-stats-ali:main():gmm-acc-stats-ali.cc:105) Processed 9150 utterances; for utterance p256_125 avg. like is -92.2442 over 685 frames.
LOG (gmm-acc-stats-ali:main():gmm-acc-stats-ali.cc:105) Processed 9200 utterances; for utterance p256_189 avg. like is -87.9594 over 370 frames.
LOG (gmm-acc-stats-ali:main():gmm-acc-stats-ali.cc:105) Processed 9250 utterances; for utterance p256_252 avg. like is -91.0097 over 498 frames.
LOG (gmm-acc-stats-ali:main():gmm-acc-stats-ali.cc:105) Processed 9300 utterances; for utterance p256_317 avg. like is -90.1785 over 340 frames.
LOG (gmm-acc-stats-ali:main():gmm-acc-stats-ali.cc:105) Processed 9350 utterances; for utterance p257_064 avg. like is -102.178 over 220 frames.
LOG (gmm-acc-stats-ali:main():gmm-acc-stats-ali.cc:105) Processed 9400 utterances; for utterance p257_127 avg. like is -98.0489 over 370 frames.
LOG (gmm-acc-stats-ali:main():gmm-acc-stats-ali.cc:105) Processed 9450 utterances; for utterance p257_187 avg. like is -97.9764 over 177 frames.
LOG (gmm-acc-stats-ali:main():gmm-acc-stats-ali.cc:105) Processed 9500 utterances; for utterance p257_251 avg. like is -101.519 over 348 frames.
LOG (gmm-acc-stats-ali:main():gmm-acc-stats-ali.cc:105) Processed 9550 utterances; for utterance p257_306 avg. like is -98.172 over 165 frames.
LOG (gmm-acc-stats-ali:main():gmm-acc-stats-ali.cc:105) Processed 9600 utterances; for utterance p257_373 avg. like is -98.4462 over 139 frames.
LOG (gmm-acc-stats-ali:main():gmm-acc-stats-ali.cc:105) Processed 9650 utterances; for utterance p257_434 avg. like is -96.6947 over 211 frames.
LOG (gmm-acc-stats-ali:main():gmm-acc-stats-ali.cc:105) Processed 9700 utterances; for utterance p258_071 avg. like is -100.378 over 203 frames.
LOG (gmm-acc-stats-ali:main():gmm-acc-stats-ali.cc:105) Processed 9750 utterances; for utterance p258_136 avg. like is -109.614 over 314 frames.
LOG (gmm-acc-stats-ali:main():gmm-acc-stats-ali.cc:105) Processed 9800 utterances; for utterance p258_194 avg. like is -100.312 over 220 frames.
LOG (gmm-acc-stats-ali:main():gmm-acc-stats-ali.cc:105) Processed 9850 utterances; for utterance p258_255 avg. like is -102.543 over 442 frames.
LOG (gmm-acc-stats-ali:main():gmm-acc-stats-ali.cc:105) Processed 9900 utterances; for utterance p258_315 avg. like is -99.1862 over 203 frames.
LOG (gmm-acc-stats-ali:main():gmm-acc-stats-ali.cc:105) Processed 9950 utterances; for utterance p258_377 avg. like is -95.3055 over 310 frames.
LOG (gmm-acc-stats-ali:main():gmm-acc-stats-ali.cc:105) Processed 10000 utterances; for utterance p259_027 avg. like is -103.197 over 433 frames.
LOG (gmm-acc-stats-ali:main():gmm-acc-stats-ali.cc:105) Processed 10050 utterances; for utterance p259_087 avg. like is -90.6426 over 327 frames.
LOG (gmm-acc-stats-ali:main():gmm-acc-stats-ali.cc:105) Processed 10100 utterances; for utterance p259_149 avg. like is -101.735 over 391 frames.
LOG (gmm-acc-stats-ali:main():gmm-acc-stats-ali.cc:105) Processed 10150 utterances; for utterance p259_208 avg. like is -102.635 over 233 frames.
LOG (gmm-acc-stats-ali:main():gmm-acc-stats-ali.cc:105) Processed 10200 utterances; for utterance p259_267 avg. like is -97.1418 over 314 frames.
LOG (gmm-acc-stats-ali:main():gmm-acc-stats-ali.cc:105) Processed 10250 utterances; for utterance p259_331 avg. like is -88.5197 over 207 frames.
LOG (gmm-acc-stats-ali:main():gmm-acc-stats-ali.cc:105) Processed 10300 utterances; for utterance p259_396 avg. like is -95.4905 over 280 frames.
LOG (gmm-acc-stats-ali:main():gmm-acc-stats-ali.cc:105) Processed 10350 utterances; for utterance p259_458 avg. like is -102.012 over 510 frames.
LOG (gmm-acc-stats-ali:main():gmm-acc-stats-ali.cc:105) Processed 10400 utterances; for utterance p260_044 avg. like is -98.0208 over 459 frames.
LOG (gmm-acc-stats-ali:main():gmm-acc-stats-ali.cc:105) Processed 10450 utterances; for utterance p260_108 avg. like is -104.39 over 536 frames.
LOG (gmm-acc-stats-ali:main():gmm-acc-stats-ali.cc:105) Processed 10500 utterances; for utterance p260_168 avg. like is -98.9835 over 271 frames.
LOG (gmm-acc-stats-ali:main():gmm-acc-stats-ali.cc:105) Processed 10550 utterances; for utterance p260_230 avg. like is -100.617 over 455 frames.
LOG (gmm-acc-stats-ali:main():gmm-acc-stats-ali.cc:105) Processed 10600 utterances; for utterance p260_294 avg. like is -87.7669 over 258 frames.
LOG (gmm-acc-stats-ali:main():gmm-acc-stats-ali.cc:105) Processed 10650 utterances; for utterance p261_002 avg. like is -100.986 over 395 frames.
LOG (gmm-acc-stats-ali:main():gmm-acc-stats-ali.cc:105) Processed 10700 utterances; for utterance p261_059 avg. like is -102.814 over 216 frames.
LOG (gmm-acc-stats-ali:main():gmm-acc-stats-ali.cc:105) Processed 10750 utterances; for utterance p261_124 avg. like is -103.156 over 233 frames.
LOG (gmm-acc-stats-ali:main():gmm-acc-stats-ali.cc:105) Processed 10800 utterances; for utterance p261_198 avg. like is -98.4937 over 237 frames.
LOG (gmm-acc-stats-ali:main():gmm-acc-stats-ali.cc:105) Processed 10850 utterances; for utterance p261_257 avg. like is -99.2635 over 361 frames.
LOG (gmm-acc-stats-ali:main():gmm-acc-stats-ali.cc:105) Processed 10900 utterances; for utterance p261_320 avg. like is -105.503 over 284 frames.
LOG (gmm-acc-stats-ali:main():gmm-acc-stats-ali.cc:105) Processed 10950 utterances; for utterance p261_377 avg. like is -93.1323 over 228 frames.
LOG (gmm-acc-stats-ali:main():gmm-acc-stats-ali.cc:105) Processed 11000 utterances; for utterance p261_434 avg. like is -100.087 over 276 frames.
LOG (gmm-acc-stats-ali:main():gmm-acc-stats-ali.cc:105) Processed 11050 utterances; for utterance p262_026 avg. like is -103.428 over 528 frames.
LOG (gmm-acc-stats-ali:main():gmm-acc-stats-ali.cc:105) Processed 11100 utterances; for utterance p262_088 avg. like is -103.972 over 467 frames.
LOG (gmm-acc-stats-ali:main():gmm-acc-stats-ali.cc:105) Processed 11150 utterances; for utterance p262_148 avg. like is -99.0999 over 412 frames.
LOG (gmm-acc-stats-ali:main():gmm-acc-stats-ali.cc:105) Processed 11200 utterances; for utterance p262_207 avg. like is -92.889 over 254 frames.
LOG (gmm-acc-stats-ali:main():gmm-acc-stats-ali.cc:105) Processed 11250 utterances; for utterance p262_274 avg. like is -100.254 over 468 frames.
LOG (gmm-acc-stats-ali:main():gmm-acc-stats-ali.cc:105) Processed 11300 utterances; for utterance p262_332 avg. like is -98.0642 over 242 frames.
LOG (gmm-acc-stats-ali:main():gmm-acc-stats-ali.cc:105) Processed 11350 utterances; for utterance p263_008 avg. like is -103.053 over 711 frames.
LOG (gmm-acc-stats-ali:main():gmm-acc-stats-ali.cc:105) Processed 11400 utterances; for utterance p263_068 avg. like is -102.251 over 357 frames.
LOG (gmm-acc-stats-ali:main():gmm-acc-stats-ali.cc:105) Processed 11450 utterances; for utterance p263_132 avg. like is -98.1513 over 280 frames.
LOG (gmm-acc-stats-ali:main():gmm-acc-stats-ali.cc:105) Processed 11500 utterances; for utterance p263_195 avg. like is -102.415 over 289 frames.
LOG (gmm-acc-stats-ali:main():gmm-acc-stats-ali.cc:105) Processed 11550 utterances; for utterance p263_256 avg. like is -103.815 over 335 frames.
LOG (gmm-acc-stats-ali:main():gmm-acc-stats-ali.cc:105) Processed 11600 utterances; for utterance p263_320 avg. like is -102.878 over 267 frames.
LOG (gmm-acc-stats-ali:main():gmm-acc-stats-ali.cc:105) Processed 11650 utterances; for utterance p263_389 avg. like is -98.3579 over 267 frames.
LOG (gmm-acc-stats-ali:main():gmm-acc-stats-ali.cc:105) Processed 11700 utterances; for utterance p263_446 avg. like is -98.6561 over 254 frames.
LOG (apply-cmvn:main():apply-cmvn.cc:146) Applied cepstral mean normalization to 11727 utterances, errors on 0
LOG (gmm-acc-stats-ali:main():gmm-acc-stats-ali.cc:112) Done 11719 files, 8 with errors.
LOG (gmm-acc-stats-ali:main():gmm-acc-stats-ali.cc:115) Overall avg like per frame (Gaussian only) = -98.6081 over 4127983 frames.
LOG (gmm-acc-stats-ali:main():gmm-acc-stats-ali.cc:123) Written accs.
# Accounting: time=22 threads=1
# Ended (code 0) at Fri Mar 10 22:32:09 CST 2017, elapsed time 22 seconds
