# gmm-align-compiled --transition-scale=1.0 --acoustic-scale=0.1 --self-loop-scale=0.1 --beam=10 --retry-beam=40 --careful=false "gmm-boost-silence --boost=1.0 1 exp/mono/8.mdl - |" "ark:gunzip -c exp/mono/fsts.3.gz|" "ark,s,cs:apply-cmvn  --utt2spk=ark:audio/train/split3/3/utt2spk scp:audio/train/split3/3/cmvn.scp scp:audio/train/split3/3/feats.scp ark:- | add-deltas ark:- ark:- |" "ark,t:|gzip -c >exp/mono/ali.3.gz" 
# Started at Fri Mar 10 22:48:44 CST 2017
#
gmm-align-compiled --transition-scale=1.0 --acoustic-scale=0.1 --self-loop-scale=0.1 --beam=10 --retry-beam=40 --careful=false 'gmm-boost-silence --boost=1.0 1 exp/mono/8.mdl - |' 'ark:gunzip -c exp/mono/fsts.3.gz|' 'ark,s,cs:apply-cmvn  --utt2spk=ark:audio/train/split3/3/utt2spk scp:audio/train/split3/3/cmvn.scp scp:audio/train/split3/3/feats.scp ark:- | add-deltas ark:- ark:- |' 'ark,t:|gzip -c >exp/mono/ali.3.gz' 
gmm-boost-silence --boost=1.0 1 exp/mono/8.mdl - 
WARNING (gmm-boost-silence:main():gmm-boost-silence.cc:82) The pdfs for the silence phones may be shared by other phones (note: this probably does not matter.)
LOG (gmm-boost-silence:main():gmm-boost-silence.cc:93) Boosted weights for 5 pdfs, by factor of 1
LOG (gmm-boost-silence:main():gmm-boost-silence.cc:103) Wrote model to -
add-deltas ark:- ark:- 
apply-cmvn --utt2spk=ark:audio/train/split3/3/utt2spk scp:audio/train/split3/3/cmvn.scp scp:audio/train/split3/3/feats.scp ark:- 
WARNING (gmm-align-compiled:AlignUtteranceWrapper():decoder-wrappers.cc:466) Retrying utterance p304_150 with beam 40
WARNING (gmm-align-compiled:AlignUtteranceWrapper():decoder-wrappers.cc:466) Retrying utterance p306_140 with beam 40
WARNING (gmm-align-compiled:AlignUtteranceWrapper():decoder-wrappers.cc:475) Did not successfully decode file p306_140, len = 131
WARNING (gmm-align-compiled:AlignUtteranceWrapper():decoder-wrappers.cc:466) Retrying utterance p306_148 with beam 40
WARNING (gmm-align-compiled:AlignUtteranceWrapper():decoder-wrappers.cc:475) Did not successfully decode file p306_148, len = 195
WARNING (gmm-align-compiled:AlignUtteranceWrapper():decoder-wrappers.cc:466) Retrying utterance p306_150 with beam 40
WARNING (gmm-align-compiled:AlignUtteranceWrapper():decoder-wrappers.cc:466) Retrying utterance p306_151 with beam 40
WARNING (gmm-align-compiled:AlignUtteranceWrapper():decoder-wrappers.cc:475) Did not successfully decode file p306_151, len = 84
WARNING (gmm-align-compiled:AlignUtteranceWrapper():decoder-wrappers.cc:466) Retrying utterance p306_154 with beam 40
WARNING (gmm-align-compiled:AlignUtteranceWrapper():decoder-wrappers.cc:466) Retrying utterance p306_207 with beam 40
WARNING (gmm-align-compiled:AlignUtteranceWrapper():decoder-wrappers.cc:466) Retrying utterance p306_235 with beam 40
WARNING (gmm-align-compiled:AlignUtteranceWrapper():decoder-wrappers.cc:475) Did not successfully decode file p306_235, len = 173
WARNING (gmm-align-compiled:AlignUtteranceWrapper():decoder-wrappers.cc:466) Retrying utterance p307_030 with beam 40
WARNING (gmm-align-compiled:AlignUtteranceWrapper():decoder-wrappers.cc:466) Retrying utterance p307_323 with beam 40
WARNING (gmm-align-compiled:AlignUtteranceWrapper():decoder-wrappers.cc:466) Retrying utterance p308_019 with beam 40
WARNING (gmm-align-compiled:AlignUtteranceWrapper():decoder-wrappers.cc:466) Retrying utterance p308_317 with beam 40
WARNING (gmm-align-compiled:AlignUtteranceWrapper():decoder-wrappers.cc:466) Retrying utterance p308_360 with beam 40
WARNING (gmm-align-compiled:AlignUtteranceWrapper():decoder-wrappers.cc:466) Retrying utterance p308_423 with beam 40
WARNING (gmm-align-compiled:AlignUtteranceWrapper():decoder-wrappers.cc:466) Retrying utterance p310_207 with beam 40
WARNING (gmm-align-compiled:AlignUtteranceWrapper():decoder-wrappers.cc:466) Retrying utterance p310_236 with beam 40
WARNING (gmm-align-compiled:AlignUtteranceWrapper():decoder-wrappers.cc:466) Retrying utterance p311_019 with beam 40
WARNING (gmm-align-compiled:AlignUtteranceWrapper():decoder-wrappers.cc:466) Retrying utterance p311_085 with beam 40
WARNING (gmm-align-compiled:AlignUtteranceWrapper():decoder-wrappers.cc:466) Retrying utterance p311_421 with beam 40
WARNING (gmm-align-compiled:AlignUtteranceWrapper():decoder-wrappers.cc:466) Retrying utterance p312_038 with beam 40
WARNING (gmm-align-compiled:AlignUtteranceWrapper():decoder-wrappers.cc:466) Retrying utterance p312_231 with beam 40
WARNING (gmm-align-compiled:AlignUtteranceWrapper():decoder-wrappers.cc:466) Retrying utterance p313_019 with beam 40
WARNING (gmm-align-compiled:AlignUtteranceWrapper():decoder-wrappers.cc:466) Retrying utterance p313_166 with beam 40
WARNING (gmm-align-compiled:AlignUtteranceWrapper():decoder-wrappers.cc:466) Retrying utterance p313_268 with beam 40
WARNING (gmm-align-compiled:AlignUtteranceWrapper():decoder-wrappers.cc:466) Retrying utterance p313_326 with beam 40
WARNING (gmm-align-compiled:AlignUtteranceWrapper():decoder-wrappers.cc:466) Retrying utterance p313_354 with beam 40
WARNING (gmm-align-compiled:AlignUtteranceWrapper():decoder-wrappers.cc:466) Retrying utterance p313_356 with beam 40
WARNING (gmm-align-compiled:AlignUtteranceWrapper():decoder-wrappers.cc:466) Retrying utterance p313_369 with beam 40
WARNING (gmm-align-compiled:AlignUtteranceWrapper():decoder-wrappers.cc:466) Retrying utterance p313_421 with beam 40
WARNING (gmm-align-compiled:AlignUtteranceWrapper():decoder-wrappers.cc:466) Retrying utterance p316_188 with beam 40
WARNING (gmm-align-compiled:AlignUtteranceWrapper():decoder-wrappers.cc:466) Retrying utterance p316_233 with beam 40
WARNING (gmm-align-compiled:AlignUtteranceWrapper():decoder-wrappers.cc:466) Retrying utterance p317_024 with beam 40
WARNING (gmm-align-compiled:AlignUtteranceWrapper():decoder-wrappers.cc:466) Retrying utterance p317_424 with beam 40
WARNING (gmm-align-compiled:AlignUtteranceWrapper():decoder-wrappers.cc:475) Did not successfully decode file p317_424, len = 7
WARNING (gmm-align-compiled:AlignUtteranceWrapper():decoder-wrappers.cc:466) Retrying utterance p323_424 with beam 40
WARNING (gmm-align-compiled:AlignUtteranceWrapper():decoder-wrappers.cc:475) Did not successfully decode file p323_424, len = 58
WARNING (gmm-align-compiled:AlignUtteranceWrapper():decoder-wrappers.cc:466) Retrying utterance p326_095 with beam 40
WARNING (gmm-align-compiled:AlignUtteranceWrapper():decoder-wrappers.cc:466) Retrying utterance p326_197 with beam 40
WARNING (gmm-align-compiled:AlignUtteranceWrapper():decoder-wrappers.cc:466) Retrying utterance p326_199 with beam 40
WARNING (gmm-align-compiled:AlignUtteranceWrapper():decoder-wrappers.cc:466) Retrying utterance p326_286 with beam 40
WARNING (gmm-align-compiled:AlignUtteranceWrapper():decoder-wrappers.cc:466) Retrying utterance p326_323 with beam 40
WARNING (gmm-align-compiled:AlignUtteranceWrapper():decoder-wrappers.cc:466) Retrying utterance p326_352 with beam 40
WARNING (gmm-align-compiled:AlignUtteranceWrapper():decoder-wrappers.cc:466) Retrying utterance p326_360 with beam 40
WARNING (gmm-align-compiled:AlignUtteranceWrapper():decoder-wrappers.cc:466) Retrying utterance p326_361 with beam 40
WARNING (gmm-align-compiled:AlignUtteranceWrapper():decoder-wrappers.cc:466) Retrying utterance p329_151 with beam 40
WARNING (gmm-align-compiled:AlignUtteranceWrapper():decoder-wrappers.cc:466) Retrying utterance p330_424 with beam 40
WARNING (gmm-align-compiled:AlignUtteranceWrapper():decoder-wrappers.cc:475) Did not successfully decode file p330_424, len = 237
WARNING (gmm-align-compiled:AlignUtteranceWrapper():decoder-wrappers.cc:466) Retrying utterance p333_036 with beam 40
WARNING (gmm-align-compiled:AlignUtteranceWrapper():decoder-wrappers.cc:466) Retrying utterance p333_343 with beam 40
WARNING (gmm-align-compiled:AlignUtteranceWrapper():decoder-wrappers.cc:466) Retrying utterance p334_185 with beam 40
WARNING (gmm-align-compiled:AlignUtteranceWrapper():decoder-wrappers.cc:466) Retrying utterance p334_356 with beam 40
WARNING (gmm-align-compiled:AlignUtteranceWrapper():decoder-wrappers.cc:466) Retrying utterance p336_084 with beam 40
WARNING (gmm-align-compiled:AlignUtteranceWrapper():decoder-wrappers.cc:466) Retrying utterance p339_059 with beam 40
WARNING (gmm-align-compiled:AlignUtteranceWrapper():decoder-wrappers.cc:466) Retrying utterance p339_298 with beam 40
WARNING (gmm-align-compiled:AlignUtteranceWrapper():decoder-wrappers.cc:466) Retrying utterance p340_060 with beam 40
WARNING (gmm-align-compiled:AlignUtteranceWrapper():decoder-wrappers.cc:466) Retrying utterance p340_262 with beam 40
WARNING (gmm-align-compiled:AlignUtteranceWrapper():decoder-wrappers.cc:466) Retrying utterance p340_332 with beam 40
WARNING (gmm-align-compiled:AlignUtteranceWrapper():decoder-wrappers.cc:466) Retrying utterance p345_266 with beam 40
WARNING (gmm-align-compiled:AlignUtteranceWrapper():decoder-wrappers.cc:475) Did not successfully decode file p345_266, len = 229
WARNING (gmm-align-compiled:AlignUtteranceWrapper():decoder-wrappers.cc:466) Retrying utterance p345_292 with beam 40
WARNING (gmm-align-compiled:AlignUtteranceWrapper():decoder-wrappers.cc:475) Did not successfully decode file p345_292, len = 732
WARNING (gmm-align-compiled:AlignUtteranceWrapper():decoder-wrappers.cc:466) Retrying utterance p345_321 with beam 40
WARNING (gmm-align-compiled:AlignUtteranceWrapper():decoder-wrappers.cc:475) Did not successfully decode file p345_321, len = 228
WARNING (gmm-align-compiled:AlignUtteranceWrapper():decoder-wrappers.cc:466) Retrying utterance p345_387 with beam 40
WARNING (gmm-align-compiled:AlignUtteranceWrapper():decoder-wrappers.cc:475) Did not successfully decode file p345_387, len = 7
WARNING (gmm-align-compiled:AlignUtteranceWrapper():decoder-wrappers.cc:466) Retrying utterance p345_388 with beam 40
WARNING (gmm-align-compiled:AlignUtteranceWrapper():decoder-wrappers.cc:475) Did not successfully decode file p345_388, len = 109
WARNING (gmm-align-compiled:AlignUtteranceWrapper():decoder-wrappers.cc:466) Retrying utterance p351_019 with beam 40
WARNING (gmm-align-compiled:AlignUtteranceWrapper():decoder-wrappers.cc:466) Retrying utterance p351_180 with beam 40
WARNING (gmm-align-compiled:AlignUtteranceWrapper():decoder-wrappers.cc:466) Retrying utterance p351_310 with beam 40
WARNING (gmm-align-compiled:AlignUtteranceWrapper():decoder-wrappers.cc:466) Retrying utterance p351_375 with beam 40
WARNING (gmm-align-compiled:AlignUtteranceWrapper():decoder-wrappers.cc:466) Retrying utterance p351_397 with beam 40
WARNING (gmm-align-compiled:AlignUtteranceWrapper():decoder-wrappers.cc:466) Retrying utterance p360_206 with beam 40
WARNING (gmm-align-compiled:AlignUtteranceWrapper():decoder-wrappers.cc:466) Retrying utterance p360_273 with beam 40
WARNING (gmm-align-compiled:AlignUtteranceWrapper():decoder-wrappers.cc:466) Retrying utterance p360_406 with beam 40
WARNING (gmm-align-compiled:AlignUtteranceWrapper():decoder-wrappers.cc:466) Retrying utterance p361_236 with beam 40
WARNING (gmm-align-compiled:AlignUtteranceWrapper():decoder-wrappers.cc:466) Retrying utterance p362_305 with beam 40
WARNING (gmm-align-compiled:AlignUtteranceWrapper():decoder-wrappers.cc:466) Retrying utterance p363_418 with beam 40
WARNING (gmm-align-compiled:AlignUtteranceWrapper():decoder-wrappers.cc:466) Retrying utterance p374_038 with beam 40
WARNING (gmm-align-compiled:AlignUtteranceWrapper():decoder-wrappers.cc:466) Retrying utterance p374_270 with beam 40
WARNING (gmm-align-compiled:AlignUtteranceWrapper():decoder-wrappers.cc:466) Retrying utterance p374_329 with beam 40
WARNING (gmm-align-compiled:AlignUtteranceWrapper():decoder-wrappers.cc:466) Retrying utterance p376_003 with beam 40
WARNING (gmm-align-compiled:AlignUtteranceWrapper():decoder-wrappers.cc:466) Retrying utterance p376_064 with beam 40
WARNING (gmm-align-compiled:AlignUtteranceWrapper():decoder-wrappers.cc:466) Retrying utterance p376_140 with beam 40
WARNING (gmm-align-compiled:AlignUtteranceWrapper():decoder-wrappers.cc:466) Retrying utterance p376_166 with beam 40
WARNING (gmm-align-compiled:AlignUtteranceWrapper():decoder-wrappers.cc:466) Retrying utterance p376_175 with beam 40
WARNING (gmm-align-compiled:AlignUtteranceWrapper():decoder-wrappers.cc:466) Retrying utterance p376_200 with beam 40
WARNING (gmm-align-compiled:AlignUtteranceWrapper():decoder-wrappers.cc:466) Retrying utterance p376_209 with beam 40
WARNING (gmm-align-compiled:AlignUtteranceWrapper():decoder-wrappers.cc:466) Retrying utterance p376_211 with beam 40
WARNING (gmm-align-compiled:AlignUtteranceWrapper():decoder-wrappers.cc:466) Retrying utterance p376_222 with beam 40
WARNING (gmm-align-compiled:AlignUtteranceWrapper():decoder-wrappers.cc:466) Retrying utterance p376_238 with beam 40
WARNING (gmm-align-compiled:AlignUtteranceWrapper():decoder-wrappers.cc:466) Retrying utterance p376_242 with beam 40
WARNING (gmm-align-compiled:AlignUtteranceWrapper():decoder-wrappers.cc:466) Retrying utterance p376_244 with beam 40
WARNING (gmm-align-compiled:AlignUtteranceWrapper():decoder-wrappers.cc:466) Retrying utterance p376_257 with beam 40
WARNING (gmm-align-compiled:AlignUtteranceWrapper():decoder-wrappers.cc:466) Retrying utterance p376_258 with beam 40
WARNING (gmm-align-compiled:AlignUtteranceWrapper():decoder-wrappers.cc:466) Retrying utterance p376_282 with beam 40
WARNING (gmm-align-compiled:AlignUtteranceWrapper():decoder-wrappers.cc:466) Retrying utterance p376_285 with beam 40
WARNING (gmm-align-compiled:AlignUtteranceWrapper():decoder-wrappers.cc:466) Retrying utterance p376_286 with beam 40
LOG (apply-cmvn:main():apply-cmvn.cc:146) Applied cepstral mean normalization to 11482 utterances, errors on 0
LOG (gmm-align-compiled:main():gmm-align-compiled.cc:129) Overall log-likelihood per frame is -93.0603 over 4049445 frames.
LOG (gmm-align-compiled:main():gmm-align-compiled.cc:131) Retried 90 out of 11482 utterances.
LOG (gmm-align-compiled:main():gmm-align-compiled.cc:133) Done 11470, errors on 12
# Accounting: time=236 threads=1
# Ended (code 0) at Fri Mar 10 22:52:40 CST 2017, elapsed time 236 seconds
