# compile-train-graphs --read-disambig-syms=data/lang/phones/disambig.int exp/mono/tree exp/mono/0.mdl data/lang/L.fst "ark:sym2int.pl --map-oov 4580 -f 2- data/lang/words.txt < audio/train/split3/2/text|" "ark:|gzip -c >exp/mono/fsts.2.gz" 
# Started at Fri Mar 10 21:49:59 CST 2017
#
compile-train-graphs --read-disambig-syms=data/lang/phones/disambig.int exp/mono/tree exp/mono/0.mdl data/lang/L.fst 'ark:sym2int.pl --map-oov 4580 -f 2- data/lang/words.txt < audio/train/split3/2/text|' 'ark:|gzip -c >exp/mono/fsts.2.gz' 
sym2int.pl: replacing MR with 4580
sym2int.pl: replacing MR with 4580
sym2int.pl: replacing HIBS with 4580
sym2int.pl: replacing BBC with 4580
sym2int.pl: replacing TV with 4580
sym2int.pl: replacing MR with 4580
sym2int.pl: replacing MR with 4580
sym2int.pl: replacing MR with 4580
sym2int.pl: replacing MR with 4580
sym2int.pl: replacing BLUNKETT with 4580
sym2int.pl: replacing SCREENPLAY with 4580
sym2int.pl: replacing GM with 4580
sym2int.pl: replacing MP with 4580
sym2int.pl: replacing MR with 4580
sym2int.pl: replacing MR with 4580
sym2int.pl: replacing MR with 4580
sym2int.pl: replacing HEADTEACHER with 4580
sym2int.pl: replacing HEADTEACHER with 4580
sym2int.pl: replacing MR with 4580
sym2int.pl: replacing SADDAM with 4580
sym2int.pl: not warning for OOVs any more times
** Replaced 381 instances of OOVs with 4580
LOG (compile-train-graphs:main():compile-train-graphs.cc:145) compile-train-graphs: succeeded for 11688 graphs, failed for 0
# Accounting: time=108 threads=1
# Ended (code 0) at Fri Mar 10 21:51:47 CST 2017, elapsed time 108 seconds
